
[2019-06-13 14:22:41] UTN FRA LOGGER.INFO: metodo=GET, URI=http%3A%2F%2Flocalhost%2FFull-API-REST-Skeleton%2Fpublic, RUTA=cd, autoridad=localhost [] {"uid":"cbdaafa"}
[2019-06-13 14:22:41] UTN FRA LOGGER.INFO: Slim-Skeleton '/' route [] {"uid":"cbdaafa"}
[2019-06-13 14:23:14] UTN FRA LOGGER.INFO: metodo=GET, URI=http%3A%2F%2Flocalhost%2FFull-API-REST-Skeleton%2Fpublic, RUTA=cd, autoridad=localhost [] {"uid":"51c39c8"}
[2019-06-13 14:23:14] UTN FRA LOGGER.INFO: Slim-Skeleton '/' route [] {"uid":"51c39c8"}
[2019-06-13 14:31:21] UTN FRA LOGGER.INFO: metodo=GET, URI=http%3A%2F%2Flocalhost%2FFull-API-REST-Skeleton%2Fpublic, RUTA=cd, autoridad=localhost [] {"uid":"8c0519b"}
[2019-06-13 14:31:21] UTN FRA LOGGER.INFO: Slim-Skeleton '/' route [] {"uid":"8c0519b"}
[2019-06-13 14:33:01] UTN FRA LOGGER.INFO: metodo=POST, URI=http%3A%2F%2Flocalhost%2FFull-API-REST-Skeleton%2Fpublic, RUTA=cd, autoridad=localhost [] {"uid":"0b2cd96"}
[2019-06-13 14:33:04] UTN FRA LOGGER.INFO: metodo=POST, URI=http%3A%2F%2Flocalhost%2FFull-API-REST-Skeleton%2Fpublic, RUTA=cd%2F, autoridad=localhost [] {"uid":"c6b9506"}
[2019-06-13 14:33:08] UTN FRA LOGGER.INFO: metodo=POST, URI=http%3A%2F%2Flocalhost%2FFull-API-REST-Skeleton%2Fpublic, RUTA=cd, autoridad=localhost [] {"uid":"be6a201"}
[2019-06-13 14:33:14] UTN FRA LOGGER.INFO: metodo=GET, URI=http%3A%2F%2Flocalhost%2FFull-API-REST-Skeleton%2Fpublic, RUTA=cd, autoridad=localhost [] {"uid":"c72b911"}
[2019-06-13 14:33:14] UTN FRA LOGGER.INFO: Slim-Skeleton '/' route [] {"uid":"c72b911"}
[2019-06-13 14:41:27] UTN FRA LOGGER.INFO: metodo=GET, URI=http%3A%2F%2Flocalhost%2FFull-API-REST-Skeleton%2Fpublic, RUTA=cd, autoridad=localhost [] {"uid":"a176d8c"}
[2019-06-13 14:41:27] UTN FRA LOGGER.INFO: Slim-Skeleton '/' route [] {"uid":"a176d8c"}
[2019-06-13 14:46:20] UTN FRA LOGGER.INFO: metodo=GET, URI=http%3A%2F%2Flocalhost%2FFull-API-REST-Skeleton%2Fpublic, RUTA=cd, autoridad=localhost [] {"uid":"ee35737"}
[2019-06-13 14:46:20] UTN FRA LOGGER.INFO: Slim-Skeleton '/' route [] {"uid":"ee35737"}
[2019-06-13 14:48:37] UTN FRA LOGGER.INFO: metodo=GET, URI=http%3A%2F%2Flocalhost%2FFull-API-REST-Skeleton%2Fpublic, RUTA=cd, autoridad=localhost [] {"uid":"abec998"}
[2019-06-13 14:48:37] UTN FRA LOGGER.INFO: Slim-Skeleton '/' route [] {"uid":"abec998"}
[2019-06-13 14:48:52] UTN FRA LOGGER.INFO: metodo=GET, URI=http%3A%2F%2Flocalhost%2FFull-API-REST-Skeleton%2Fpublic, RUTA=cd, autoridad=localhost [] {"uid":"8673393"}
[2019-06-13 14:48:52] UTN FRA LOGGER.INFO: Slim-Skeleton '/' route [] {"uid":"8673393"}
[2019-06-13 14:48:59] UTN FRA LOGGER.INFO: metodo=GET, URI=http%3A%2F%2Flocalhost%2FFull-API-REST-Skeleton%2Fpublic, RUTA=%2F, autoridad=localhost [] {"uid":"4ea4dca"}
[2019-06-13 14:48:59] UTN FRA LOGGER.INFO: Slim-Skeleton '/' route [] {"uid":"4ea4dca"}
[2019-06-13 14:50:13] UTN FRA LOGGER.INFO: metodo=GET, URI=http%3A%2F%2Flocalhost%2FFull-API-REST-Skeleton%2Fpublic, RUTA=cd, autoridad=localhost [] {"uid":"7226ecc"}
[2019-06-13 14:50:13] UTN FRA LOGGER.INFO: Slim-Skeleton '/' route [] {"uid":"7226ecc"}
[2019-06-13 14:51:49] UTN FRA LOGGER.INFO: metodo=GET, URI=http%3A%2F%2Flocalhost%2FFull-API-REST-Skeleton%2Fpublic, RUTA=cd, autoridad=localhost [] {"uid":"436b3d9"}
[2019-06-13 14:51:49] UTN FRA LOGGER.INFO: Slim-Skeleton '/' route [] {"uid":"436b3d9"}
[2019-06-13 14:52:04] UTN FRA LOGGER.INFO: metodo=GET, URI=http%3A%2F%2Flocalhost%2FFull-API-REST-Skeleton%2Fpublic, RUTA=cdsadsad, autoridad=localhost [] {"uid":"1d5953a"}
[2019-06-13 14:52:04] UTN FRA LOGGER.INFO: Slim-Skeleton '/' route [] {"uid":"1d5953a"}
[2019-06-13 14:52:24] UTN FRA LOGGER.INFO: metodo=GET, URI=http%3A%2F%2Flocalhost%2FFull-API-REST-Skeleton%2Fpublic, RUTA=cdsadsad, autoridad=localhost [] {"uid":"e59d193"}
[2019-06-13 14:52:24] UTN FRA LOGGER.INFO: Slim-Skeleton '/' route [] {"uid":"e59d193"}
[2019-06-13 14:52:34] UTN FRA LOGGER.INFO: metodo=GET, URI=http%3A%2F%2Flocalhost%2FFull-API-REST-Skeleton%2Fpublic, RUTA=cddasasd, autoridad=localhost [] {"uid":"04a9747"}
[2019-06-13 14:52:34] UTN FRA LOGGER.INFO: Slim-Skeleton '/' route [] {"uid":"04a9747"}
[2019-06-13 14:54:41] UTN FRA LOGGER.INFO: metodo=GET, URI=http%3A%2F%2Flocalhost%2FFull-API-REST-Skeleton%2Fpublic, RUTA=cd, autoridad=localhost [] {"uid":"f107aba"}
[2019-06-13 14:54:41] UTN FRA LOGGER.INFO: Slim-Skeleton '/' route [] {"uid":"f107aba"}
[2019-06-13 15:40:36] UTN FRA LOGGER.INFO: metodo=GET, URI=http%3A%2F%2Flocalhost%2FFull-API-REST-Skeleton%2Fpublic, RUTA=cd, autoridad=localhost [] {"uid":"ef8c25a"}
[2019-06-13 15:40:36] UTN FRA LOGGER.INFO: Slim-Skeleton '/' route [] {"uid":"ef8c25a"}
[2019-06-13 15:40:42] UTN FRA LOGGER.INFO: metodo=GET, URI=http%3A%2F%2Flocalhost%2FFull-API-REST-Skeleton%2Fpublic, RUTA=JWT%2F, autoridad=localhost [] {"uid":"357fab5"}
[2019-06-13 15:41:29] UTN FRA LOGGER.INFO: metodo=GET, URI=http%3A%2F%2Flocalhost%2FFull-API-REST-Skeleton%2Fpublic, RUTA=JWT%2F, autoridad=localhost [] {"uid":"3f334b7"}
[2019-06-13 15:42:30] UTN FRA LOGGER.INFO: metodo=GET, URI=http%3A%2F%2Flocalhost%2FFull-API-REST-Skeleton%2Fpublic, RUTA=JWT%2F, autoridad=localhost [] {"uid":"f77f1dc"}
[2019-06-13 15:45:52] UTN FRA LOGGER.INFO: metodo=GET, URI=http%3A%2F%2Flocalhost%2FFull-API-REST-Skeleton%2Fpublic, RUTA=JWT%2F, autoridad=localhost [] {"uid":"ebede7d"}
[2019-06-13 15:46:48] UTN FRA LOGGER.INFO: metodo=GET, URI=http%3A%2F%2Flocalhost%2FFull-API-REST-Skeleton%2Fpublic, RUTA=JWT%2F, autoridad=localhost [] {"uid":"0ecbf97"}
[2019-06-13 15:46:49] UTN FRA LOGGER.INFO: metodo=GET, URI=http%3A%2F%2Flocalhost%2FFull-API-REST-Skeleton%2Fpublic, RUTA=JWT%2F, autoridad=localhost [] {"uid":"282c134"}
[2019-06-13 15:46:50] UTN FRA LOGGER.INFO: metodo=GET, URI=http%3A%2F%2Flocalhost%2FFull-API-REST-Skeleton%2Fpublic, RUTA=JWT%2F, autoridad=localhost [] {"uid":"3c95600"}
[2019-06-13 15:47:05] UTN FRA LOGGER.INFO: metodo=GET, URI=http%3A%2F%2Flocalhost%2FFull-API-REST-Skeleton%2Fpublic, RUTA=JWT%2F, autoridad=localhost [] {"uid":"c621b16"}
[2019-06-13 15:47:10] UTN FRA LOGGER.INFO: metodo=GET, URI=http%3A%2F%2Flocalhost%2FFull-API-REST-Skeleton%2Fpublic, RUTA=cd, autoridad=localhost [] {"uid":"bf6f035"}
[2019-06-13 15:47:10] UTN FRA LOGGER.INFO: Slim-Skeleton '/' route [] {"uid":"bf6f035"}
[2019-06-13 15:47:16] UTN FRA LOGGER.INFO: metodo=GET, URI=http%3A%2F%2Flocalhost%2FFull-API-REST-Skeleton%2Fpublic, RUTA=JWT%2F, autoridad=localhost [] {"uid":"cfac656"}
[2019-06-13 15:47:52] UTN FRA LOGGER.INFO: metodo=GET, URI=http%3A%2F%2Flocalhost%2FFull-API-REST-Skeleton%2Fpublic, RUTA=JWT%2F, autoridad=localhost [] {"uid":"e14969e"}
[2019-06-13 15:47:55] UTN FRA LOGGER.INFO: metodo=GET, URI=http%3A%2F%2Flocalhost%2FFull-API-REST-Skeleton%2Fpublic, RUTA=JWT, autoridad=localhost [] {"uid":"6b74752"}
[2019-06-13 15:47:55] UTN FRA LOGGER.INFO: Slim-Skeleton '/' route [] {"uid":"6b74752"}
[2019-06-13 15:48:12] UTN FRA LOGGER.INFO: metodo=GET, URI=http%3A%2F%2Flocalhost%2FFull-API-REST-Skeleton%2Fpublic, RUTA=JWT%2FcrearToken, autoridad=localhost [] {"uid":"4d4a878"}
[2019-06-13 15:48:15] UTN FRA LOGGER.INFO: metodo=GET, URI=http%3A%2F%2Flocalhost%2FFull-API-REST-Skeleton%2Fpublic, RUTA=JWT%2FcrearToken%2F, autoridad=localhost [] {"uid":"85c7bd2"}
[2019-06-13 15:50:55] UTN FRA LOGGER.INFO: metodo=GET, URI=http%3A%2F%2Flocalhost%2FFull-API-REST-Skeleton%2Fpublic, RUTA=JWT%2F, autoridad=localhost [] {"uid":"809f0d9"}
[2019-06-13 15:51:28] UTN FRA LOGGER.INFO: metodo=GET, URI=http%3A%2F%2Flocalhost%2FFull-API-REST-Skeleton%2Fpublic, RUTA=JWT%2FdevolverPayLoad, autoridad=localhost [] {"uid":"c4c1acb"}
[2019-06-13 15:51:33] UTN FRA LOGGER.INFO: metodo=GET, URI=http%3A%2F%2Flocalhost%2FFull-API-REST-Skeleton%2Fpublic, RUTA=JWT%2FdevolverPayLoad%2F, autoridad=localhost [] {"uid":"b2bb375"}
[2019-06-13 15:53:23] UTN FRA LOGGER.INFO: metodo=GET, URI=http%3A%2F%2Flocalhost%2FFull-API-REST-Skeleton%2Fpublic, RUTA=JWT%2FdevolverPayLoad%2F, autoridad=localhost [] {"uid":"4be0464"}
[2019-06-13 15:53:26] UTN FRA LOGGER.INFO: metodo=GET, URI=http%3A%2F%2Flocalhost%2FFull-API-REST-Skeleton%2Fpublic, RUTA=JWT%2FdevolverPayLoad%2F, autoridad=localhost [] {"uid":"d345f1e"}
[2019-06-13 15:54:00] UTN FRA LOGGER.INFO: metodo=GET, URI=http%3A%2F%2Flocalhost%2FFull-API-REST-Skeleton%2Fpublic, RUTA=JWT%2FdevolverPayLoad%2F, autoridad=localhost [] {"uid":"914db4e"}
[2019-06-13 15:54:01] UTN FRA LOGGER.INFO: metodo=GET, URI=http%3A%2F%2Flocalhost%2FFull-API-REST-Skeleton%2Fpublic, RUTA=JWT%2FdevolverPayLoad%2F, autoridad=localhost [] {"uid":"d8926fc"}
[2019-06-13 15:54:01] UTN FRA LOGGER.INFO: metodo=GET, URI=http%3A%2F%2Flocalhost%2FFull-API-REST-Skeleton%2Fpublic, RUTA=JWT%2FdevolverPayLoad%2F, autoridad=localhost [] {"uid":"e6913b2"}
[2019-06-13 15:54:01] UTN FRA LOGGER.INFO: metodo=GET, URI=http%3A%2F%2Flocalhost%2FFull-API-REST-Skeleton%2Fpublic, RUTA=JWT%2FdevolverPayLoad%2F, autoridad=localhost [] {"uid":"eb07b32"}
[2019-06-13 15:54:01] UTN FRA LOGGER.INFO: metodo=GET, URI=http%3A%2F%2Flocalhost%2FFull-API-REST-Skeleton%2Fpublic, RUTA=JWT%2FdevolverPayLoad%2F, autoridad=localhost [] {"uid":"5283686"}
[2019-06-13 15:54:02] UTN FRA LOGGER.INFO: metodo=GET, URI=http%3A%2F%2Flocalhost%2FFull-API-REST-Skeleton%2Fpublic, RUTA=JWT%2FdevolverPayLoad%2F, autoridad=localhost [] {"uid":"14a954e"}
[2019-06-13 15:54:02] UTN FRA LOGGER.INFO: metodo=GET, URI=http%3A%2F%2Flocalhost%2FFull-API-REST-Skeleton%2Fpublic, RUTA=JWT%2FdevolverPayLoad%2F, autoridad=localhost [] {"uid":"904e4eb"}
[2019-06-13 15:54:29] UTN FRA LOGGER.INFO: metodo=GET, URI=http%3A%2F%2Flocalhost%2FFull-API-REST-Skeleton%2Fpublic, RUTA=JWT%2FdevolverPayLoad%2F, autoridad=localhost [] {"uid":"6aa5ecf"}
[2019-06-13 15:54:53] UTN FRA LOGGER.INFO: metodo=GET, URI=http%3A%2F%2Flocalhost%2FFull-API-REST-Skeleton%2Fpublic, RUTA=JWT%2FdevolverPayLoad%2F, autoridad=localhost [] {"uid":"8a18527"}
[2019-06-13 16:14:20] UTN FRA LOGGER.INFO: metodo=GET, URI=http%3A%2F%2Flocalhost%2FFull-API-REST-Skeleton%2Fpublic, RUTA=JWT%2F, autoridad=localhost [] {"uid":"55a4605"}
[2019-06-13 16:14:25] UTN FRA LOGGER.INFO: metodo=POST, URI=http%3A%2F%2Flocalhost%2FFull-API-REST-Skeleton%2Fpublic, RUTA=JWT%2F, autoridad=localhost [] {"uid":"f981075"}
[2019-06-13 16:16:52] UTN FRA LOGGER.INFO: metodo=POST, URI=http%3A%2F%2Flocalhost%2FFull-API-REST-Skeleton%2Fpublic, RUTA=JWT%2F, autoridad=localhost [] {"uid":"46748bf"}
[2019-06-13 16:16:56] UTN FRA LOGGER.INFO: metodo=POST, URI=http%3A%2F%2Flocalhost%2FFull-API-REST-Skeleton%2Fpublic, RUTA=JWT%2F, autoridad=localhost [] {"uid":"0caf1e0"}
[2019-06-13 16:17:07] UTN FRA LOGGER.INFO: metodo=GET, URI=http%3A%2F%2Flocalhost%2FFull-API-REST-Skeleton%2Fpublic, RUTA=JWT%2F, autoridad=localhost [] {"uid":"6dd0ab4"}
[2019-06-13 16:19:09] UTN FRA LOGGER.INFO: metodo=GET, URI=http%3A%2F%2Flocalhost%2FFull-API-REST-Skeleton%2Fpublic, RUTA=JWT%2F, autoridad=localhost [] {"uid":"37dd024"}
[2019-06-13 16:19:58] UTN FRA LOGGER.INFO: metodo=GET, URI=http%3A%2F%2Flocalhost%2FFull-API-REST-Skeleton%2Fpublic, RUTA=JWT%2F, autoridad=localhost [] {"uid":"b69d6ce"}
[2019-06-13 16:20:00] UTN FRA LOGGER.INFO: metodo=GET, URI=http%3A%2F%2Flocalhost%2FFull-API-REST-Skeleton%2Fpublic, RUTA=JWT%2F, autoridad=localhost [] {"uid":"681fbe6"}
[2019-06-13 16:20:32] UTN FRA LOGGER.INFO: metodo=GET, URI=http%3A%2F%2Flocalhost%2FFull-API-REST-Skeleton%2Fpublic, RUTA=JWT%2F, autoridad=localhost [] {"uid":"1ef71a1"}
[2019-06-13 16:20:40] UTN FRA LOGGER.INFO: metodo=GET, URI=http%3A%2F%2Flocalhost%2FFull-API-REST-Skeleton%2Fpublic, RUTA=JWT%2F, autoridad=localhost [] {"uid":"9dfad57"}
[2019-11-16 15:34:25] UTN FRA LOGGER.INFO: metodo=GET, URI=http%3A%2F%2Flocalhost%2Fsp%2Fpublic, RUTA=JWT%2FcrearToken%2F, autoridad=localhost [] {"uid":"a18079b"}
[2019-11-16 16:02:46] UTN FRA LOGGER.INFO: metodo=GET, URI=http%3A%2F%2Flocalhost%2Fsp%2Fpublic, RUTA=usuario, autoridad=localhost [] {"uid":"f8b8108"}
[2019-11-16 16:03:31] UTN FRA LOGGER.INFO: metodo=GET, URI=http%3A%2F%2Flocalhost%2Fsp%2Fpublic, RUTA=usuario, autoridad=localhost [] {"uid":"c0a5970"}
[2019-11-16 16:04:58] UTN FRA LOGGER.INFO: metodo=GET, URI=http%3A%2F%2Flocalhost%2Fsp%2Fpublic, RUTA=usuario, autoridad=localhost [] {"uid":"72badd9"}
[2019-11-16 16:05:11] UTN FRA LOGGER.INFO: metodo=GET, URI=http%3A%2F%2Flocalhost%2Fsp%2Fpublic, RUTA=usuario%2F, autoridad=localhost [] {"uid":"76d1ef6"}
[2019-11-16 16:05:30] UTN FRA LOGGER.INFO: metodo=GET, URI=http%3A%2F%2Flocalhost%2Fsp%2Fpublic, RUTA=usuario%2F, autoridad=localhost [] {"uid":"651a2a6"}
[2019-11-16 16:11:03] UTN FRA LOGGER.INFO: metodo=GET, URI=http%3A%2F%2Flocalhost%2Fsp%2Fpublic, RUTA=usuario%2F, autoridad=localhost [] {"uid":"2d23e98"}
[2019-11-16 16:13:56] UTN FRA LOGGER.INFO: metodo=GET, URI=http%3A%2F%2Flocalhost%2Fsp%2Fpublic, RUTA=usuario, autoridad=localhost [] {"uid":"118a3ac"}
[2019-11-16 16:34:33] UTN FRA LOGGER.INFO: metodo=POST, URI=http%3A%2F%2Flocalhost%2Fsp%2Fpublic, RUTA=usuario%2F, autoridad=localhost [] {"uid":"ff3e778"}
[2019-11-16 16:35:20] UTN FRA LOGGER.INFO: metodo=POST, URI=http%3A%2F%2Flocalhost%2Fsp%2Fpublic, RUTA=usuario%2F, autoridad=localhost [] {"uid":"58fcaf3"}
[2019-11-16 16:35:52] UTN FRA LOGGER.INFO: metodo=POST, URI=http%3A%2F%2Flocalhost%2Fsp%2Fpublic, RUTA=usuario%2F, autoridad=localhost [] {"uid":"46e4f74"}
[2019-11-16 16:36:46] UTN FRA LOGGER.INFO: metodo=POST, URI=http%3A%2F%2Flocalhost%2Fsp%2Fpublic, RUTA=usuario%2F, autoridad=localhost [] {"uid":"84b62b2"}
[2019-11-16 16:39:00] UTN FRA LOGGER.INFO: metodo=POST, URI=http%3A%2F%2Flocalhost%2Fsp%2Fpublic, RUTA=usuario%2F, autoridad=localhost [] {"uid":"5f98595"}
[2019-11-16 16:40:58] UTN FRA LOGGER.INFO: metodo=POST, URI=http%3A%2F%2Flocalhost%2Fsp%2Fpublic, RUTA=usuario%2F, autoridad=localhost [] {"uid":"be681d8"}
[2019-11-16 16:43:48] UTN FRA LOGGER.INFO: metodo=GET, URI=http%3A%2F%2Flocalhost%2Fsp%2Fpublic, RUTA=usuario%2F, autoridad=localhost [] {"uid":"59d9892"}
[2019-11-16 16:46:04] UTN FRA LOGGER.INFO: metodo=GET, URI=http%3A%2F%2Flocalhost%2Fsp%2Fpublic, RUTA=usuario%2F, autoridad=localhost [] {"uid":"f9fc9a2"}
[2019-11-16 16:47:00] UTN FRA LOGGER.INFO: metodo=GET, URI=http%3A%2F%2Flocalhost%2Fsp%2Fpublic, RUTA=usuario%2F, autoridad=localhost [] {"uid":"5a61ada"}
[2019-11-16 16:50:14] UTN FRA LOGGER.INFO: metodo=GET, URI=http%3A%2F%2Flocalhost%2Fsp%2Fpublic, RUTA=usuario%2F, autoridad=localhost [] {"uid":"2387905"}
[2019-11-16 16:50:32] UTN FRA LOGGER.INFO: metodo=GET, URI=http%3A%2F%2Flocalhost%2Fsp%2Fpublic, RUTA=usuario%2F, autoridad=localhost [] {"uid":"8aa723b"}
[2019-11-16 16:51:25] UTN FRA LOGGER.INFO: metodo=GET, URI=http%3A%2F%2Flocalhost%2Fsp%2Fpublic, RUTA=usuario%2F, autoridad=localhost [] {"uid":"d242a13"}
[2019-11-16 16:52:07] UTN FRA LOGGER.INFO: metodo=GET, URI=http%3A%2F%2Flocalhost%2Fsp%2Fpublic, RUTA=usuario%2F, autoridad=localhost [] {"uid":"433dd3f"}
[2019-11-16 16:54:01] UTN FRA LOGGER.INFO: metodo=GET, URI=http%3A%2F%2Flocalhost%2Fsp%2Fpublic, RUTA=usuario%2F, autoridad=localhost [] {"uid":"03c2581"}
[2019-11-16 16:54:14] UTN FRA LOGGER.INFO: metodo=GET, URI=http%3A%2F%2Flocalhost%2Fsp%2Fpublic, RUTA=usuario%2F, autoridad=localhost [] {"uid":"30e3d77"}
[2019-11-16 16:59:43] UTN FRA LOGGER.INFO: metodo=GET, URI=http%3A%2F%2Flocalhost%2Fsp%2Fpublic, RUTA=usuario%2F, autoridad=localhost [] {"uid":"cf81a58"}
[2019-11-16 16:59:54] UTN FRA LOGGER.INFO: metodo=GET, URI=http%3A%2F%2Flocalhost%2Fsp%2Fpublic, RUTA=usuario%2F, autoridad=localhost [] {"uid":"2f409fa"}
[2019-11-16 17:00:24] UTN FRA LOGGER.INFO: metodo=GET, URI=http%3A%2F%2Flocalhost%2Fsp%2Fpublic, RUTA=usuario%2F, autoridad=localhost [] {"uid":"a2ec053"}
[2019-11-16 17:00:34] UTN FRA LOGGER.INFO: metodo=GET, URI=http%3A%2F%2Flocalhost%2Fsp%2Fpublic, RUTA=usuario%2F, autoridad=localhost [] {"uid":"671cb1f"}
[2019-11-16 17:00:54] UTN FRA LOGGER.INFO: metodo=GET, URI=http%3A%2F%2Flocalhost%2Fsp%2Fpublic, RUTA=usuario%2F, autoridad=localhost [] {"uid":"8768e2a"}
[2019-11-16 17:14:57] UTN FRA LOGGER.INFO: metodo=POST, URI=http%3A%2F%2Flocalhost%2Fsp%2Fpublic, RUTA=usuario%2F, autoridad=localhost [] {"uid":"a1466fc"}
[2019-11-16 17:15:05] UTN FRA LOGGER.INFO: metodo=POST, URI=http%3A%2F%2Flocalhost%2Fsp%2Fpublic, RUTA=usuario%2F, autoridad=localhost [] {"uid":"eed3347"}
[2019-11-16 17:15:10] UTN FRA LOGGER.INFO: metodo=GET, URI=http%3A%2F%2Flocalhost%2Fsp%2Fpublic, RUTA=usuario%2F, autoridad=localhost [] {"uid":"bfdff21"}
[2019-11-16 17:25:26] UTN FRA LOGGER.INFO: metodo=POST, URI=http%3A%2F%2Flocalhost%2Fsp%2Fpublic, RUTA=usuario%2F, autoridad=localhost [] {"uid":"b7a4fb5"}
[2019-11-16 17:25:36] UTN FRA LOGGER.INFO: metodo=POST, URI=http%3A%2F%2Flocalhost%2Fsp%2Fpublic, RUTA=usuario%2F, autoridad=localhost [] {"uid":"d02db92"}
[2019-11-16 17:26:19] UTN FRA LOGGER.INFO: metodo=POST, URI=http%3A%2F%2Flocalhost%2Fsp%2Fpublic, RUTA=usuario%2Flogin, autoridad=localhost [] {"uid":"05868bb"}
[2019-11-16 17:26:24] UTN FRA LOGGER.INFO: metodo=GET, URI=http%3A%2F%2Flocalhost%2Fsp%2Fpublic, RUTA=usuario%2F, autoridad=localhost [] {"uid":"90a83da"}
[2019-11-16 17:26:52] UTN FRA LOGGER.INFO: metodo=GET, URI=http%3A%2F%2Flocalhost%2Fsp%2Fpublic, RUTA=usuario%2F, autoridad=localhost [] {"uid":"856d1d1"}
[2019-11-16 17:27:17] UTN FRA LOGGER.INFO: metodo=POST, URI=http%3A%2F%2Flocalhost%2Fsp%2Fpublic, RUTA=usuario%2Flogin, autoridad=localhost [] {"uid":"9608fab"}
[2019-11-16 17:30:29] UTN FRA LOGGER.INFO: metodo=POST, URI=http%3A%2F%2Flocalhost%2Fsp%2Fpublic, RUTA=usuario%2Flogin, autoridad=localhost [] {"uid":"28246bf"}
[2019-11-16 17:31:03] UTN FRA LOGGER.INFO: metodo=POST, URI=http%3A%2F%2Flocalhost%2Fsp%2Fpublic, RUTA=usuario%2Flogin, autoridad=localhost [] {"uid":"2a3202c"}
[2019-11-16 17:31:14] UTN FRA LOGGER.INFO: metodo=POST, URI=http%3A%2F%2Flocalhost%2Fsp%2Fpublic, RUTA=usuario%2Flogin, autoridad=localhost [] {"uid":"6d77a9e"}
[2019-11-16 17:31:41] UTN FRA LOGGER.INFO: metodo=POST, URI=http%3A%2F%2Flocalhost%2Fsp%2Fpublic, RUTA=usuario%2Flogin, autoridad=localhost [] {"uid":"f126f3c"}
[2019-11-16 17:32:29] UTN FRA LOGGER.INFO: metodo=POST, URI=http%3A%2F%2Flocalhost%2Fsp%2Fpublic, RUTA=usuario%2Flogin, autoridad=localhost [] {"uid":"b18bea3"}
[2019-11-16 17:53:59] UTN FRA LOGGER.INFO: metodo=POST, URI=http%3A%2F%2Flocalhost%2Fsp%2Fpublic, RUTA=usuario%2F, autoridad=localhost [] {"uid":"28170e3"}
[2019-11-16 17:54:04] UTN FRA LOGGER.INFO: metodo=GET, URI=http%3A%2F%2Flocalhost%2Fsp%2Fpublic, RUTA=usuario%2F, autoridad=localhost [] {"uid":"a4b1a3d"}
[2019-11-16 17:54:19] UTN FRA LOGGER.INFO: metodo=POST, URI=http%3A%2F%2Flocalhost%2Fsp%2Fpublic, RUTA=usuario%2Flogin, autoridad=localhost [] {"uid":"2557f25"}
[2019-11-16 18:08:43] UTN FRA LOGGER.INFO: metodo=POST, URI=http%3A%2F%2Flocalhost%2Fsp%2Fpublic, RUTA=usuario%2Flogin, autoridad=localhost [] {"uid":"0639fd3"}
[2019-11-16 18:10:21] UTN FRA LOGGER.INFO: metodo=GET, URI=http%3A%2F%2Flocalhost%2Fsp%2Fpublic, RUTA=usuario%2F, autoridad=localhost [] {"uid":"4ab30ff"}
[2019-11-16 18:10:49] UTN FRA LOGGER.INFO: metodo=POST, URI=http%3A%2F%2Flocalhost%2Fsp%2Fpublic, RUTA=materia, autoridad=localhost [] {"uid":"74b48bd"}
[2019-11-16 18:11:19] UTN FRA LOGGER.INFO: metodo=POST, URI=http%3A%2F%2Flocalhost%2Fsp%2Fpublic, RUTA=materia, autoridad=localhost [] {"uid":"b226c58"}
[2019-11-16 19:09:30] UTN FRA LOGGER.INFO: metodo=POST, URI=http%3A%2F%2Flocalhost%2Fsp%2Fpublic, RUTA=materia, autoridad=localhost [] {"uid":"e4ff15a"}
[2019-11-16 19:09:49] UTN FRA LOGGER.INFO: metodo=POST, URI=http%3A%2F%2Flocalhost%2Fsp%2Fpublic, RUTA=materia, autoridad=localhost [] {"uid":"c0f51d8"}
[2019-11-16 19:10:09] UTN FRA LOGGER.INFO: metodo=POST, URI=http%3A%2F%2Flocalhost%2Fsp%2Fpublic, RUTA=usuario%2Flogin, autoridad=localhost [] {"uid":"d1d44ef"}
[2019-11-16 19:10:21] UTN FRA LOGGER.INFO: metodo=POST, URI=http%3A%2F%2Flocalhost%2Fsp%2Fpublic, RUTA=materia, autoridad=localhost [] {"uid":"7e7a867"}
[2019-11-16 19:10:39] UTN FRA LOGGER.INFO: metodo=POST, URI=http%3A%2F%2Flocalhost%2Fsp%2Fpublic, RUTA=usuario%2Flogin, autoridad=localhost [] {"uid":"71fc5e5"}
[2019-11-16 19:12:03] UTN FRA LOGGER.INFO: metodo=POST, URI=http%3A%2F%2Flocalhost%2Fsp%2Fpublic, RUTA=materia, autoridad=localhost [] {"uid":"773122d"}
[2019-11-16 19:13:08] UTN FRA LOGGER.INFO: metodo=POST, URI=http%3A%2F%2Flocalhost%2Fsp%2Fpublic, RUTA=materia, autoridad=localhost [] {"uid":"22e598d"}
[2019-11-16 19:13:24] UTN FRA LOGGER.INFO: metodo=POST, URI=http%3A%2F%2Flocalhost%2Fsp%2Fpublic, RUTA=materia, autoridad=localhost [] {"uid":"0a15640"}
[2019-11-16 19:14:03] UTN FRA LOGGER.INFO: metodo=POST, URI=http%3A%2F%2Flocalhost%2Fsp%2Fpublic, RUTA=materia, autoridad=localhost [] {"uid":"bd46d56"}
[2019-11-16 19:14:21] UTN FRA LOGGER.INFO: metodo=POST, URI=http%3A%2F%2Flocalhost%2Fsp%2Fpublic, RUTA=materia, autoridad=localhost [] {"uid":"b9f7c92"}
[2019-11-16 19:15:58] UTN FRA LOGGER.INFO: metodo=POST, URI=http%3A%2F%2Flocalhost%2Fsp%2Fpublic, RUTA=materia, autoridad=localhost [] {"uid":"4c4ba36"}
[2019-11-16 19:16:17] UTN FRA LOGGER.INFO: metodo=POST, URI=http%3A%2F%2Flocalhost%2Fsp%2Fpublic, RUTA=materia, autoridad=localhost [] {"uid":"f61605b"}
[2019-11-16 19:19:02] UTN FRA LOGGER.INFO: metodo=POST, URI=http%3A%2F%2Flocalhost%2Fsp%2Fpublic, RUTA=materia, autoridad=localhost [] {"uid":"e9f2fea"}
[2019-11-16 19:20:13] UTN FRA LOGGER.INFO: metodo=POST, URI=http%3A%2F%2Flocalhost%2Fsp%2Fpublic, RUTA=materia, autoridad=localhost [] {"uid":"6d68202"}
[2019-11-16 19:21:33] UTN FRA LOGGER.INFO: metodo=POST, URI=http%3A%2F%2Flocalhost%2Fsp%2Fpublic, RUTA=materia, autoridad=localhost [] {"uid":"9a5f5b2"}
[2019-11-16 19:21:41] UTN FRA LOGGER.INFO: metodo=POST, URI=http%3A%2F%2Flocalhost%2Fsp%2Fpublic, RUTA=usuario%2Flogin, autoridad=localhost [] {"uid":"d302b9b"}
[2019-11-16 19:22:04] UTN FRA LOGGER.INFO: metodo=POST, URI=http%3A%2F%2Flocalhost%2Fsp%2Fpublic, RUTA=materia, autoridad=localhost [] {"uid":"429e8ea"}
[2019-11-16 19:23:15] UTN FRA LOGGER.INFO: metodo=POST, URI=http%3A%2F%2Flocalhost%2Fsp%2Fpublic, RUTA=materia, autoridad=localhost [] {"uid":"a59fe0f"}
[2019-11-16 19:23:49] UTN FRA LOGGER.INFO: metodo=POST, URI=http%3A%2F%2Flocalhost%2Fsp%2Fpublic, RUTA=materia, autoridad=localhost [] {"uid":"182537d"}
[2019-11-16 19:24:09] UTN FRA LOGGER.INFO: metodo=POST, URI=http%3A%2F%2Flocalhost%2Fsp%2Fpublic, RUTA=materia, autoridad=localhost [] {"uid":"bf495ff"}
[2019-11-16 19:34:30] UTN FRA LOGGER.INFO: metodo=POST, URI=http%3A%2F%2Flocalhost%2Fsp%2Fpublic, RUTA=materia, autoridad=localhost [] {"uid":"b34029c"}
[2019-11-16 19:35:08] UTN FRA LOGGER.INFO: metodo=POST, URI=http%3A%2F%2Flocalhost%2Fsp%2Fpublic, RUTA=materia, autoridad=localhost [] {"uid":"a34bad2"}
[2019-11-16 19:35:45] UTN FRA LOGGER.INFO: metodo=POST, URI=http%3A%2F%2Flocalhost%2Fsp%2Fpublic, RUTA=materia, autoridad=localhost [] {"uid":"f766bd4"}
[2019-11-16 19:36:40] UTN FRA LOGGER.INFO: metodo=POST, URI=http%3A%2F%2Flocalhost%2Fsp%2Fpublic, RUTA=materia, autoridad=localhost [] {"uid":"6491c67"}
[2019-11-16 19:37:13] UTN FRA LOGGER.INFO: metodo=POST, URI=http%3A%2F%2Flocalhost%2Fsp%2Fpublic, RUTA=materia, autoridad=localhost [] {"uid":"590ed28"}
[2019-11-16 19:40:06] UTN FRA LOGGER.INFO: metodo=POST, URI=http%3A%2F%2Flocalhost%2Fsp%2Fpublic, RUTA=materia, autoridad=localhost [] {"uid":"8920985"}
[2019-11-16 19:41:37] UTN FRA LOGGER.INFO: metodo=POST, URI=http%3A%2F%2Flocalhost%2Fsp%2Fpublic, RUTA=materia, autoridad=localhost [] {"uid":"dd52893"}
[2019-11-16 19:42:06] UTN FRA LOGGER.INFO: metodo=POST, URI=http%3A%2F%2Flocalhost%2Fsp%2Fpublic, RUTA=materia, autoridad=localhost [] {"uid":"6929df4"}
[2019-11-16 19:46:19] UTN FRA LOGGER.INFO: metodo=POST, URI=http%3A%2F%2Flocalhost%2Fsp%2Fpublic, RUTA=materia, autoridad=localhost [] {"uid":"d58e4c4"}
[2019-11-16 19:47:03] UTN FRA LOGGER.INFO: metodo=POST, URI=http%3A%2F%2Flocalhost%2Fsp%2Fpublic, RUTA=materia, autoridad=localhost [] {"uid":"50a09a5"}
[2019-11-16 19:50:00] UTN FRA LOGGER.INFO: metodo=POST, URI=http%3A%2F%2Flocalhost%2Fsp%2Fpublic, RUTA=materia, autoridad=localhost [] {"uid":"c506390"}
[2019-11-16 19:50:08] UTN FRA LOGGER.INFO: metodo=POST, URI=http%3A%2F%2Flocalhost%2Fsp%2Fpublic, RUTA=materia, autoridad=localhost [] {"uid":"bbd4f6f"}
[2019-11-16 19:50:18] UTN FRA LOGGER.INFO: metodo=GET, URI=http%3A%2F%2Flocalhost%2Fsp%2Fpublic, RUTA=usuario%2F, autoridad=localhost [] {"uid":"5d21f6e"}
[2019-11-16 19:50:35] UTN FRA LOGGER.INFO: metodo=POST, URI=http%3A%2F%2Flocalhost%2Fsp%2Fpublic, RUTA=usuario%2Flogin, autoridad=localhost [] {"uid":"25c4dc9"}
[2019-11-16 19:50:52] UTN FRA LOGGER.INFO: metodo=POST, URI=http%3A%2F%2Flocalhost%2Fsp%2Fpublic, RUTA=materia, autoridad=localhost [] {"uid":"b2f4472"}
[2019-11-16 19:52:34] UTN FRA LOGGER.INFO: metodo=POST, URI=http%3A%2F%2Flocalhost%2Fsp%2Fpublic, RUTA=materia, autoridad=localhost [] {"uid":"b0ac301"}
[2019-11-16 20:02:07] UTN FRA LOGGER.INFO: metodo=POST, URI=http%3A%2F%2Flocalhost%2Fsp%2Fpublic, RUTA=usuario%2Fmodificar, autoridad=localhost [] {"uid":"f875c25"}
[2019-11-16 20:03:10] UTN FRA LOGGER.INFO: metodo=POST, URI=http%3A%2F%2Flocalhost%2Fsp%2Fpublic, RUTA=usuario%2Fmodificar, autoridad=localhost [] {"uid":"8ed3846"}
[2019-11-16 20:04:01] UTN FRA LOGGER.INFO: metodo=POST, URI=http%3A%2F%2Flocalhost%2Fsp%2Fpublic, RUTA=usuario%2Fmodificar, autoridad=localhost [] {"uid":"a74e18d"}
[2019-11-16 20:04:30] UTN FRA LOGGER.INFO: metodo=POST, URI=http%3A%2F%2Flocalhost%2Fsp%2Fpublic, RUTA=usuario%2Fmodificar, autoridad=localhost [] {"uid":"07e885a"}
[2019-11-16 20:05:13] UTN FRA LOGGER.INFO: metodo=POST, URI=http%3A%2F%2Flocalhost%2Fsp%2Fpublic, RUTA=usuario%2Fmodificar, autoridad=localhost [] {"uid":"0a2a395"}
[2019-11-16 20:06:07] UTN FRA LOGGER.INFO: metodo=POST, URI=http%3A%2F%2Flocalhost%2Fsp%2Fpublic, RUTA=usuario%2Fmodificar, autoridad=localhost [] {"uid":"6b71cf9"}
[2019-11-16 20:08:54] UTN FRA LOGGER.INFO: metodo=POST, URI=http%3A%2F%2Flocalhost%2Fsp%2Fpublic, RUTA=usuario%2Fmodificar, autoridad=localhost [] {"uid":"b34f978"}
[2019-11-16 20:09:11] UTN FRA LOGGER.INFO: metodo=GET, URI=http%3A%2F%2Flocalhost%2Fsp%2Fpublic, RUTA=usuario%2F, autoridad=localhost [] {"uid":"d1c475c"}
[2019-11-16 20:09:43] UTN FRA LOGGER.INFO: metodo=POST, URI=http%3A%2F%2Flocalhost%2Fsp%2Fpublic, RUTA=usuario%2Fmodificar, autoridad=localhost [] {"uid":"3c5a22c"}
[2019-11-16 20:10:37] UTN FRA LOGGER.INFO: metodo=POST, URI=http%3A%2F%2Flocalhost%2Fsp%2Fpublic, RUTA=usuario%2Fmodificar, autoridad=localhost [] {"uid":"f3427bb"}
[2019-11-16 20:10:59] UTN FRA LOGGER.INFO: metodo=POST, URI=http%3A%2F%2Flocalhost%2Fsp%2Fpublic, RUTA=usuario%2Fmodificar, autoridad=localhost [] {"uid":"0010bc1"}
[2019-11-16 20:12:11] UTN FRA LOGGER.INFO: metodo=POST, URI=http%3A%2F%2Flocalhost%2Fsp%2Fpublic, RUTA=usuario%2Fmodificar, autoridad=localhost [] {"uid":"2488293"}
[2019-11-16 20:13:16] UTN FRA LOGGER.INFO: metodo=POST, URI=http%3A%2F%2Flocalhost%2Fsp%2Fpublic, RUTA=usuario%2Fmodificar, autoridad=localhost [] {"uid":"e8b8985"}
[2019-11-16 20:14:35] UTN FRA LOGGER.INFO: metodo=POST, URI=http%3A%2F%2Flocalhost%2Fsp%2Fpublic, RUTA=usuario%2Fmodificar, autoridad=localhost [] {"uid":"0842411"}
[2019-11-16 20:20:38] UTN FRA LOGGER.INFO: metodo=POST, URI=http%3A%2F%2Flocalhost%2Fsp%2Fpublic, RUTA=usuario%2Fmodificar, autoridad=localhost [] {"uid":"16fb26f"}
[2019-11-16 20:21:18] UTN FRA LOGGER.INFO: metodo=POST, URI=http%3A%2F%2Flocalhost%2Fsp%2Fpublic, RUTA=usuario%2Fmodificar, autoridad=localhost [] {"uid":"447adca"}
[2019-11-16 20:21:43] UTN FRA LOGGER.INFO: metodo=POST, URI=http%3A%2F%2Flocalhost%2Fsp%2Fpublic, RUTA=usuario%2Fmodificar, autoridad=localhost [] {"uid":"50f9473"}
[2019-11-16 20:28:08] UTN FRA LOGGER.INFO: metodo=POST, URI=http%3A%2F%2Flocalhost%2Fsp%2Fpublic, RUTA=usuario%2Fmodificar, autoridad=localhost [] {"uid":"cfb9ba9"}
[2019-11-16 20:28:53] UTN FRA LOGGER.INFO: metodo=POST, URI=http%3A%2F%2Flocalhost%2Fsp%2Fpublic, RUTA=usuario%2Fmodificar, autoridad=localhost [] {"uid":"745a25a"}
[2019-11-16 20:32:53] UTN FRA LOGGER.INFO: metodo=POST, URI=http%3A%2F%2Flocalhost%2Fsp%2Fpublic, RUTA=usuario%2Fmodificar, autoridad=localhost [] {"uid":"271c6e2"}
[2019-11-16 20:49:25] UTN FRA LOGGER.INFO: metodo=POST, URI=http%3A%2F%2Flocalhost%2Fsp%2Fpublic, RUTA=usuario%2Fmodificar, autoridad=localhost [] {"uid":"0ee2ba0"}
[2019-11-16 20:51:06] UTN FRA LOGGER.INFO: metodo=POST, URI=http%3A%2F%2Flocalhost%2Fsp%2Fpublic, RUTA=usuario%2Fmodificar, autoridad=localhost [] {"uid":"feaffd1"}
[2019-11-16 20:52:17] UTN FRA LOGGER.INFO: metodo=POST, URI=http%3A%2F%2Flocalhost%2Fsp%2Fpublic, RUTA=usuario%2Fmodificar, autoridad=localhost [] {"uid":"f818bf3"}
[2019-11-16 20:55:38] UTN FRA LOGGER.INFO: metodo=POST, URI=http%3A%2F%2Flocalhost%2Fsp%2Fpublic, RUTA=usuario%2Fmodificar, autoridad=localhost [] {"uid":"ff2009a"}
[2019-11-16 20:56:56] UTN FRA LOGGER.INFO: metodo=POST, URI=http%3A%2F%2Flocalhost%2Fsp%2Fpublic, RUTA=usuario%2Fmodificar, autoridad=localhost [] {"uid":"d0bca1e"}
[2019-11-16 21:27:37] UTN FRA LOGGER.INFO: metodo=POST, URI=http%3A%2F%2Flocalhost%2Fsp%2Fpublic, RUTA=usuario%2Fmodificar, autoridad=localhost [] {"uid":"9953958"}
[2019-11-16 21:28:05] UTN FRA LOGGER.INFO: metodo=POST, URI=http%3A%2F%2Flocalhost%2Fsp%2Fpublic, RUTA=usuario%2Fmodificar, autoridad=localhost [] {"uid":"7757c33"}
[2019-11-16 21:28:51] UTN FRA LOGGER.INFO: metodo=POST, URI=http%3A%2F%2Flocalhost%2Fsp%2Fpublic, RUTA=usuario%2Fmodificar, autoridad=localhost [] {"uid":"ec9f1f3"}
[2019-11-16 21:29:56] UTN FRA LOGGER.INFO: metodo=POST, URI=http%3A%2F%2Flocalhost%2Fsp%2Fpublic, RUTA=usuario%2Fmodificar, autoridad=localhost [] {"uid":"a65cc05"}
[2019-11-16 21:30:14] UTN FRA LOGGER.INFO: metodo=POST, URI=http%3A%2F%2Flocalhost%2Fsp%2Fpublic, RUTA=usuario%2Fmodificar, autoridad=localhost [] {"uid":"5857435"}
[2019-11-16 21:31:10] UTN FRA LOGGER.INFO: metodo=POST, URI=http%3A%2F%2Flocalhost%2Fsp%2Fpublic, RUTA=usuario%2Fmodificar, autoridad=localhost [] {"uid":"7bda0a1"}
[2019-11-16 21:31:57] UTN FRA LOGGER.INFO: metodo=POST, URI=http%3A%2F%2Flocalhost%2Fsp%2Fpublic, RUTA=usuario%2Flogin, autoridad=localhost [] {"uid":"8d8745c"}
[2019-11-16 21:32:28] UTN FRA LOGGER.INFO: metodo=POST, URI=http%3A%2F%2Flocalhost%2Fsp%2Fpublic, RUTA=usuario%2Fmodificar, autoridad=localhost [] {"uid":"7717682"}
[2019-11-16 21:33:17] UTN FRA LOGGER.INFO: metodo=POST, URI=http%3A%2F%2Flocalhost%2Fsp%2Fpublic, RUTA=usuario%2Fmodificar, autoridad=localhost [] {"uid":"d3fee4d"}
[2019-11-16 21:34:02] UTN FRA LOGGER.INFO: metodo=POST, URI=http%3A%2F%2Flocalhost%2Fsp%2Fpublic, RUTA=usuario%2Fmodificar, autoridad=localhost [] {"uid":"066b9a1"}
[2019-11-16 21:34:35] UTN FRA LOGGER.INFO: metodo=POST, URI=http%3A%2F%2Flocalhost%2Fsp%2Fpublic, RUTA=usuario%2Fmodificar, autoridad=localhost [] {"uid":"6bf8374"}
[2019-11-16 21:38:11] UTN FRA LOGGER.INFO: metodo=POST, URI=http%3A%2F%2Flocalhost%2Fsp%2Fpublic, RUTA=usuario%2Fmodificar, autoridad=localhost [] {"uid":"b707ced"}
[2019-11-16 21:39:12] UTN FRA LOGGER.INFO: metodo=POST, URI=http%3A%2F%2Flocalhost%2Fsp%2Fpublic, RUTA=usuario%2Fmodificar, autoridad=localhost [] {"uid":"9704e5a"}
[2019-11-16 21:39:52] UTN FRA LOGGER.INFO: metodo=POST, URI=http%3A%2F%2Flocalhost%2Fsp%2Fpublic, RUTA=usuario%2Fmodificar, autoridad=localhost [] {"uid":"76717cc"}
[2019-11-16 21:40:20] UTN FRA LOGGER.INFO: metodo=POST, URI=http%3A%2F%2Flocalhost%2Fsp%2Fpublic, RUTA=usuario%2Fmodificar, autoridad=localhost [] {"uid":"90f891a"}
[2019-11-16 21:40:42] UTN FRA LOGGER.INFO: metodo=POST, URI=http%3A%2F%2Flocalhost%2Fsp%2Fpublic, RUTA=usuario%2Fmodificar, autoridad=localhost [] {"uid":"4cdf259"}
[2019-11-16 21:40:53] UTN FRA LOGGER.INFO: metodo=POST, URI=http%3A%2F%2Flocalhost%2Fsp%2Fpublic, RUTA=usuario%2Fmodificar, autoridad=localhost [] {"uid":"3fe77e5"}
[2019-11-16 21:41:28] UTN FRA LOGGER.INFO: metodo=POST, URI=http%3A%2F%2Flocalhost%2Fsp%2Fpublic, RUTA=usuario%2Fmodificar, autoridad=localhost [] {"uid":"8e408e5"}
[2019-11-16 21:41:43] UTN FRA LOGGER.INFO: metodo=POST, URI=http%3A%2F%2Flocalhost%2Fsp%2Fpublic, RUTA=usuario%2Fmodificar, autoridad=localhost [] {"uid":"e4b570e"}
[2019-11-16 21:41:59] UTN FRA LOGGER.INFO: metodo=GET, URI=http%3A%2F%2Flocalhost%2Fsp%2Fpublic, RUTA=usuario%2F, autoridad=localhost [] {"uid":"3d45ae6"}
[2019-11-16 21:42:40] UTN FRA LOGGER.INFO: metodo=GET, URI=http%3A%2F%2Flocalhost%2Fsp%2Fpublic, RUTA=usuario%2F, autoridad=localhost [] {"uid":"681a5b5"}
[2019-11-16 21:42:46] UTN FRA LOGGER.INFO: metodo=POST, URI=http%3A%2F%2Flocalhost%2Fsp%2Fpublic, RUTA=usuario%2Flogin, autoridad=localhost [] {"uid":"b38afcc"}
[2019-11-16 21:43:28] UTN FRA LOGGER.INFO: metodo=POST, URI=http%3A%2F%2Flocalhost%2Fsp%2Fpublic, RUTA=usuario%2Fmodificar, autoridad=localhost [] {"uid":"f8a0173"}
[2019-11-16 21:44:07] UTN FRA LOGGER.INFO: metodo=GET, URI=http%3A%2F%2Flocalhost%2Fsp%2Fpublic, RUTA=usuario%2F, autoridad=localhost [] {"uid":"ba1b122"}
[2019-11-16 21:45:23] UTN FRA LOGGER.INFO: metodo=POST, URI=http%3A%2F%2Flocalhost%2Fsp%2Fpublic, RUTA=usuario%2Fmodificar, autoridad=localhost [] {"uid":"139c3aa"}
[2019-11-16 21:45:55] UTN FRA LOGGER.INFO: metodo=POST, URI=http%3A%2F%2Flocalhost%2Fsp%2Fpublic, RUTA=usuario%2Fmodificar, autoridad=localhost [] {"uid":"579dbde"}
[2019-11-16 21:47:54] UTN FRA LOGGER.INFO: metodo=POST, URI=http%3A%2F%2Flocalhost%2Fsp%2Fpublic, RUTA=usuario%2Fmodificar, autoridad=localhost [] {"uid":"a72b66c"}
[2019-11-16 21:48:07] UTN FRA LOGGER.INFO: metodo=POST, URI=http%3A%2F%2Flocalhost%2Fsp%2Fpublic, RUTA=usuario%2Fmodificar, autoridad=localhost [] {"uid":"5a60623"}
[2019-11-16 21:52:00] UTN FRA LOGGER.INFO: metodo=POST, URI=http%3A%2F%2Flocalhost%2Fsp%2Fpublic, RUTA=usuario%2Fmodificar, autoridad=localhost [] {"uid":"e0310db"}
[2019-11-16 21:52:28] UTN FRA LOGGER.INFO: metodo=POST, URI=http%3A%2F%2Flocalhost%2Fsp%2Fpublic, RUTA=usuario%2Fmodificar, autoridad=localhost [] {"uid":"fd05f9e"}
[2019-11-16 21:53:26] UTN FRA LOGGER.INFO: metodo=POST, URI=http%3A%2F%2Flocalhost%2Fsp%2Fpublic, RUTA=usuario%2Fmodificar, autoridad=localhost [] {"uid":"1e8b7a7"}
[2019-11-16 21:53:37] UTN FRA LOGGER.INFO: metodo=GET, URI=http%3A%2F%2Flocalhost%2Fsp%2Fpublic, RUTA=usuario%2F, autoridad=localhost [] {"uid":"9bbe424"}
[2019-11-16 21:54:04] UTN FRA LOGGER.INFO: metodo=POST, URI=http%3A%2F%2Flocalhost%2Fsp%2Fpublic, RUTA=usuario%2Fmodificar, autoridad=localhost [] {"uid":"d0b3e23"}
[2019-11-16 21:54:37] UTN FRA LOGGER.INFO: metodo=GET, URI=http%3A%2F%2Flocalhost%2Fsp%2Fpublic, RUTA=usuario%2F, autoridad=localhost [] {"uid":"6aec08e"}
[2019-11-16 21:55:02] UTN FRA LOGGER.INFO: metodo=POST, URI=http%3A%2F%2Flocalhost%2Fsp%2Fpublic, RUTA=usuario%2F, autoridad=localhost [] {"uid":"091d4e8"}
[2019-11-16 21:55:09] UTN FRA LOGGER.INFO: metodo=GET, URI=http%3A%2F%2Flocalhost%2Fsp%2Fpublic, RUTA=usuario%2F, autoridad=localhost [] {"uid":"6100b2e"}
[2019-11-16 21:55:47] UTN FRA LOGGER.INFO: metodo=POST, URI=http%3A%2F%2Flocalhost%2Fsp%2Fpublic, RUTA=usuario%2Flogin, autoridad=localhost [] {"uid":"674f549"}
[2019-11-16 21:56:06] UTN FRA LOGGER.INFO: metodo=POST, URI=http%3A%2F%2Flocalhost%2Fsp%2Fpublic, RUTA=usuario%2Fmodificar, autoridad=localhost [] {"uid":"d7fcefc"}
[2019-11-16 22:03:01] UTN FRA LOGGER.INFO: metodo=POST, URI=http%3A%2F%2Flocalhost%2Fsp%2Fpublic, RUTA=usuario%2Fmodificar, autoridad=localhost [] {"uid":"2b800c8"}
[2019-11-16 22:03:43] UTN FRA LOGGER.INFO: metodo=POST, URI=http%3A%2F%2Flocalhost%2Fsp%2Fpublic, RUTA=usuario%2Fmodificar, autoridad=localhost [] {"uid":"3d43ac6"}
[2019-11-16 22:04:29] UTN FRA LOGGER.INFO: metodo=POST, URI=http%3A%2F%2Flocalhost%2Fsp%2Fpublic, RUTA=usuario%2Fmodificar, autoridad=localhost [] {"uid":"da2f796"}
[2019-11-16 22:04:43] UTN FRA LOGGER.INFO: metodo=POST, URI=http%3A%2F%2Flocalhost%2Fsp%2Fpublic, RUTA=usuario%2Fmodificar, autoridad=localhost [] {"uid":"daff72c"}
[2019-11-16 22:04:48] UTN FRA LOGGER.INFO: metodo=POST, URI=http%3A%2F%2Flocalhost%2Fsp%2Fpublic, RUTA=usuario%2Fmodificar, autoridad=localhost [] {"uid":"8faab98"}
[2019-11-16 22:06:52] UTN FRA LOGGER.INFO: metodo=POST, URI=http%3A%2F%2Flocalhost%2Fsp%2Fpublic, RUTA=usuario%2Fmodificar, autoridad=localhost [] {"uid":"2b5c61f"}
[2019-11-16 22:07:23] UTN FRA LOGGER.INFO: metodo=POST, URI=http%3A%2F%2Flocalhost%2Fsp%2Fpublic, RUTA=usuario%2Fmodificar, autoridad=localhost [] {"uid":"ce46d7f"}
[2019-11-16 22:31:56] UTN FRA LOGGER.INFO: metodo=POST, URI=http%3A%2F%2Flocalhost%2Fsp%2Fpublic, RUTA=usuario%2Fmodificar, autoridad=localhost [] {"uid":"6af90fd"}
[2019-11-16 22:32:41] UTN FRA LOGGER.INFO: metodo=POST, URI=http%3A%2F%2Flocalhost%2Fsp%2Fpublic, RUTA=usuario%2Fmodificar, autoridad=localhost [] {"uid":"58dfd48"}
[2019-11-16 22:33:46] UTN FRA LOGGER.INFO: metodo=POST, URI=http%3A%2F%2Flocalhost%2Fsp%2Fpublic, RUTA=usuario%2Fmodificar, autoridad=localhost [] {"uid":"b32b7e5"}
[2019-11-16 22:34:06] UTN FRA LOGGER.INFO: metodo=POST, URI=http%3A%2F%2Flocalhost%2Fsp%2Fpublic, RUTA=usuario%2Fmodificar, autoridad=localhost [] {"uid":"d767b5c"}
[2019-11-16 22:34:14] UTN FRA LOGGER.INFO: metodo=POST, URI=http%3A%2F%2Flocalhost%2Fsp%2Fpublic, RUTA=usuario%2Fmodificar, autoridad=localhost [] {"uid":"f032f17"}
[2019-11-16 22:39:21] UTN FRA LOGGER.INFO: metodo=POST, URI=http%3A%2F%2Flocalhost%2Fsp%2Fpublic, RUTA=usuario%2Fmodificar, autoridad=localhost [] {"uid":"d905c96"}
[2019-11-16 22:40:27] UTN FRA LOGGER.INFO: metodo=POST, URI=http%3A%2F%2Flocalhost%2Fsp%2Fpublic, RUTA=usuario%2Fmodificar, autoridad=localhost [] {"uid":"de0ec94"}
[2019-11-16 22:41:38] UTN FRA LOGGER.INFO: metodo=POST, URI=http%3A%2F%2Flocalhost%2Fsp%2Fpublic, RUTA=usuario%2Fmodificar, autoridad=localhost [] {"uid":"b67576b"}
[2019-11-16 22:42:23] UTN FRA LOGGER.INFO: metodo=POST, URI=http%3A%2F%2Flocalhost%2Fsp%2Fpublic, RUTA=usuario%2Fmodificar, autoridad=localhost [] {"uid":"f2088f6"}
[2019-11-16 22:42:36] UTN FRA LOGGER.INFO: metodo=POST, URI=http%3A%2F%2Flocalhost%2Fsp%2Fpublic, RUTA=usuario%2Fmodificar, autoridad=localhost [] {"uid":"48ba633"}
[2019-11-16 22:42:44] UTN FRA LOGGER.INFO: metodo=POST, URI=http%3A%2F%2Flocalhost%2Fsp%2Fpublic, RUTA=usuario%2Fmodificar, autoridad=localhost [] {"uid":"be232d1"}
[2019-11-16 22:43:37] UTN FRA LOGGER.INFO: metodo=POST, URI=http%3A%2F%2Flocalhost%2Fsp%2Fpublic, RUTA=usuario%2Fmodificar, autoridad=localhost [] {"uid":"e6b7150"}
[2019-11-16 22:44:34] UTN FRA LOGGER.INFO: metodo=POST, URI=http%3A%2F%2Flocalhost%2Fsp%2Fpublic, RUTA=usuario%2Fmodificar, autoridad=localhost [] {"uid":"9452620"}
[2019-11-16 22:45:42] UTN FRA LOGGER.INFO: metodo=POST, URI=http%3A%2F%2Flocalhost%2Fsp%2Fpublic, RUTA=usuario%2Fmodificar, autoridad=localhost [] {"uid":"6afee55"}
[2019-11-16 22:46:09] UTN FRA LOGGER.INFO: metodo=POST, URI=http%3A%2F%2Flocalhost%2Fsp%2Fpublic, RUTA=usuario%2Fmodificar, autoridad=localhost [] {"uid":"94d5dce"}
[2019-11-16 22:47:18] UTN FRA LOGGER.INFO: metodo=POST, URI=http%3A%2F%2Flocalhost%2Fsp%2Fpublic, RUTA=usuario%2Fmodificar, autoridad=localhost [] {"uid":"14184de"}
[2019-11-16 22:47:36] UTN FRA LOGGER.INFO: metodo=POST, URI=http%3A%2F%2Flocalhost%2Fsp%2Fpublic, RUTA=usuario%2Fmodificar, autoridad=localhost [] {"uid":"fe71511"}
[2019-11-16 22:48:56] UTN FRA LOGGER.INFO: metodo=POST, URI=http%3A%2F%2Flocalhost%2Fsp%2Fpublic, RUTA=usuario%2Fmodificar, autoridad=localhost [] {"uid":"11aeac8"}
[2019-11-16 22:50:44] UTN FRA LOGGER.INFO: metodo=POST, URI=http%3A%2F%2Flocalhost%2Fsp%2Fpublic, RUTA=usuario%2Fmodificar, autoridad=localhost [] {"uid":"954396d"}
[2019-11-16 22:56:08] UTN FRA LOGGER.INFO: metodo=GET, URI=http%3A%2F%2Flocalhost%2Fsp%2Fpublic, RUTA=usuario%2F, autoridad=localhost [] {"uid":"e299b00"}
[2019-11-16 22:56:31] UTN FRA LOGGER.INFO: metodo=POST, URI=http%3A%2F%2Flocalhost%2Fsp%2Fpublic, RUTA=usuario%2Flogin, autoridad=localhost [] {"uid":"58f3b1e"}
[2019-11-16 22:57:39] UTN FRA LOGGER.INFO: metodo=POST, URI=http%3A%2F%2Flocalhost%2Fsp%2Fpublic, RUTA=usuario%2Fmodificar, autoridad=localhost [] {"uid":"fde78da"}
[2019-11-16 22:58:09] UTN FRA LOGGER.INFO: metodo=POST, URI=http%3A%2F%2Flocalhost%2Fsp%2Fpublic, RUTA=usuario%2Fmodificar, autoridad=localhost [] {"uid":"88d49dd"}
[2019-11-16 22:58:28] UTN FRA LOGGER.INFO: metodo=POST, URI=http%3A%2F%2Flocalhost%2Fsp%2Fpublic, RUTA=usuario%2Fmodificar, autoridad=localhost [] {"uid":"bda9a5d"}
[2019-11-16 22:58:36] UTN FRA LOGGER.INFO: metodo=POST, URI=http%3A%2F%2Flocalhost%2Fsp%2Fpublic, RUTA=usuario%2Fmodificar, autoridad=localhost [] {"uid":"fe88045"}
[2019-11-16 22:59:05] UTN FRA LOGGER.INFO: metodo=POST, URI=http%3A%2F%2Flocalhost%2Fsp%2Fpublic, RUTA=usuario%2Fmodificar, autoridad=localhost [] {"uid":"1bda8d8"}
[2019-11-16 22:59:54] UTN FRA LOGGER.INFO: metodo=POST, URI=http%3A%2F%2Flocalhost%2Fsp%2Fpublic, RUTA=usuario%2Fmodificar, autoridad=localhost [] {"uid":"80e6ca1"}
[2019-11-16 23:07:30] UTN FRA LOGGER.INFO: metodo=POST, URI=http%3A%2F%2Flocalhost%2Fsp%2Fpublic, RUTA=usuario%2F50917, autoridad=localhost [] {"uid":"5d6a3f3"}
[2019-11-16 23:09:34] UTN FRA LOGGER.INFO: metodo=POST, URI=http%3A%2F%2Flocalhost%2Fsp%2Fpublic, RUTA=usuario%2F50917, autoridad=localhost [] {"uid":"24c19a3"}
[2019-11-16 23:10:41] UTN FRA LOGGER.INFO: metodo=POST, URI=http%3A%2F%2Flocalhost%2Fsp%2Fpublic, RUTA=usuario%2F50917, autoridad=localhost [] {"uid":"474ca4a"}
[2019-11-16 23:10:51] UTN FRA LOGGER.INFO: metodo=POST, URI=http%3A%2F%2Flocalhost%2Fsp%2Fpublic, RUTA=usuario%2F50917, autoridad=localhost [] {"uid":"d935064"}
[2019-11-16 23:11:19] UTN FRA LOGGER.INFO: metodo=POST, URI=http%3A%2F%2Flocalhost%2Fsp%2Fpublic, RUTA=login, autoridad=localhost [] {"uid":"54e2b8c"}
[2019-11-16 23:40:52] UTN FRA LOGGER.INFO: metodo=POST, URI=http%3A%2F%2Flocalhost%2Fsp%2Fpublic, RUTA=inscripcion%2F3, autoridad=localhost [] {"uid":"b97ca24"}
[2019-11-16 23:41:04] UTN FRA LOGGER.INFO: metodo=GET, URI=http%3A%2F%2Flocalhost%2Fsp%2Fpublic, RUTA=usuario%2F, autoridad=localhost [] {"uid":"cf420e3"}
[2019-11-16 23:41:14] UTN FRA LOGGER.INFO: metodo=POST, URI=http%3A%2F%2Flocalhost%2Fsp%2Fpublic, RUTA=login, autoridad=localhost [] {"uid":"5db2cf2"}
[2019-11-16 23:41:40] UTN FRA LOGGER.INFO: metodo=POST, URI=http%3A%2F%2Flocalhost%2Fsp%2Fpublic, RUTA=inscripcion%2F3, autoridad=localhost [] {"uid":"e54dc4f"}
[2019-11-16 23:42:02] UTN FRA LOGGER.INFO: metodo=POST, URI=http%3A%2F%2Flocalhost%2Fsp%2Fpublic, RUTA=inscripcion%2F3, autoridad=localhost [] {"uid":"e0fb756"}
[2019-11-16 23:56:26] UTN FRA LOGGER.INFO: metodo=POST, URI=http%3A%2F%2Flocalhost%2Fsp%2Fpublic, RUTA=inscripcion%2F3, autoridad=localhost [] {"uid":"3d246fe"}
[2019-11-16 23:56:51] UTN FRA LOGGER.INFO: metodo=POST, URI=http%3A%2F%2Flocalhost%2Fsp%2Fpublic, RUTA=inscripcion%2F3, autoridad=localhost [] {"uid":"7862e44"}
[2019-11-16 23:57:21] UTN FRA LOGGER.INFO: metodo=POST, URI=http%3A%2F%2Flocalhost%2Fsp%2Fpublic, RUTA=inscripcion%2F3, autoridad=localhost [] {"uid":"3ff5d02"}
[2019-11-16 23:57:30] UTN FRA LOGGER.INFO: metodo=POST, URI=http%3A%2F%2Flocalhost%2Fsp%2Fpublic, RUTA=inscripcion%2F3, autoridad=localhost [] {"uid":"1fcd3e7"}
[2019-11-16 23:57:42] UTN FRA LOGGER.INFO: metodo=POST, URI=http%3A%2F%2Flocalhost%2Fsp%2Fpublic, RUTA=inscripcion%2F4, autoridad=localhost [] {"uid":"ed19ae9"}
[2019-11-17 00:00:44] UTN FRA LOGGER.INFO: metodo=POST, URI=http%3A%2F%2Flocalhost%2Fsp%2Fpublic, RUTA=inscripcion%2F4, autoridad=localhost [] {"uid":"7ef3d15"}
[2019-11-17 00:00:49] UTN FRA LOGGER.INFO: metodo=POST, URI=http%3A%2F%2Flocalhost%2Fsp%2Fpublic, RUTA=inscripcion%2F5, autoridad=localhost [] {"uid":"fe92e33"}
[2019-11-17 00:02:44] UTN FRA LOGGER.INFO: metodo=POST, URI=http%3A%2F%2Flocalhost%2Fsp%2Fpublic, RUTA=inscripcion%2F6, autoridad=localhost [] {"uid":"5a68b8d"}
[2019-11-17 00:07:00] UTN FRA LOGGER.INFO: metodo=POST, URI=http%3A%2F%2Flocalhost%2Fsp%2Fpublic, RUTA=inscripcion%2F6, autoridad=localhost [] {"uid":"23334a5"}
[2019-11-17 00:07:07] UTN FRA LOGGER.INFO: metodo=POST, URI=http%3A%2F%2Flocalhost%2Fsp%2Fpublic, RUTA=inscripcion%2F7, autoridad=localhost [] {"uid":"8370c98"}
[2019-11-17 00:08:04] UTN FRA LOGGER.INFO: metodo=POST, URI=http%3A%2F%2Flocalhost%2Fsp%2Fpublic, RUTA=inscripcion%2F1, autoridad=localhost [] {"uid":"62b15b0"}
[2019-11-17 00:09:56] UTN FRA LOGGER.INFO: metodo=POST, URI=http%3A%2F%2Flocalhost%2Fsp%2Fpublic, RUTA=inscripcion%2F1, autoridad=localhost [] {"uid":"e48afde"}
[2019-11-17 00:10:34] UTN FRA LOGGER.INFO: metodo=POST, URI=http%3A%2F%2Flocalhost%2Fsp%2Fpublic, RUTA=inscripcion%2F2, autoridad=localhost [] {"uid":"b7fc818"}
[2019-11-17 01:04:18] UTN FRA LOGGER.INFO: metodo=POST, URI=http%3A%2F%2Flocalhost%2Fsp%2Fpublic, RUTA=inscripcion%2F2, autoridad=localhost [] {"uid":"928d208"}
[2019-11-17 01:32:48] UTN FRA LOGGER.INFO: metodo=GET, URI=http%3A%2F%2Flocalhost%2Fsp%2Fpublic, RUTA=usuario%2F, autoridad=localhost [] {"uid":"486fd97"}
[2019-11-17 01:32:58] UTN FRA LOGGER.INFO: metodo=POST, URI=http%3A%2F%2Flocalhost%2Fsp%2Fpublic, RUTA=login, autoridad=localhost [] {"uid":"d17a568"}
[2019-11-17 01:34:59] UTN FRA LOGGER.INFO: metodo=GET, URI=http%3A%2F%2Flocalhost%2Fsp%2Fpublic, RUTA=materias, autoridad=localhost [] {"uid":"6cd9da9"}
[2019-11-17 01:35:34] UTN FRA LOGGER.INFO: metodo=GET, URI=http%3A%2F%2Flocalhost%2Fsp%2Fpublic, RUTA=materias, autoridad=localhost [] {"uid":"f64f5bc"}
[2019-11-17 01:35:53] UTN FRA LOGGER.INFO: metodo=GET, URI=http%3A%2F%2Flocalhost%2Fsp%2Fpublic, RUTA=materias, autoridad=localhost [] {"uid":"2c201cf"}
[2019-11-17 01:36:16] UTN FRA LOGGER.INFO: metodo=GET, URI=http%3A%2F%2Flocalhost%2Fsp%2Fpublic, RUTA=materias, autoridad=localhost [] {"uid":"0160166"}
[2019-11-17 01:47:14] UTN FRA LOGGER.INFO: metodo=GET, URI=http%3A%2F%2Flocalhost%2Fsp%2Fpublic, RUTA=materias, autoridad=localhost [] {"uid":"e08de05"}
[2019-11-17 01:53:59] UTN FRA LOGGER.INFO: metodo=POST, URI=http%3A%2F%2Flocalhost%2Fsp%2Fpublic, RUTA=login, autoridad=localhost [] {"uid":"d94b470"}
[2019-11-17 01:54:06] UTN FRA LOGGER.INFO: metodo=POST, URI=http%3A%2F%2Flocalhost%2Fsp%2Fpublic, RUTA=login, autoridad=localhost [] {"uid":"48e78c3"}
[2019-11-17 01:54:10] UTN FRA LOGGER.INFO: metodo=POST, URI=http%3A%2F%2Flocalhost%2Fsp%2Fpublic, RUTA=login, autoridad=localhost [] {"uid":"f822317"}
[2019-11-17 01:54:28] UTN FRA LOGGER.INFO: metodo=GET, URI=http%3A%2F%2Flocalhost%2Fsp%2Fpublic, RUTA=materias, autoridad=localhost [] {"uid":"e19d853"}
[2019-11-17 01:55:00] UTN FRA LOGGER.INFO: metodo=GET, URI=http%3A%2F%2Flocalhost%2Fsp%2Fpublic, RUTA=materias, autoridad=localhost [] {"uid":"c1f77b5"}
[2019-11-17 01:55:25] UTN FRA LOGGER.INFO: metodo=GET, URI=http%3A%2F%2Flocalhost%2Fsp%2Fpublic, RUTA=usuario%2F, autoridad=localhost [] {"uid":"793c901"}
[2019-11-17 01:56:13] UTN FRA LOGGER.INFO: metodo=POST, URI=http%3A%2F%2Flocalhost%2Fsp%2Fpublic, RUTA=login, autoridad=localhost [] {"uid":"97f6355"}
[2019-11-17 01:56:30] UTN FRA LOGGER.INFO: metodo=GET, URI=http%3A%2F%2Flocalhost%2Fsp%2Fpublic, RUTA=materias, autoridad=localhost [] {"uid":"5e937d5"}
[2019-11-17 01:57:01] UTN FRA LOGGER.INFO: metodo=POST, URI=http%3A%2F%2Flocalhost%2Fsp%2Fpublic, RUTA=login, autoridad=localhost [] {"uid":"feac2b9"}
[2019-11-17 01:57:24] UTN FRA LOGGER.INFO: metodo=GET, URI=http%3A%2F%2Flocalhost%2Fsp%2Fpublic, RUTA=materias, autoridad=localhost [] {"uid":"f710d95"}
[2019-11-17 01:58:13] UTN FRA LOGGER.INFO: metodo=POST, URI=http%3A%2F%2Flocalhost%2Fsp%2Fpublic, RUTA=login, autoridad=localhost [] {"uid":"0250e72"}
[2019-11-17 01:58:28] UTN FRA LOGGER.INFO: metodo=GET, URI=http%3A%2F%2Flocalhost%2Fsp%2Fpublic, RUTA=materias, autoridad=localhost [] {"uid":"a691ade"}
[2019-11-17 01:58:36] UTN FRA LOGGER.INFO: metodo=GET, URI=http%3A%2F%2Flocalhost%2Fsp%2Fpublic, RUTA=usuario%2F, autoridad=localhost [] {"uid":"ef650e2"}
[2019-11-17 01:59:50] UTN FRA LOGGER.INFO: metodo=POST, URI=http%3A%2F%2Flocalhost%2Fsp%2Fpublic, RUTA=login, autoridad=localhost [] {"uid":"cbe1764"}
[2019-11-17 02:00:06] UTN FRA LOGGER.INFO: metodo=GET, URI=http%3A%2F%2Flocalhost%2Fsp%2Fpublic, RUTA=materias, autoridad=localhost [] {"uid":"0ba0170"}
[2019-11-17 02:07:37] UTN FRA LOGGER.INFO: metodo=GET, URI=http%3A%2F%2Flocalhost%2Fsp%2Fpublic, RUTA=usuario%2F, autoridad=localhost [] {"uid":"38a0d98"}
[2019-11-17 02:08:06] UTN FRA LOGGER.INFO: metodo=POST, URI=http%3A%2F%2Flocalhost%2Fsp%2Fpublic, RUTA=login, autoridad=localhost [] {"uid":"5355766"}
[2019-11-17 02:08:14] UTN FRA LOGGER.INFO: metodo=GET, URI=http%3A%2F%2Flocalhost%2Fsp%2Fpublic, RUTA=usuario%2F, autoridad=localhost [] {"uid":"cca3cd1"}
[2019-11-17 02:09:02] UTN FRA LOGGER.INFO: metodo=POST, URI=http%3A%2F%2Flocalhost%2Fsp%2Fpublic, RUTA=login, autoridad=localhost [] {"uid":"3fc8a9b"}
[2019-11-17 02:09:35] UTN FRA LOGGER.INFO: metodo=POST, URI=http%3A%2F%2Flocalhost%2Fsp%2Fpublic, RUTA=materia, autoridad=localhost [] {"uid":"6708585"}
[2019-11-17 02:09:51] UTN FRA LOGGER.INFO: metodo=POST, URI=http%3A%2F%2Flocalhost%2Fsp%2Fpublic, RUTA=usuario%2F50917, autoridad=localhost [] {"uid":"9104f7c"}
[2019-11-17 02:10:00] UTN FRA LOGGER.INFO: metodo=GET, URI=http%3A%2F%2Flocalhost%2Fsp%2Fpublic, RUTA=usuario%2F, autoridad=localhost [] {"uid":"9f04a0e"}
[2019-11-17 02:10:13] UTN FRA LOGGER.INFO: metodo=POST, URI=http%3A%2F%2Flocalhost%2Fsp%2Fpublic, RUTA=usuario%2F50917, autoridad=localhost [] {"uid":"7d8148c"}
[2019-11-17 02:11:35] UTN FRA LOGGER.INFO: metodo=POST, URI=http%3A%2F%2Flocalhost%2Fsp%2Fpublic, RUTA=usuario%2F19156, autoridad=localhost [] {"uid":"915033f"}
[2019-11-17 02:11:42] UTN FRA LOGGER.INFO: metodo=POST, URI=http%3A%2F%2Flocalhost%2Fsp%2Fpublic, RUTA=usuario%2F19156, autoridad=localhost [] {"uid":"78d3679"}
[2019-11-17 02:11:49] UTN FRA LOGGER.INFO: metodo=POST, URI=http%3A%2F%2Flocalhost%2Fsp%2Fpublic, RUTA=usuario%2F19156, autoridad=localhost [] {"uid":"8a40041"}
[2019-11-17 02:12:40] UTN FRA LOGGER.INFO: metodo=POST, URI=http%3A%2F%2Flocalhost%2Fsp%2Fpublic, RUTA=inscripcion%2F2, autoridad=localhost [] {"uid":"315b2d0"}
[2019-11-17 02:14:34] UTN FRA LOGGER.INFO: metodo=POST, URI=http%3A%2F%2Flocalhost%2Fsp%2Fpublic, RUTA=inscripcion%2F2, autoridad=localhost [] {"uid":"bd45840"}
[2019-11-17 02:14:41] UTN FRA LOGGER.INFO: metodo=POST, URI=http%3A%2F%2Flocalhost%2Fsp%2Fpublic, RUTA=inscripcion%2F3, autoridad=localhost [] {"uid":"97fd30f"}
[2019-11-17 02:15:15] UTN FRA LOGGER.INFO: metodo=GET, URI=http%3A%2F%2Flocalhost%2Fsp%2Fpublic, RUTA=materias, autoridad=localhost [] {"uid":"0b90e07"}
[2019-11-17 02:15:30] UTN FRA LOGGER.INFO: metodo=GET, URI=http%3A%2F%2Flocalhost%2Fsp%2Fpublic, RUTA=usuario%2F, autoridad=localhost [] {"uid":"096f972"}
[2019-11-17 02:15:40] UTN FRA LOGGER.INFO: metodo=POST, URI=http%3A%2F%2Flocalhost%2Fsp%2Fpublic, RUTA=login, autoridad=localhost [] {"uid":"112cb86"}
[2019-11-17 02:16:15] UTN FRA LOGGER.INFO: metodo=GET, URI=http%3A%2F%2Flocalhost%2Fsp%2Fpublic, RUTA=materias, autoridad=localhost [] {"uid":"1238b83"}
[2019-11-17 02:16:54] UTN FRA LOGGER.INFO: metodo=POST, URI=http%3A%2F%2Flocalhost%2Fsp%2Fpublic, RUTA=usuario%2F19156, autoridad=localhost [] {"uid":"230ca55"}
[2019-11-17 02:17:01] UTN FRA LOGGER.INFO: metodo=GET, URI=http%3A%2F%2Flocalhost%2Fsp%2Fpublic, RUTA=usuario%2F, autoridad=localhost [] {"uid":"5f6978a"}
[2019-11-17 02:17:15] UTN FRA LOGGER.INFO: metodo=POST, URI=http%3A%2F%2Flocalhost%2Fsp%2Fpublic, RUTA=usuario%2F19156, autoridad=localhost [] {"uid":"0ce2082"}
[2019-11-17 02:17:24] UTN FRA LOGGER.INFO: metodo=POST, URI=http%3A%2F%2Flocalhost%2Fsp%2Fpublic, RUTA=login, autoridad=localhost [] {"uid":"e61f7e5"}
[2019-11-17 02:17:44] UTN FRA LOGGER.INFO: metodo=POST, URI=http%3A%2F%2Flocalhost%2Fsp%2Fpublic, RUTA=usuario%2F19156, autoridad=localhost [] {"uid":"5fdcbba"}
[2019-11-17 02:17:47] UTN FRA LOGGER.INFO: metodo=GET, URI=http%3A%2F%2Flocalhost%2Fsp%2Fpublic, RUTA=usuario%2F, autoridad=localhost [] {"uid":"d64c43f"}
[2019-11-17 02:17:49] UTN FRA LOGGER.INFO: metodo=GET, URI=http%3A%2F%2Flocalhost%2Fsp%2Fpublic, RUTA=usuario%2F, autoridad=localhost [] {"uid":"75f8e8a"}
[2019-11-17 02:18:05] UTN FRA LOGGER.INFO: metodo=POST, URI=http%3A%2F%2Flocalhost%2Fsp%2Fpublic, RUTA=login, autoridad=localhost [] {"uid":"0cec223"}
[2019-11-17 02:18:21] UTN FRA LOGGER.INFO: metodo=POST, URI=http%3A%2F%2Flocalhost%2Fsp%2Fpublic, RUTA=usuario%2F19156, autoridad=localhost [] {"uid":"dcfb61b"}
[2019-11-17 02:18:26] UTN FRA LOGGER.INFO: metodo=GET, URI=http%3A%2F%2Flocalhost%2Fsp%2Fpublic, RUTA=usuario%2F, autoridad=localhost [] {"uid":"181c589"}
[2019-11-17 02:18:36] UTN FRA LOGGER.INFO: metodo=POST, URI=http%3A%2F%2Flocalhost%2Fsp%2Fpublic, RUTA=login, autoridad=localhost [] {"uid":"a0c4e0d"}
[2019-11-17 02:18:53] UTN FRA LOGGER.INFO: metodo=POST, URI=http%3A%2F%2Flocalhost%2Fsp%2Fpublic, RUTA=usuario%2F19156, autoridad=localhost [] {"uid":"8607f01"}
[2019-11-17 02:18:58] UTN FRA LOGGER.INFO: metodo=POST, URI=http%3A%2F%2Flocalhost%2Fsp%2Fpublic, RUTA=usuario%2F19156, autoridad=localhost [] {"uid":"3d0c6fe"}
[2019-11-17 02:19:02] UTN FRA LOGGER.INFO: metodo=GET, URI=http%3A%2F%2Flocalhost%2Fsp%2Fpublic, RUTA=usuario%2F, autoridad=localhost [] {"uid":"e08690c"}
[2019-11-17 02:20:52] UTN FRA LOGGER.INFO: metodo=POST, URI=http%3A%2F%2Flocalhost%2Fsp%2Fpublic, RUTA=usuario%2F50917, autoridad=localhost [] {"uid":"848f7e2"}
[2019-11-17 02:21:04] UTN FRA LOGGER.INFO: metodo=POST, URI=http%3A%2F%2Flocalhost%2Fsp%2Fpublic, RUTA=usuario%2F50917, autoridad=localhost [] {"uid":"be4a4b8"}
[2019-11-17 02:21:24] UTN FRA LOGGER.INFO: metodo=POST, URI=http%3A%2F%2Flocalhost%2Fsp%2Fpublic, RUTA=usuario%2F19156, autoridad=localhost [] {"uid":"b8fe107"}
[2019-11-17 02:21:37] UTN FRA LOGGER.INFO: metodo=GET, URI=http%3A%2F%2Flocalhost%2Fsp%2Fpublic, RUTA=usuario%2F, autoridad=localhost [] {"uid":"fde45a1"}
[2019-11-17 02:21:53] UTN FRA LOGGER.INFO: metodo=POST, URI=http%3A%2F%2Flocalhost%2Fsp%2Fpublic, RUTA=usuario%2F15257, autoridad=localhost [] {"uid":"c877299"}
[2019-11-17 02:21:57] UTN FRA LOGGER.INFO: metodo=GET, URI=http%3A%2F%2Flocalhost%2Fsp%2Fpublic, RUTA=usuario%2F, autoridad=localhost [] {"uid":"7decf5a"}
[2019-11-17 02:22:21] UTN FRA LOGGER.INFO: metodo=POST, URI=http%3A%2F%2Flocalhost%2Fsp%2Fpublic, RUTA=usuario%2F, autoridad=localhost [] {"uid":"f220514"}
[2019-11-17 02:22:25] UTN FRA LOGGER.INFO: metodo=GET, URI=http%3A%2F%2Flocalhost%2Fsp%2Fpublic, RUTA=usuario%2F, autoridad=localhost [] {"uid":"16a946d"}
[2019-11-17 02:22:39] UTN FRA LOGGER.INFO: metodo=POST, URI=http%3A%2F%2Flocalhost%2Fsp%2Fpublic, RUTA=login, autoridad=localhost [] {"uid":"fd37299"}
[2019-11-17 02:23:10] UTN FRA LOGGER.INFO: metodo=POST, URI=http%3A%2F%2Flocalhost%2Fsp%2Fpublic, RUTA=materia, autoridad=localhost [] {"uid":"f4de544"}
[2019-11-17 02:23:16] UTN FRA LOGGER.INFO: metodo=GET, URI=http%3A%2F%2Flocalhost%2Fsp%2Fpublic, RUTA=usuario%2F, autoridad=localhost [] {"uid":"275252c"}
[2019-11-17 02:23:48] UTN FRA LOGGER.INFO: metodo=POST, URI=http%3A%2F%2Flocalhost%2Fsp%2Fpublic, RUTA=login, autoridad=localhost [] {"uid":"5c5e0bc"}
[2019-11-17 02:24:19] UTN FRA LOGGER.INFO: metodo=POST, URI=http%3A%2F%2Flocalhost%2Fsp%2Fpublic, RUTA=materia, autoridad=localhost [] {"uid":"ab467c0"}
[2019-11-17 02:25:02] UTN FRA LOGGER.INFO: metodo=POST, URI=http%3A%2F%2Flocalhost%2Fsp%2Fpublic, RUTA=inscripcion%2F3, autoridad=localhost [] {"uid":"3b31b6d"}
[2019-11-17 02:25:41] UTN FRA LOGGER.INFO: metodo=GET, URI=http%3A%2F%2Flocalhost%2Fsp%2Fpublic, RUTA=materias, autoridad=localhost [] {"uid":"ba13735"}
[2019-11-17 02:26:02] UTN FRA LOGGER.INFO: metodo=GET, URI=http%3A%2F%2Flocalhost%2Fsp%2Fpublic, RUTA=usuario%2F, autoridad=localhost [] {"uid":"5e5b95a"}
[2019-11-17 02:26:12] UTN FRA LOGGER.INFO: metodo=POST, URI=http%3A%2F%2Flocalhost%2Fsp%2Fpublic, RUTA=login, autoridad=localhost [] {"uid":"1d42691"}
[2019-11-17 02:26:24] UTN FRA LOGGER.INFO: metodo=GET, URI=http%3A%2F%2Flocalhost%2Fsp%2Fpublic, RUTA=materias, autoridad=localhost [] {"uid":"0452213"}
[2019-11-17 02:26:39] UTN FRA LOGGER.INFO: metodo=POST, URI=http%3A%2F%2Flocalhost%2Fsp%2Fpublic, RUTA=login, autoridad=localhost [] {"uid":"6426928"}
[2019-11-17 02:27:20] UTN FRA LOGGER.INFO: metodo=POST, URI=http%3A%2F%2Flocalhost%2Fsp%2Fpublic, RUTA=login, autoridad=localhost [] {"uid":"ae88e60"}
[2019-11-17 02:27:35] UTN FRA LOGGER.INFO: metodo=GET, URI=http%3A%2F%2Flocalhost%2Fsp%2Fpublic, RUTA=materias, autoridad=localhost [] {"uid":"eadedd0"}
[2019-11-17 02:54:45] UTN FRA LOGGER.INFO: metodo=GET, URI=http%3A%2F%2Flocalhost%2Fsp%2Fpublic, RUTA=materias%2F1, autoridad=localhost [] {"uid":"cc1275b"}
[2019-11-17 02:54:56] UTN FRA LOGGER.INFO: metodo=GET, URI=http%3A%2F%2Flocalhost%2Fsp%2Fpublic, RUTA=materias%2F2, autoridad=localhost [] {"uid":"ccc4e89"}
[2019-11-17 02:55:10] UTN FRA LOGGER.INFO: metodo=GET, URI=http%3A%2F%2Flocalhost%2Fsp%2Fpublic, RUTA=materias%2F2, autoridad=localhost [] {"uid":"4f65f2a"}
[2019-11-17 02:56:34] UTN FRA LOGGER.INFO: metodo=GET, URI=http%3A%2F%2Flocalhost%2Fsp%2Fpublic, RUTA=materias%2F2, autoridad=localhost [] {"uid":"763d412"}
[2019-11-17 02:57:37] UTN FRA LOGGER.INFO: metodo=GET, URI=http%3A%2F%2Flocalhost%2Fsp%2Fpublic, RUTA=materias%2F2, autoridad=localhost [] {"uid":"7254f85"}
[2019-11-17 02:58:28] UTN FRA LOGGER.INFO: metodo=GET, URI=http%3A%2F%2Flocalhost%2Fsp%2Fpublic, RUTA=materias%2F2, autoridad=localhost [] {"uid":"7c23b95"}
[2019-11-17 02:58:40] UTN FRA LOGGER.INFO: metodo=GET, URI=http%3A%2F%2Flocalhost%2Fsp%2Fpublic, RUTA=materias%2F2, autoridad=localhost [] {"uid":"dc97a4f"}
[2019-11-17 02:59:00] UTN FRA LOGGER.INFO: metodo=GET, URI=http%3A%2F%2Flocalhost%2Fsp%2Fpublic, RUTA=materias%2F2, autoridad=localhost [] {"uid":"316a3f6"}
[2019-11-17 02:59:53] UTN FRA LOGGER.INFO: metodo=GET, URI=http%3A%2F%2Flocalhost%2Fsp%2Fpublic, RUTA=materias%2F2, autoridad=localhost [] {"uid":"832eb39"}
[2019-11-17 03:00:01] UTN FRA LOGGER.INFO: metodo=GET, URI=http%3A%2F%2Flocalhost%2Fsp%2Fpublic, RUTA=materias%2F3, autoridad=localhost [] {"uid":"6e419ec"}
[2019-11-17 03:00:06] UTN FRA LOGGER.INFO: metodo=GET, URI=http%3A%2F%2Flocalhost%2Fsp%2Fpublic, RUTA=materias%2F4, autoridad=localhost [] {"uid":"c62bd0b"}
[2019-11-17 03:00:11] UTN FRA LOGGER.INFO: metodo=GET, URI=http%3A%2F%2Flocalhost%2Fsp%2Fpublic, RUTA=materias%2F5, autoridad=localhost [] {"uid":"3bf63f7"}
[2019-11-17 03:00:16] UTN FRA LOGGER.INFO: metodo=GET, URI=http%3A%2F%2Flocalhost%2Fsp%2Fpublic, RUTA=materias%2F6, autoridad=localhost [] {"uid":"d142b29"}
[2019-11-17 03:00:21] UTN FRA LOGGER.INFO: metodo=GET, URI=http%3A%2F%2Flocalhost%2Fsp%2Fpublic, RUTA=materias%2F2, autoridad=localhost [] {"uid":"fb1df36"}
[2019-11-17 03:00:27] UTN FRA LOGGER.INFO: metodo=GET, URI=http%3A%2F%2Flocalhost%2Fsp%2Fpublic, RUTA=materias, autoridad=localhost [] {"uid":"6af637d"}
[2019-11-17 03:00:49] UTN FRA LOGGER.INFO: metodo=GET, URI=http%3A%2F%2Flocalhost%2Fsp%2Fpublic, RUTA=materias%2F2, autoridad=localhost [] {"uid":"4b07923"}
[2019-11-17 03:00:53] UTN FRA LOGGER.INFO: metodo=GET, URI=http%3A%2F%2Flocalhost%2Fsp%2Fpublic, RUTA=materias%2F3, autoridad=localhost [] {"uid":"8b580c9"}
[2019-11-17 03:00:58] UTN FRA LOGGER.INFO: metodo=GET, URI=http%3A%2F%2Flocalhost%2Fsp%2Fpublic, RUTA=materias, autoridad=localhost [] {"uid":"55c9c05"}
[2019-11-17 03:01:08] UTN FRA LOGGER.INFO: metodo=GET, URI=http%3A%2F%2Flocalhost%2Fsp%2Fpublic, RUTA=materias%2F4, autoridad=localhost [] {"uid":"d118331"}
[2019-11-17 03:01:12] UTN FRA LOGGER.INFO: metodo=GET, URI=http%3A%2F%2Flocalhost%2Fsp%2Fpublic, RUTA=materias%2F5, autoridad=localhost [] {"uid":"d2640f2"}
[2019-11-17 03:01:17] UTN FRA LOGGER.INFO: metodo=GET, URI=http%3A%2F%2Flocalhost%2Fsp%2Fpublic, RUTA=materias%2F4, autoridad=localhost [] {"uid":"dace3e7"}
[2019-11-17 03:01:22] UTN FRA LOGGER.INFO: metodo=GET, URI=http%3A%2F%2Flocalhost%2Fsp%2Fpublic, RUTA=materias%2F2, autoridad=localhost [] {"uid":"887a830"}
[2019-11-17 03:01:26] UTN FRA LOGGER.INFO: metodo=GET, URI=http%3A%2F%2Flocalhost%2Fsp%2Fpublic, RUTA=materias, autoridad=localhost [] {"uid":"0a8c87a"}
[2019-11-17 03:01:42] UTN FRA LOGGER.INFO: metodo=POST, URI=http%3A%2F%2Flocalhost%2Fsp%2Fpublic, RUTA=login, autoridad=localhost [] {"uid":"bc4d833"}
[2019-11-17 03:02:43] UTN FRA LOGGER.INFO: metodo=GET, URI=http%3A%2F%2Flocalhost%2Fsp%2Fpublic, RUTA=materias%2F2, autoridad=localhost [] {"uid":"8296ef2"}
[2019-11-17 03:02:47] UTN FRA LOGGER.INFO: metodo=GET, URI=http%3A%2F%2Flocalhost%2Fsp%2Fpublic, RUTA=materias%2F1, autoridad=localhost [] {"uid":"3f7cdc1"}
[2019-11-17 03:02:51] UTN FRA LOGGER.INFO: metodo=GET, URI=http%3A%2F%2Flocalhost%2Fsp%2Fpublic, RUTA=materias%2F3, autoridad=localhost [] {"uid":"eb3c0d8"}
[2019-11-17 03:02:55] UTN FRA LOGGER.INFO: metodo=GET, URI=http%3A%2F%2Flocalhost%2Fsp%2Fpublic, RUTA=materias%2F2, autoridad=localhost [] {"uid":"5d51190"}
[2019-11-17 03:04:26] UTN FRA LOGGER.INFO: metodo=GET, URI=http%3A%2F%2Flocalhost%2Fsp%2Fpublic, RUTA=materias%2F2, autoridad=localhost [] {"uid":"66110ef"}
[2019-11-17 03:05:18] UTN FRA LOGGER.INFO: metodo=GET, URI=http%3A%2F%2Flocalhost%2Fsp%2Fpublic, RUTA=materias%2F2, autoridad=localhost [] {"uid":"847506b"}
[2019-11-17 03:05:37] UTN FRA LOGGER.INFO: metodo=GET, URI=http%3A%2F%2Flocalhost%2Fsp%2Fpublic, RUTA=materias%2F2, autoridad=localhost [] {"uid":"b005063"}
[2019-11-17 03:05:42] UTN FRA LOGGER.INFO: metodo=GET, URI=http%3A%2F%2Flocalhost%2Fsp%2Fpublic, RUTA=materias%2F3, autoridad=localhost [] {"uid":"ca7f92a"}
[2019-11-17 03:05:45] UTN FRA LOGGER.INFO: metodo=GET, URI=http%3A%2F%2Flocalhost%2Fsp%2Fpublic, RUTA=materias%2F5, autoridad=localhost [] {"uid":"89277ff"}
[2019-11-17 03:05:49] UTN FRA LOGGER.INFO: metodo=GET, URI=http%3A%2F%2Flocalhost%2Fsp%2Fpublic, RUTA=materias%2F4, autoridad=localhost [] {"uid":"ce840b5"}
[2019-11-17 03:05:52] UTN FRA LOGGER.INFO: metodo=GET, URI=http%3A%2F%2Flocalhost%2Fsp%2Fpublic, RUTA=materias%2F1, autoridad=localhost [] {"uid":"1692065"}
[2019-11-17 03:13:23] UTN FRA LOGGER.INFO: metodo=POST, URI=http%3A%2F%2Flocalhost%2Fsp%2Fpublic, RUTA=login, autoridad=localhost [] {"uid":"4ecb31d"}
[2019-11-17 03:13:42] UTN FRA LOGGER.INFO: metodo=GET, URI=http%3A%2F%2Flocalhost%2Fsp%2Fpublic, RUTA=materias%2F1, autoridad=localhost [] {"uid":"df1c84e"}
[2019-11-17 03:13:52] UTN FRA LOGGER.INFO: metodo=GET, URI=http%3A%2F%2Flocalhost%2Fsp%2Fpublic, RUTA=materias%2F5, autoridad=localhost [] {"uid":"49640c4"}
[2019-11-17 03:13:56] UTN FRA LOGGER.INFO: metodo=GET, URI=http%3A%2F%2Flocalhost%2Fsp%2Fpublic, RUTA=materias%2F4, autoridad=localhost [] {"uid":"153097a"}
[2019-11-17 03:14:08] UTN FRA LOGGER.INFO: metodo=GET, URI=http%3A%2F%2Flocalhost%2Fsp%2Fpublic, RUTA=materias%2F4, autoridad=localhost [] {"uid":"020c8dc"}
[2019-11-17 03:14:14] UTN FRA LOGGER.INFO: metodo=GET, URI=http%3A%2F%2Flocalhost%2Fsp%2Fpublic, RUTA=materias%2F5, autoridad=localhost [] {"uid":"582523d"}
[2019-11-17 03:14:42] UTN FRA LOGGER.INFO: metodo=GET, URI=http%3A%2F%2Flocalhost%2Fsp%2Fpublic, RUTA=materias%2F5, autoridad=localhost [] {"uid":"88319ce"}
[2019-11-17 03:14:46] UTN FRA LOGGER.INFO: metodo=GET, URI=http%3A%2F%2Flocalhost%2Fsp%2Fpublic, RUTA=materias%2F4, autoridad=localhost [] {"uid":"83761a9"}
[2019-11-17 03:19:42] UTN FRA LOGGER.INFO: metodo=GET, URI=http%3A%2F%2Flocalhost%2Fsp%2Fpublic, RUTA=materias%2F4, autoridad=localhost [] {"uid":"a8cc15d"}
[2019-11-17 03:31:22] UTN FRA LOGGER.INFO: metodo=GET, URI=http%3A%2F%2Flocalhost%2Fsp%2Fpublic, RUTA=materias%2F4, autoridad=localhost [] {"uid":"f652a7f"}
[2019-11-17 03:31:38] UTN FRA LOGGER.INFO: metodo=GET, URI=http%3A%2F%2Flocalhost%2Fsp%2Fpublic, RUTA=materias%2F4, autoridad=localhost [] {"uid":"4c8e5e7"}
[2019-11-17 03:31:54] UTN FRA LOGGER.INFO: metodo=GET, URI=http%3A%2F%2Flocalhost%2Fsp%2Fpublic, RUTA=materias%2F2, autoridad=localhost [] {"uid":"eff6134"}
[2019-11-17 03:33:25] UTN FRA LOGGER.INFO: metodo=GET, URI=http%3A%2F%2Flocalhost%2Fsp%2Fpublic, RUTA=materias%2F2, autoridad=localhost [] {"uid":"559c3a0"}
[2019-11-17 03:34:11] UTN FRA LOGGER.INFO: metodo=GET, URI=http%3A%2F%2Flocalhost%2Fsp%2Fpublic, RUTA=materias%2F4, autoridad=localhost [] {"uid":"6958ee4"}
[2019-11-17 03:34:22] UTN FRA LOGGER.INFO: metodo=GET, URI=http%3A%2F%2Flocalhost%2Fsp%2Fpublic, RUTA=materias%2F3, autoridad=localhost [] {"uid":"4e8b4ca"}
[2019-11-17 03:34:27] UTN FRA LOGGER.INFO: metodo=GET, URI=http%3A%2F%2Flocalhost%2Fsp%2Fpublic, RUTA=materias%2F5, autoridad=localhost [] {"uid":"6a36207"}
[2019-11-17 03:34:32] UTN FRA LOGGER.INFO: metodo=GET, URI=http%3A%2F%2Flocalhost%2Fsp%2Fpublic, RUTA=materias%2F2, autoridad=localhost [] {"uid":"4a2b40a"}
[2019-11-17 03:35:48] UTN FRA LOGGER.INFO: metodo=GET, URI=http%3A%2F%2Flocalhost%2Fsp%2Fpublic, RUTA=materias%2F2, autoridad=localhost [] {"uid":"2b46f99"}
[2019-11-17 03:35:53] UTN FRA LOGGER.INFO: metodo=GET, URI=http%3A%2F%2Flocalhost%2Fsp%2Fpublic, RUTA=materias%2F4, autoridad=localhost [] {"uid":"6c59201"}
[2019-11-17 03:35:57] UTN FRA LOGGER.INFO: metodo=GET, URI=http%3A%2F%2Flocalhost%2Fsp%2Fpublic, RUTA=materias%2F1, autoridad=localhost [] {"uid":"e313c35"}
[2019-11-17 03:36:02] UTN FRA LOGGER.INFO: metodo=GET, URI=http%3A%2F%2Flocalhost%2Fsp%2Fpublic, RUTA=materias%2F3, autoridad=localhost [] {"uid":"2299036"}
[2019-11-17 03:36:08] UTN FRA LOGGER.INFO: metodo=GET, URI=http%3A%2F%2Flocalhost%2Fsp%2Fpublic, RUTA=materias%2F5, autoridad=localhost [] {"uid":"ee1c4c5"}
