[2019-06-13 14:22:41] UTN FRA LOGGER.INFO: ::1 [] {"uid":"ecfba35"}
[2019-06-13 14:23:14] UTN FRA LOGGER.INFO: ip :::1 [] {"uid":"f1af206"}
[2019-06-13 14:31:21] UTN FRA LOGGER.INFO: info  =Mozilla/5.0 (X11; Linux x86_64) AppleWebKit/537.36 (KHTML, like Gecko) Chrome/73.0.3683.86 Safari/537.36 [] {"uid":"2676799"}
[2019-06-13 14:31:21] UTN FRA LOGGER.INFO: ip =::1 [] {"uid":"2676799"}
[2019-06-13 14:33:01] UTN FRA LOGGER.INFO: info  =PostmanRuntime/7.1.1 [] {"uid":"1c0e970"}
[2019-06-13 14:33:01] UTN FRA LOGGER.INFO: ip =::1 [] {"uid":"1c0e970"}
[2019-06-13 14:33:04] UTN FRA LOGGER.INFO: info  =PostmanRuntime/7.1.1 [] {"uid":"e0a490b"}
[2019-06-13 14:33:04] UTN FRA LOGGER.INFO: ip =::1 [] {"uid":"e0a490b"}
[2019-06-13 14:33:08] UTN FRA LOGGER.INFO: info  =PostmanRuntime/7.1.1 [] {"uid":"5792b8b"}
[2019-06-13 14:33:08] UTN FRA LOGGER.INFO: ip =::1 [] {"uid":"5792b8b"}
[2019-06-13 14:33:14] UTN FRA LOGGER.INFO: info  =PostmanRuntime/7.1.1 [] {"uid":"c3f3041"}
[2019-06-13 14:33:14] UTN FRA LOGGER.INFO: ip =::1 [] {"uid":"c3f3041"}
[2019-06-13 14:41:27] UTN FRA LOGGER.INFO: info  =Mozilla/5.0 (X11; Linux x86_64; rv:60.0) Gecko/20100101 Firefox/60.0 [] {"uid":"d971c69"}
[2019-06-13 14:41:27] UTN FRA LOGGER.INFO: ip =127.0.0.1 [] {"uid":"d971c69"}
[2019-06-13 14:46:20] UTN FRA LOGGER.INFO: info  =Mozilla/5.0 (X11; Linux x86_64; rv:60.0) Gecko/20100101 Firefox/60.0 [] {"uid":"01737b9"}
[2019-06-13 14:46:20] UTN FRA LOGGER.INFO: ip =127.0.0.1 [] {"uid":"01737b9"}
[2019-06-13 14:48:37] UTN FRA LOGGER.INFO: info  =Mozilla/5.0 (X11; Linux x86_64) AppleWebKit/537.36 (KHTML, like Gecko) Chrome/50.0.2661.76 YaBrowser/16.6.0.6383 (beta) Safari/537.36 [] {"uid":"5d9f7e5"}
[2019-06-13 14:48:37] UTN FRA LOGGER.INFO: ip =::1 [] {"uid":"5d9f7e5"}
[2019-06-13 14:48:52] UTN FRA LOGGER.INFO: info  =Mozilla/5.0 (X11; Linux x86_64) AppleWebKit/537.36 (KHTML, like Gecko) Chrome/50.0.2661.76 YaBrowser/16.6.0.6383 (beta) Safari/537.36 [] {"uid":"f6cdba9"}
[2019-06-13 14:48:52] UTN FRA LOGGER.INFO: ip =::1 [] {"uid":"f6cdba9"}
[2019-06-13 14:48:59] UTN FRA LOGGER.INFO: info  =Mozilla/5.0 (X11; Linux x86_64) AppleWebKit/537.36 (KHTML, like Gecko) Chrome/50.0.2661.76 YaBrowser/16.6.0.6383 (beta) Safari/537.36 [] {"uid":"7fb9fe5"}
[2019-06-13 14:48:59] UTN FRA LOGGER.INFO: ip =::1 [] {"uid":"7fb9fe5"}
[2019-06-13 14:50:12] UTN FRA LOGGER.INFO: info  =Mozilla/5.0 (X11; Linux x86_64) AppleWebKit/537.36 (KHTML, like Gecko) Chrome/71.0.3578.98 Safari/537.36 OPR/58.0.3135.107 [] {"uid":"05adba9"}
[2019-06-13 14:50:13] UTN FRA LOGGER.INFO: ip =::1 [] {"uid":"05adba9"}
[2019-06-13 14:51:49] UTN FRA LOGGER.INFO: info  =Mozilla/5.0 (X11; Linux x86_64) AppleWebKit/537.36 (KHTML, like Gecko) Chrome/73.0.3683.86 Safari/537.36 [] {"uid":"4869fa1"}
[2019-06-13 14:51:49] UTN FRA LOGGER.INFO: ip =::1 [] {"uid":"4869fa1"}
[2019-06-13 14:52:04] UTN FRA LOGGER.INFO: info  =PostmanRuntime/7.1.1 [] {"uid":"955f892"}
[2019-06-13 14:52:04] UTN FRA LOGGER.INFO: ip =::1 [] {"uid":"955f892"}
[2019-06-13 14:52:24] UTN FRA LOGGER.INFO: Datos  =PostmanRuntime/7.1.1 [] {"uid":"3d3557f"}
[2019-06-13 14:52:24] UTN FRA LOGGER.INFO: ip =::1 [] {"uid":"3d3557f"}
[2019-06-13 14:52:34] UTN FRA LOGGER.INFO: Datos  =Mozilla/5.0 (X11; Linux x86_64) AppleWebKit/537.36 (KHTML, like Gecko) Chrome/71.0.3578.98 Safari/537.36 OPR/58.0.3135.107 [] {"uid":"521a87e"}
[2019-06-13 14:52:34] UTN FRA LOGGER.INFO: ip =::1 [] {"uid":"521a87e"}
[2019-06-13 14:54:41] UTN FRA LOGGER.INFO: Datos  =Mozilla/5.0 (X11; Linux x86_64) AppleWebKit/537.36 (KHTML, like Gecko) Chrome/73.0.3683.86 Safari/537.36 [] {"uid":"15b9fd3"}
[2019-06-13 14:54:41] UTN FRA LOGGER.INFO: ip =::1 [] {"uid":"15b9fd3"}
[2019-06-13 15:40:36] UTN FRA LOGGER.INFO: Datos  =Mozilla/5.0 (X11; Linux x86_64) AppleWebKit/537.36 (KHTML, like Gecko) Chrome/73.0.3683.86 Safari/537.36 [] {"uid":"bbb9226"}
[2019-06-13 15:40:36] UTN FRA LOGGER.INFO: ip =::1 [] {"uid":"bbb9226"}
[2019-06-13 15:40:42] UTN FRA LOGGER.INFO: Datos  =Mozilla/5.0 (X11; Linux x86_64) AppleWebKit/537.36 (KHTML, like Gecko) Chrome/73.0.3683.86 Safari/537.36 [] {"uid":"d5105f7"}
[2019-06-13 15:40:42] UTN FRA LOGGER.INFO: ip =::1 [] {"uid":"d5105f7"}
[2019-06-13 15:41:29] UTN FRA LOGGER.INFO: Datos  =Mozilla/5.0 (X11; Linux x86_64) AppleWebKit/537.36 (KHTML, like Gecko) Chrome/73.0.3683.86 Safari/537.36 [] {"uid":"e12c6d8"}
[2019-06-13 15:41:29] UTN FRA LOGGER.INFO: ip =::1 [] {"uid":"e12c6d8"}
[2019-06-13 15:42:30] UTN FRA LOGGER.INFO: Datos  =Mozilla/5.0 (X11; Linux x86_64) AppleWebKit/537.36 (KHTML, like Gecko) Chrome/73.0.3683.86 Safari/537.36 [] {"uid":"36ef6fa"}
[2019-06-13 15:42:30] UTN FRA LOGGER.INFO: ip =::1 [] {"uid":"36ef6fa"}
[2019-06-13 15:45:52] UTN FRA LOGGER.INFO: Datos  =Mozilla/5.0 (X11; Linux x86_64) AppleWebKit/537.36 (KHTML, like Gecko) Chrome/73.0.3683.86 Safari/537.36 [] {"uid":"452e00c"}
[2019-06-13 15:45:52] UTN FRA LOGGER.INFO: ip =::1 [] {"uid":"452e00c"}
[2019-06-13 15:46:48] UTN FRA LOGGER.INFO: Datos  =Mozilla/5.0 (X11; Linux x86_64) AppleWebKit/537.36 (KHTML, like Gecko) Chrome/73.0.3683.86 Safari/537.36 [] {"uid":"accaf17"}
[2019-06-13 15:46:48] UTN FRA LOGGER.INFO: ip =::1 [] {"uid":"accaf17"}
[2019-06-13 15:46:49] UTN FRA LOGGER.INFO: Datos  =Mozilla/5.0 (X11; Linux x86_64) AppleWebKit/537.36 (KHTML, like Gecko) Chrome/73.0.3683.86 Safari/537.36 [] {"uid":"2977b9f"}
[2019-06-13 15:46:49] UTN FRA LOGGER.INFO: ip =::1 [] {"uid":"2977b9f"}
[2019-06-13 15:46:50] UTN FRA LOGGER.INFO: Datos  =Mozilla/5.0 (X11; Linux x86_64) AppleWebKit/537.36 (KHTML, like Gecko) Chrome/73.0.3683.86 Safari/537.36 [] {"uid":"5b1fbcd"}
[2019-06-13 15:46:50] UTN FRA LOGGER.INFO: ip =::1 [] {"uid":"5b1fbcd"}
[2019-06-13 15:47:05] UTN FRA LOGGER.INFO: Datos  =Mozilla/5.0 (X11; Linux x86_64) AppleWebKit/537.36 (KHTML, like Gecko) Chrome/73.0.3683.86 Safari/537.36 [] {"uid":"618e906"}
[2019-06-13 15:47:05] UTN FRA LOGGER.INFO: ip =::1 [] {"uid":"618e906"}
[2019-06-13 15:47:10] UTN FRA LOGGER.INFO: Datos  =Mozilla/5.0 (X11; Linux x86_64) AppleWebKit/537.36 (KHTML, like Gecko) Chrome/73.0.3683.86 Safari/537.36 [] {"uid":"e6f850c"}
[2019-06-13 15:47:10] UTN FRA LOGGER.INFO: ip =::1 [] {"uid":"e6f850c"}
[2019-06-13 15:47:16] UTN FRA LOGGER.INFO: Datos  =Mozilla/5.0 (X11; Linux x86_64) AppleWebKit/537.36 (KHTML, like Gecko) Chrome/73.0.3683.86 Safari/537.36 [] {"uid":"6080469"}
[2019-06-13 15:47:16] UTN FRA LOGGER.INFO: ip =::1 [] {"uid":"6080469"}
[2019-06-13 15:47:52] UTN FRA LOGGER.INFO: Datos  =Mozilla/5.0 (X11; Linux x86_64) AppleWebKit/537.36 (KHTML, like Gecko) Chrome/73.0.3683.86 Safari/537.36 [] {"uid":"be829a8"}
[2019-06-13 15:47:52] UTN FRA LOGGER.INFO: ip =::1 [] {"uid":"be829a8"}
[2019-06-13 15:47:55] UTN FRA LOGGER.INFO: Datos  =Mozilla/5.0 (X11; Linux x86_64) AppleWebKit/537.36 (KHTML, like Gecko) Chrome/73.0.3683.86 Safari/537.36 [] {"uid":"8f497ca"}
[2019-06-13 15:47:55] UTN FRA LOGGER.INFO: ip =::1 [] {"uid":"8f497ca"}
[2019-06-13 15:48:12] UTN FRA LOGGER.INFO: Datos  =Mozilla/5.0 (X11; Linux x86_64) AppleWebKit/537.36 (KHTML, like Gecko) Chrome/73.0.3683.86 Safari/537.36 [] {"uid":"9e48c5a"}
[2019-06-13 15:48:12] UTN FRA LOGGER.INFO: ip =::1 [] {"uid":"9e48c5a"}
[2019-06-13 15:48:15] UTN FRA LOGGER.INFO: Datos  =Mozilla/5.0 (X11; Linux x86_64) AppleWebKit/537.36 (KHTML, like Gecko) Chrome/73.0.3683.86 Safari/537.36 [] {"uid":"b916695"}
[2019-06-13 15:48:15] UTN FRA LOGGER.INFO: ip =::1 [] {"uid":"b916695"}
[2019-06-13 15:50:55] UTN FRA LOGGER.INFO: Datos  =Mozilla/5.0 (X11; Linux x86_64) AppleWebKit/537.36 (KHTML, like Gecko) Chrome/73.0.3683.86 Safari/537.36 [] {"uid":"1dd5fc6"}
[2019-06-13 15:50:55] UTN FRA LOGGER.INFO: ip =::1 [] {"uid":"1dd5fc6"}
[2019-06-13 15:51:28] UTN FRA LOGGER.INFO: Datos  =Mozilla/5.0 (X11; Linux x86_64) AppleWebKit/537.36 (KHTML, like Gecko) Chrome/73.0.3683.86 Safari/537.36 [] {"uid":"458c08c"}
[2019-06-13 15:51:28] UTN FRA LOGGER.INFO: ip =::1 [] {"uid":"458c08c"}
[2019-06-13 15:51:33] UTN FRA LOGGER.INFO: Datos  =Mozilla/5.0 (X11; Linux x86_64) AppleWebKit/537.36 (KHTML, like Gecko) Chrome/73.0.3683.86 Safari/537.36 [] {"uid":"c57b200"}
[2019-06-13 15:51:33] UTN FRA LOGGER.INFO: ip =::1 [] {"uid":"c57b200"}
[2019-06-13 15:53:23] UTN FRA LOGGER.INFO: Datos  =Mozilla/5.0 (X11; Linux x86_64) AppleWebKit/537.36 (KHTML, like Gecko) Chrome/73.0.3683.86 Safari/537.36 [] {"uid":"903207f"}
[2019-06-13 15:53:23] UTN FRA LOGGER.INFO: ip =::1 [] {"uid":"903207f"}
[2019-06-13 15:53:26] UTN FRA LOGGER.INFO: Datos  =Mozilla/5.0 (X11; Linux x86_64) AppleWebKit/537.36 (KHTML, like Gecko) Chrome/73.0.3683.86 Safari/537.36 [] {"uid":"3a71660"}
[2019-06-13 15:53:26] UTN FRA LOGGER.INFO: ip =::1 [] {"uid":"3a71660"}
[2019-06-13 15:54:00] UTN FRA LOGGER.INFO: Datos  =Mozilla/5.0 (X11; Linux x86_64) AppleWebKit/537.36 (KHTML, like Gecko) Chrome/73.0.3683.86 Safari/537.36 [] {"uid":"b363313"}
[2019-06-13 15:54:00] UTN FRA LOGGER.INFO: ip =::1 [] {"uid":"b363313"}
[2019-06-13 15:54:01] UTN FRA LOGGER.INFO: Datos  =Mozilla/5.0 (X11; Linux x86_64) AppleWebKit/537.36 (KHTML, like Gecko) Chrome/73.0.3683.86 Safari/537.36 [] {"uid":"a1ab03e"}
[2019-06-13 15:54:01] UTN FRA LOGGER.INFO: ip =::1 [] {"uid":"a1ab03e"}
[2019-06-13 15:54:01] UTN FRA LOGGER.INFO: Datos  =Mozilla/5.0 (X11; Linux x86_64) AppleWebKit/537.36 (KHTML, like Gecko) Chrome/73.0.3683.86 Safari/537.36 [] {"uid":"74bb1fc"}
[2019-06-13 15:54:01] UTN FRA LOGGER.INFO: ip =::1 [] {"uid":"74bb1fc"}
[2019-06-13 15:54:01] UTN FRA LOGGER.INFO: Datos  =Mozilla/5.0 (X11; Linux x86_64) AppleWebKit/537.36 (KHTML, like Gecko) Chrome/73.0.3683.86 Safari/537.36 [] {"uid":"e07b9d7"}
[2019-06-13 15:54:01] UTN FRA LOGGER.INFO: ip =::1 [] {"uid":"e07b9d7"}
[2019-06-13 15:54:01] UTN FRA LOGGER.INFO: Datos  =Mozilla/5.0 (X11; Linux x86_64) AppleWebKit/537.36 (KHTML, like Gecko) Chrome/73.0.3683.86 Safari/537.36 [] {"uid":"b3e7a0b"}
[2019-06-13 15:54:01] UTN FRA LOGGER.INFO: ip =::1 [] {"uid":"b3e7a0b"}
[2019-06-13 15:54:02] UTN FRA LOGGER.INFO: Datos  =Mozilla/5.0 (X11; Linux x86_64) AppleWebKit/537.36 (KHTML, like Gecko) Chrome/73.0.3683.86 Safari/537.36 [] {"uid":"e6fa77e"}
[2019-06-13 15:54:02] UTN FRA LOGGER.INFO: ip =::1 [] {"uid":"e6fa77e"}
[2019-06-13 15:54:02] UTN FRA LOGGER.INFO: Datos  =Mozilla/5.0 (X11; Linux x86_64) AppleWebKit/537.36 (KHTML, like Gecko) Chrome/73.0.3683.86 Safari/537.36 [] {"uid":"262fbd8"}
[2019-06-13 15:54:02] UTN FRA LOGGER.INFO: ip =::1 [] {"uid":"262fbd8"}
[2019-06-13 15:54:29] UTN FRA LOGGER.INFO: Datos  =Mozilla/5.0 (X11; Linux x86_64) AppleWebKit/537.36 (KHTML, like Gecko) Chrome/73.0.3683.86 Safari/537.36 [] {"uid":"69026c5"}
[2019-06-13 15:54:29] UTN FRA LOGGER.INFO: ip =::1 [] {"uid":"69026c5"}
[2019-06-13 15:54:53] UTN FRA LOGGER.INFO: Datos  =Mozilla/5.0 (X11; Linux x86_64) AppleWebKit/537.36 (KHTML, like Gecko) Chrome/73.0.3683.86 Safari/537.36 [] {"uid":"7f80bac"}
[2019-06-13 15:54:53] UTN FRA LOGGER.INFO: ip =::1 [] {"uid":"7f80bac"}
[2019-06-13 16:14:20] UTN FRA LOGGER.INFO: Datos  =PostmanRuntime/7.1.1 [] {"uid":"f37f107"}
[2019-06-13 16:14:20] UTN FRA LOGGER.INFO: ip =::1 [] {"uid":"f37f107"}
[2019-06-13 16:14:25] UTN FRA LOGGER.INFO: Datos  =PostmanRuntime/7.1.1 [] {"uid":"f86c548"}
[2019-06-13 16:14:25] UTN FRA LOGGER.INFO: ip =::1 [] {"uid":"f86c548"}
[2019-06-13 16:16:52] UTN FRA LOGGER.INFO: Datos  =PostmanRuntime/7.1.1 [] {"uid":"cfce916"}
[2019-06-13 16:16:52] UTN FRA LOGGER.INFO: ip =::1 [] {"uid":"cfce916"}
[2019-06-13 16:16:56] UTN FRA LOGGER.INFO: Datos  =PostmanRuntime/7.1.1 [] {"uid":"24b074c"}
[2019-06-13 16:16:56] UTN FRA LOGGER.INFO: ip =::1 [] {"uid":"24b074c"}
[2019-06-13 16:17:07] UTN FRA LOGGER.INFO: Datos  =PostmanRuntime/7.1.1 [] {"uid":"fecc8fc"}
[2019-06-13 16:17:07] UTN FRA LOGGER.INFO: ip =::1 [] {"uid":"fecc8fc"}
[2019-06-13 16:19:09] UTN FRA LOGGER.INFO: Datos  =Mozilla/5.0 (X11; Linux x86_64) AppleWebKit/537.36 (KHTML, like Gecko) Chrome/73.0.3683.86 Safari/537.36 [] {"uid":"e2193d4"}
[2019-06-13 16:19:09] UTN FRA LOGGER.INFO: ip =::1 [] {"uid":"e2193d4"}
[2019-06-13 16:19:58] UTN FRA LOGGER.INFO: Datos  =Mozilla/5.0 (X11; Linux x86_64) AppleWebKit/537.36 (KHTML, like Gecko) Chrome/73.0.3683.86 Safari/537.36 [] {"uid":"d83d781"}
[2019-06-13 16:19:58] UTN FRA LOGGER.INFO: ip =::1 [] {"uid":"d83d781"}
[2019-06-13 16:20:00] UTN FRA LOGGER.INFO: Datos  =Mozilla/5.0 (X11; Linux x86_64) AppleWebKit/537.36 (KHTML, like Gecko) Chrome/73.0.3683.86 Safari/537.36 [] {"uid":"89e32cc"}
[2019-06-13 16:20:00] UTN FRA LOGGER.INFO: ip =::1 [] {"uid":"89e32cc"}
[2019-06-13 16:20:32] UTN FRA LOGGER.INFO: Datos  =Mozilla/5.0 (X11; Linux x86_64) AppleWebKit/537.36 (KHTML, like Gecko) Chrome/73.0.3683.86 Safari/537.36 [] {"uid":"434586f"}
[2019-06-13 16:20:32] UTN FRA LOGGER.INFO: ip =::1 [] {"uid":"434586f"}
[2019-06-13 16:20:40] UTN FRA LOGGER.INFO: Datos  =PostmanRuntime/7.1.1 [] {"uid":"87cac8e"}
[2019-06-13 16:20:40] UTN FRA LOGGER.INFO: ip =::1 [] {"uid":"87cac8e"}
[2019-11-16 15:34:25] UTN FRA LOGGER.INFO: Datos  =PostmanRuntime/7.16.3 [] {"uid":"d450205"}
[2019-11-16 15:34:25] UTN FRA LOGGER.INFO: ip =::1 [] {"uid":"d450205"}
[2019-11-16 16:02:46] UTN FRA LOGGER.INFO: Datos  =PostmanRuntime/7.16.3 [] {"uid":"61c9088"}
[2019-11-16 16:02:46] UTN FRA LOGGER.INFO: ip =::1 [] {"uid":"61c9088"}
[2019-11-16 16:03:31] UTN FRA LOGGER.INFO: Datos  =PostmanRuntime/7.16.3 [] {"uid":"69e5590"}
[2019-11-16 16:03:31] UTN FRA LOGGER.INFO: ip =::1 [] {"uid":"69e5590"}
[2019-11-16 16:04:58] UTN FRA LOGGER.INFO: Datos  =PostmanRuntime/7.16.3 [] {"uid":"b5587b3"}
[2019-11-16 16:04:58] UTN FRA LOGGER.INFO: ip =::1 [] {"uid":"b5587b3"}
[2019-11-16 16:05:11] UTN FRA LOGGER.INFO: Datos  =PostmanRuntime/7.16.3 [] {"uid":"6dffadf"}
[2019-11-16 16:05:11] UTN FRA LOGGER.INFO: ip =::1 [] {"uid":"6dffadf"}
[2019-11-16 16:05:30] UTN FRA LOGGER.INFO: Datos  =PostmanRuntime/7.16.3 [] {"uid":"9b954a9"}
[2019-11-16 16:05:30] UTN FRA LOGGER.INFO: ip =::1 [] {"uid":"9b954a9"}
[2019-11-16 16:11:03] UTN FRA LOGGER.INFO: Datos  =PostmanRuntime/7.16.3 [] {"uid":"a570406"}
[2019-11-16 16:11:03] UTN FRA LOGGER.INFO: ip =::1 [] {"uid":"a570406"}
[2019-11-16 16:13:56] UTN FRA LOGGER.INFO: Datos  =PostmanRuntime/7.16.3 [] {"uid":"46ab7cd"}
[2019-11-16 16:13:56] UTN FRA LOGGER.INFO: ip =::1 [] {"uid":"46ab7cd"}
[2019-11-16 16:34:33] UTN FRA LOGGER.INFO: Datos  =PostmanRuntime/7.16.3 [] {"uid":"7d278f2"}
[2019-11-16 16:34:33] UTN FRA LOGGER.INFO: ip =::1 [] {"uid":"7d278f2"}
[2019-11-16 16:35:20] UTN FRA LOGGER.INFO: Datos  =PostmanRuntime/7.16.3 [] {"uid":"0346a9e"}
[2019-11-16 16:35:20] UTN FRA LOGGER.INFO: ip =::1 [] {"uid":"0346a9e"}
[2019-11-16 16:35:52] UTN FRA LOGGER.INFO: Datos  =PostmanRuntime/7.16.3 [] {"uid":"b2f9992"}
[2019-11-16 16:35:52] UTN FRA LOGGER.INFO: ip =::1 [] {"uid":"b2f9992"}
[2019-11-16 16:36:46] UTN FRA LOGGER.INFO: Datos  =PostmanRuntime/7.16.3 [] {"uid":"5bcb6c1"}
[2019-11-16 16:36:46] UTN FRA LOGGER.INFO: ip =::1 [] {"uid":"5bcb6c1"}
[2019-11-16 16:39:00] UTN FRA LOGGER.INFO: Datos  =PostmanRuntime/7.16.3 [] {"uid":"0a91cb2"}
[2019-11-16 16:39:00] UTN FRA LOGGER.INFO: ip =::1 [] {"uid":"0a91cb2"}
[2019-11-16 16:40:58] UTN FRA LOGGER.INFO: Datos  =PostmanRuntime/7.16.3 [] {"uid":"ef8dda4"}
[2019-11-16 16:40:58] UTN FRA LOGGER.INFO: ip =::1 [] {"uid":"ef8dda4"}
[2019-11-16 16:43:48] UTN FRA LOGGER.INFO: Datos  =PostmanRuntime/7.16.3 [] {"uid":"3deeb1d"}
[2019-11-16 16:43:48] UTN FRA LOGGER.INFO: ip =::1 [] {"uid":"3deeb1d"}
[2019-11-16 16:46:04] UTN FRA LOGGER.INFO: Datos  =PostmanRuntime/7.16.3 [] {"uid":"86a79b4"}
[2019-11-16 16:46:04] UTN FRA LOGGER.INFO: ip =::1 [] {"uid":"86a79b4"}
[2019-11-16 16:47:00] UTN FRA LOGGER.INFO: Datos  =PostmanRuntime/7.16.3 [] {"uid":"9f65f11"}
[2019-11-16 16:47:00] UTN FRA LOGGER.INFO: ip =::1 [] {"uid":"9f65f11"}
[2019-11-16 16:50:13] UTN FRA LOGGER.INFO: Datos  =PostmanRuntime/7.16.3 [] {"uid":"5eff141"}
[2019-11-16 16:50:13] UTN FRA LOGGER.INFO: ip =::1 [] {"uid":"5eff141"}
[2019-11-16 16:50:32] UTN FRA LOGGER.INFO: Datos  =PostmanRuntime/7.16.3 [] {"uid":"f93b69c"}
[2019-11-16 16:50:32] UTN FRA LOGGER.INFO: ip =::1 [] {"uid":"f93b69c"}
[2019-11-16 16:51:25] UTN FRA LOGGER.INFO: Datos  =PostmanRuntime/7.16.3 [] {"uid":"6c61a0f"}
[2019-11-16 16:51:25] UTN FRA LOGGER.INFO: ip =::1 [] {"uid":"6c61a0f"}
[2019-11-16 16:52:07] UTN FRA LOGGER.INFO: Datos  =PostmanRuntime/7.16.3 [] {"uid":"9310547"}
[2019-11-16 16:52:07] UTN FRA LOGGER.INFO: ip =::1 [] {"uid":"9310547"}
[2019-11-16 16:54:01] UTN FRA LOGGER.INFO: Datos  =PostmanRuntime/7.16.3 [] {"uid":"e9233a6"}
[2019-11-16 16:54:01] UTN FRA LOGGER.INFO: ip =::1 [] {"uid":"e9233a6"}
[2019-11-16 16:54:14] UTN FRA LOGGER.INFO: Datos  =PostmanRuntime/7.16.3 [] {"uid":"2a70ad7"}
[2019-11-16 16:54:14] UTN FRA LOGGER.INFO: ip =::1 [] {"uid":"2a70ad7"}
[2019-11-16 16:59:43] UTN FRA LOGGER.INFO: Datos  =PostmanRuntime/7.16.3 [] {"uid":"d10a516"}
[2019-11-16 16:59:43] UTN FRA LOGGER.INFO: ip =::1 [] {"uid":"d10a516"}
[2019-11-16 16:59:54] UTN FRA LOGGER.INFO: Datos  =PostmanRuntime/7.16.3 [] {"uid":"81e704b"}
[2019-11-16 16:59:54] UTN FRA LOGGER.INFO: ip =::1 [] {"uid":"81e704b"}
[2019-11-16 17:00:24] UTN FRA LOGGER.INFO: Datos  =PostmanRuntime/7.16.3 [] {"uid":"ad03146"}
[2019-11-16 17:00:24] UTN FRA LOGGER.INFO: ip =::1 [] {"uid":"ad03146"}
[2019-11-16 17:00:34] UTN FRA LOGGER.INFO: Datos  =PostmanRuntime/7.16.3 [] {"uid":"d53627b"}
[2019-11-16 17:00:34] UTN FRA LOGGER.INFO: ip =::1 [] {"uid":"d53627b"}
[2019-11-16 17:00:54] UTN FRA LOGGER.INFO: Datos  =PostmanRuntime/7.16.3 [] {"uid":"0e3b47e"}
[2019-11-16 17:00:54] UTN FRA LOGGER.INFO: ip =::1 [] {"uid":"0e3b47e"}
[2019-11-16 17:14:57] UTN FRA LOGGER.INFO: Datos  =PostmanRuntime/7.16.3 [] {"uid":"946e841"}
[2019-11-16 17:14:57] UTN FRA LOGGER.INFO: ip =::1 [] {"uid":"946e841"}
[2019-11-16 17:15:05] UTN FRA LOGGER.INFO: Datos  =PostmanRuntime/7.16.3 [] {"uid":"3929819"}
[2019-11-16 17:15:05] UTN FRA LOGGER.INFO: ip =::1 [] {"uid":"3929819"}
[2019-11-16 17:15:10] UTN FRA LOGGER.INFO: Datos  =PostmanRuntime/7.16.3 [] {"uid":"f649d29"}
[2019-11-16 17:15:10] UTN FRA LOGGER.INFO: ip =::1 [] {"uid":"f649d29"}
[2019-11-16 17:25:26] UTN FRA LOGGER.INFO: Datos  =PostmanRuntime/7.16.3 [] {"uid":"fa762b4"}
[2019-11-16 17:25:26] UTN FRA LOGGER.INFO: ip =::1 [] {"uid":"fa762b4"}
[2019-11-16 17:25:36] UTN FRA LOGGER.INFO: Datos  =PostmanRuntime/7.16.3 [] {"uid":"64be4f0"}
[2019-11-16 17:25:36] UTN FRA LOGGER.INFO: ip =::1 [] {"uid":"64be4f0"}
[2019-11-16 17:26:19] UTN FRA LOGGER.INFO: Datos  =PostmanRuntime/7.16.3 [] {"uid":"c65b669"}
[2019-11-16 17:26:19] UTN FRA LOGGER.INFO: ip =::1 [] {"uid":"c65b669"}
[2019-11-16 17:26:24] UTN FRA LOGGER.INFO: Datos  =PostmanRuntime/7.16.3 [] {"uid":"f6bee4d"}
[2019-11-16 17:26:24] UTN FRA LOGGER.INFO: ip =::1 [] {"uid":"f6bee4d"}
[2019-11-16 17:26:52] UTN FRA LOGGER.INFO: Datos  =PostmanRuntime/7.16.3 [] {"uid":"9f394c2"}
[2019-11-16 17:26:52] UTN FRA LOGGER.INFO: ip =::1 [] {"uid":"9f394c2"}
[2019-11-16 17:27:17] UTN FRA LOGGER.INFO: Datos  =PostmanRuntime/7.16.3 [] {"uid":"3fa2328"}
[2019-11-16 17:27:17] UTN FRA LOGGER.INFO: ip =::1 [] {"uid":"3fa2328"}
[2019-11-16 17:30:29] UTN FRA LOGGER.INFO: Datos  =PostmanRuntime/7.16.3 [] {"uid":"f046a87"}
[2019-11-16 17:30:29] UTN FRA LOGGER.INFO: ip =::1 [] {"uid":"f046a87"}
[2019-11-16 17:31:03] UTN FRA LOGGER.INFO: Datos  =PostmanRuntime/7.16.3 [] {"uid":"08e4605"}
[2019-11-16 17:31:03] UTN FRA LOGGER.INFO: ip =::1 [] {"uid":"08e4605"}
[2019-11-16 17:31:14] UTN FRA LOGGER.INFO: Datos  =PostmanRuntime/7.16.3 [] {"uid":"3442958"}
[2019-11-16 17:31:14] UTN FRA LOGGER.INFO: ip =::1 [] {"uid":"3442958"}
[2019-11-16 17:31:41] UTN FRA LOGGER.INFO: Datos  =PostmanRuntime/7.16.3 [] {"uid":"16d3c0b"}
[2019-11-16 17:31:41] UTN FRA LOGGER.INFO: ip =::1 [] {"uid":"16d3c0b"}
[2019-11-16 17:32:29] UTN FRA LOGGER.INFO: Datos  =PostmanRuntime/7.16.3 [] {"uid":"b7613c6"}
[2019-11-16 17:32:29] UTN FRA LOGGER.INFO: ip =::1 [] {"uid":"b7613c6"}
[2019-11-16 17:53:59] UTN FRA LOGGER.INFO: Datos  =PostmanRuntime/7.16.3 [] {"uid":"fa20d37"}
[2019-11-16 17:53:59] UTN FRA LOGGER.INFO: ip =::1 [] {"uid":"fa20d37"}
[2019-11-16 17:54:04] UTN FRA LOGGER.INFO: Datos  =PostmanRuntime/7.16.3 [] {"uid":"e3b137a"}
[2019-11-16 17:54:04] UTN FRA LOGGER.INFO: ip =::1 [] {"uid":"e3b137a"}
[2019-11-16 17:54:19] UTN FRA LOGGER.INFO: Datos  =PostmanRuntime/7.16.3 [] {"uid":"37e3ee3"}
[2019-11-16 17:54:19] UTN FRA LOGGER.INFO: ip =::1 [] {"uid":"37e3ee3"}
[2019-11-16 18:08:43] UTN FRA LOGGER.INFO: Datos  =PostmanRuntime/7.16.3 [] {"uid":"4ae00f9"}
[2019-11-16 18:08:43] UTN FRA LOGGER.INFO: ip =::1 [] {"uid":"4ae00f9"}
[2019-11-16 18:10:21] UTN FRA LOGGER.INFO: Datos  =PostmanRuntime/7.16.3 [] {"uid":"e63a2a2"}
[2019-11-16 18:10:21] UTN FRA LOGGER.INFO: ip =::1 [] {"uid":"e63a2a2"}
[2019-11-16 18:10:49] UTN FRA LOGGER.INFO: Datos  =PostmanRuntime/7.16.3 [] {"uid":"b3345c3"}
[2019-11-16 18:10:49] UTN FRA LOGGER.INFO: ip =::1 [] {"uid":"b3345c3"}
[2019-11-16 18:11:19] UTN FRA LOGGER.INFO: Datos  =PostmanRuntime/7.16.3 [] {"uid":"a02cf3a"}
[2019-11-16 18:11:19] UTN FRA LOGGER.INFO: ip =::1 [] {"uid":"a02cf3a"}
[2019-11-16 19:09:30] UTN FRA LOGGER.INFO: Datos  =PostmanRuntime/7.16.3 [] {"uid":"fe1dc0e"}
[2019-11-16 19:09:30] UTN FRA LOGGER.INFO: ip =::1 [] {"uid":"fe1dc0e"}
[2019-11-16 19:09:49] UTN FRA LOGGER.INFO: Datos  =PostmanRuntime/7.16.3 [] {"uid":"7addf8b"}
[2019-11-16 19:09:49] UTN FRA LOGGER.INFO: ip =::1 [] {"uid":"7addf8b"}
[2019-11-16 19:10:09] UTN FRA LOGGER.INFO: Datos  =PostmanRuntime/7.16.3 [] {"uid":"ea5bd46"}
[2019-11-16 19:10:09] UTN FRA LOGGER.INFO: ip =::1 [] {"uid":"ea5bd46"}
[2019-11-16 19:10:21] UTN FRA LOGGER.INFO: Datos  =PostmanRuntime/7.16.3 [] {"uid":"7d9646d"}
[2019-11-16 19:10:21] UTN FRA LOGGER.INFO: ip =::1 [] {"uid":"7d9646d"}
[2019-11-16 19:10:39] UTN FRA LOGGER.INFO: Datos  =PostmanRuntime/7.16.3 [] {"uid":"fe21a0d"}
[2019-11-16 19:10:39] UTN FRA LOGGER.INFO: ip =::1 [] {"uid":"fe21a0d"}
[2019-11-16 19:12:03] UTN FRA LOGGER.INFO: Datos  =PostmanRuntime/7.16.3 [] {"uid":"7036864"}
[2019-11-16 19:12:03] UTN FRA LOGGER.INFO: ip =::1 [] {"uid":"7036864"}
[2019-11-16 19:13:08] UTN FRA LOGGER.INFO: Datos  =PostmanRuntime/7.16.3 [] {"uid":"a1d4790"}
[2019-11-16 19:13:08] UTN FRA LOGGER.INFO: ip =::1 [] {"uid":"a1d4790"}
[2019-11-16 19:13:24] UTN FRA LOGGER.INFO: Datos  =PostmanRuntime/7.16.3 [] {"uid":"fd98a23"}
[2019-11-16 19:13:24] UTN FRA LOGGER.INFO: ip =::1 [] {"uid":"fd98a23"}
[2019-11-16 19:14:03] UTN FRA LOGGER.INFO: Datos  =PostmanRuntime/7.16.3 [] {"uid":"7e72cce"}
[2019-11-16 19:14:03] UTN FRA LOGGER.INFO: ip =::1 [] {"uid":"7e72cce"}
[2019-11-16 19:14:21] UTN FRA LOGGER.INFO: Datos  =PostmanRuntime/7.16.3 [] {"uid":"d6edaf1"}
[2019-11-16 19:14:21] UTN FRA LOGGER.INFO: ip =::1 [] {"uid":"d6edaf1"}
[2019-11-16 19:15:58] UTN FRA LOGGER.INFO: Datos  =PostmanRuntime/7.16.3 [] {"uid":"d4ddaf8"}
[2019-11-16 19:15:58] UTN FRA LOGGER.INFO: ip =::1 [] {"uid":"d4ddaf8"}
[2019-11-16 19:16:17] UTN FRA LOGGER.INFO: Datos  =PostmanRuntime/7.16.3 [] {"uid":"89b5e27"}
[2019-11-16 19:16:17] UTN FRA LOGGER.INFO: ip =::1 [] {"uid":"89b5e27"}
[2019-11-16 19:19:02] UTN FRA LOGGER.INFO: Datos  =PostmanRuntime/7.16.3 [] {"uid":"e14580e"}
[2019-11-16 19:19:02] UTN FRA LOGGER.INFO: ip =::1 [] {"uid":"e14580e"}
[2019-11-16 19:20:13] UTN FRA LOGGER.INFO: Datos  =PostmanRuntime/7.16.3 [] {"uid":"e994297"}
[2019-11-16 19:20:13] UTN FRA LOGGER.INFO: ip =::1 [] {"uid":"e994297"}
[2019-11-16 19:21:33] UTN FRA LOGGER.INFO: Datos  =PostmanRuntime/7.16.3 [] {"uid":"e30e828"}
[2019-11-16 19:21:33] UTN FRA LOGGER.INFO: ip =::1 [] {"uid":"e30e828"}
[2019-11-16 19:21:41] UTN FRA LOGGER.INFO: Datos  =PostmanRuntime/7.16.3 [] {"uid":"812ec67"}
[2019-11-16 19:21:41] UTN FRA LOGGER.INFO: ip =::1 [] {"uid":"812ec67"}
[2019-11-16 19:22:04] UTN FRA LOGGER.INFO: Datos  =PostmanRuntime/7.16.3 [] {"uid":"d747032"}
[2019-11-16 19:22:04] UTN FRA LOGGER.INFO: ip =::1 [] {"uid":"d747032"}
[2019-11-16 19:23:15] UTN FRA LOGGER.INFO: Datos  =PostmanRuntime/7.16.3 [] {"uid":"6ce047c"}
[2019-11-16 19:23:15] UTN FRA LOGGER.INFO: ip =::1 [] {"uid":"6ce047c"}
[2019-11-16 19:23:49] UTN FRA LOGGER.INFO: Datos  =PostmanRuntime/7.16.3 [] {"uid":"79698a2"}
[2019-11-16 19:23:49] UTN FRA LOGGER.INFO: ip =::1 [] {"uid":"79698a2"}
[2019-11-16 19:24:09] UTN FRA LOGGER.INFO: Datos  =PostmanRuntime/7.16.3 [] {"uid":"73f501b"}
[2019-11-16 19:24:09] UTN FRA LOGGER.INFO: ip =::1 [] {"uid":"73f501b"}
[2019-11-16 19:34:30] UTN FRA LOGGER.INFO: Datos  =PostmanRuntime/7.16.3 [] {"uid":"a0247e9"}
[2019-11-16 19:34:30] UTN FRA LOGGER.INFO: ip =::1 [] {"uid":"a0247e9"}
[2019-11-16 19:35:08] UTN FRA LOGGER.INFO: Datos  =PostmanRuntime/7.16.3 [] {"uid":"490ed24"}
[2019-11-16 19:35:08] UTN FRA LOGGER.INFO: ip =::1 [] {"uid":"490ed24"}
[2019-11-16 19:35:45] UTN FRA LOGGER.INFO: Datos  =PostmanRuntime/7.16.3 [] {"uid":"943dc44"}
[2019-11-16 19:35:45] UTN FRA LOGGER.INFO: ip =::1 [] {"uid":"943dc44"}
[2019-11-16 19:36:40] UTN FRA LOGGER.INFO: Datos  =PostmanRuntime/7.16.3 [] {"uid":"2c2d9d6"}
[2019-11-16 19:36:40] UTN FRA LOGGER.INFO: ip =::1 [] {"uid":"2c2d9d6"}
[2019-11-16 19:37:13] UTN FRA LOGGER.INFO: Datos  =PostmanRuntime/7.16.3 [] {"uid":"455f6fd"}
[2019-11-16 19:37:13] UTN FRA LOGGER.INFO: ip =::1 [] {"uid":"455f6fd"}
[2019-11-16 19:40:06] UTN FRA LOGGER.INFO: Datos  =PostmanRuntime/7.16.3 [] {"uid":"76f570f"}
[2019-11-16 19:40:06] UTN FRA LOGGER.INFO: ip =::1 [] {"uid":"76f570f"}
[2019-11-16 19:41:37] UTN FRA LOGGER.INFO: Datos  =PostmanRuntime/7.16.3 [] {"uid":"08c763c"}
[2019-11-16 19:41:37] UTN FRA LOGGER.INFO: ip =::1 [] {"uid":"08c763c"}
[2019-11-16 19:42:06] UTN FRA LOGGER.INFO: Datos  =PostmanRuntime/7.16.3 [] {"uid":"5133746"}
[2019-11-16 19:42:06] UTN FRA LOGGER.INFO: ip =::1 [] {"uid":"5133746"}
[2019-11-16 19:46:19] UTN FRA LOGGER.INFO: Datos  =PostmanRuntime/7.16.3 [] {"uid":"590bb03"}
[2019-11-16 19:46:19] UTN FRA LOGGER.INFO: ip =::1 [] {"uid":"590bb03"}
[2019-11-16 19:47:03] UTN FRA LOGGER.INFO: Datos  =PostmanRuntime/7.16.3 [] {"uid":"d898888"}
[2019-11-16 19:47:03] UTN FRA LOGGER.INFO: ip =::1 [] {"uid":"d898888"}
[2019-11-16 19:50:00] UTN FRA LOGGER.INFO: Datos  =PostmanRuntime/7.16.3 [] {"uid":"8e8126a"}
[2019-11-16 19:50:00] UTN FRA LOGGER.INFO: ip =::1 [] {"uid":"8e8126a"}
[2019-11-16 19:50:08] UTN FRA LOGGER.INFO: Datos  =PostmanRuntime/7.16.3 [] {"uid":"d7656f5"}
[2019-11-16 19:50:08] UTN FRA LOGGER.INFO: ip =::1 [] {"uid":"d7656f5"}
[2019-11-16 19:50:18] UTN FRA LOGGER.INFO: Datos  =PostmanRuntime/7.16.3 [] {"uid":"67e156c"}
[2019-11-16 19:50:18] UTN FRA LOGGER.INFO: ip =::1 [] {"uid":"67e156c"}
[2019-11-16 19:50:35] UTN FRA LOGGER.INFO: Datos  =PostmanRuntime/7.16.3 [] {"uid":"1e6b9e2"}
[2019-11-16 19:50:35] UTN FRA LOGGER.INFO: ip =::1 [] {"uid":"1e6b9e2"}
[2019-11-16 19:50:52] UTN FRA LOGGER.INFO: Datos  =PostmanRuntime/7.16.3 [] {"uid":"0097a1f"}
[2019-11-16 19:50:52] UTN FRA LOGGER.INFO: ip =::1 [] {"uid":"0097a1f"}
[2019-11-16 19:52:34] UTN FRA LOGGER.INFO: Datos  =PostmanRuntime/7.16.3 [] {"uid":"abf7e4c"}
[2019-11-16 19:52:34] UTN FRA LOGGER.INFO: ip =::1 [] {"uid":"abf7e4c"}
[2019-11-16 20:02:07] UTN FRA LOGGER.INFO: Datos  =PostmanRuntime/7.16.3 [] {"uid":"f14c9a7"}
[2019-11-16 20:02:07] UTN FRA LOGGER.INFO: ip =::1 [] {"uid":"f14c9a7"}
[2019-11-16 20:03:10] UTN FRA LOGGER.INFO: Datos  =PostmanRuntime/7.16.3 [] {"uid":"a564dd6"}
[2019-11-16 20:03:10] UTN FRA LOGGER.INFO: ip =::1 [] {"uid":"a564dd6"}
[2019-11-16 20:04:01] UTN FRA LOGGER.INFO: Datos  =PostmanRuntime/7.16.3 [] {"uid":"ae6a9cd"}
[2019-11-16 20:04:01] UTN FRA LOGGER.INFO: ip =::1 [] {"uid":"ae6a9cd"}
[2019-11-16 20:04:30] UTN FRA LOGGER.INFO: Datos  =PostmanRuntime/7.16.3 [] {"uid":"53f9608"}
[2019-11-16 20:04:30] UTN FRA LOGGER.INFO: ip =::1 [] {"uid":"53f9608"}
[2019-11-16 20:05:13] UTN FRA LOGGER.INFO: Datos  =PostmanRuntime/7.16.3 [] {"uid":"67dae1d"}
[2019-11-16 20:05:13] UTN FRA LOGGER.INFO: ip =::1 [] {"uid":"67dae1d"}
[2019-11-16 20:06:07] UTN FRA LOGGER.INFO: Datos  =PostmanRuntime/7.16.3 [] {"uid":"9a7f57e"}
[2019-11-16 20:06:07] UTN FRA LOGGER.INFO: ip =::1 [] {"uid":"9a7f57e"}
[2019-11-16 20:08:54] UTN FRA LOGGER.INFO: Datos  =PostmanRuntime/7.16.3 [] {"uid":"baacad9"}
[2019-11-16 20:08:54] UTN FRA LOGGER.INFO: ip =::1 [] {"uid":"baacad9"}
[2019-11-16 20:09:11] UTN FRA LOGGER.INFO: Datos  =PostmanRuntime/7.16.3 [] {"uid":"135f4f3"}
[2019-11-16 20:09:11] UTN FRA LOGGER.INFO: ip =::1 [] {"uid":"135f4f3"}
[2019-11-16 20:09:43] UTN FRA LOGGER.INFO: Datos  =PostmanRuntime/7.16.3 [] {"uid":"c7ba425"}
[2019-11-16 20:09:43] UTN FRA LOGGER.INFO: ip =::1 [] {"uid":"c7ba425"}
[2019-11-16 20:10:37] UTN FRA LOGGER.INFO: Datos  =PostmanRuntime/7.16.3 [] {"uid":"96ced96"}
[2019-11-16 20:10:37] UTN FRA LOGGER.INFO: ip =::1 [] {"uid":"96ced96"}
[2019-11-16 20:10:59] UTN FRA LOGGER.INFO: Datos  =PostmanRuntime/7.16.3 [] {"uid":"66c6ec9"}
[2019-11-16 20:10:59] UTN FRA LOGGER.INFO: ip =::1 [] {"uid":"66c6ec9"}
[2019-11-16 20:12:11] UTN FRA LOGGER.INFO: Datos  =PostmanRuntime/7.16.3 [] {"uid":"16cfa1d"}
[2019-11-16 20:12:11] UTN FRA LOGGER.INFO: ip =::1 [] {"uid":"16cfa1d"}
[2019-11-16 20:13:16] UTN FRA LOGGER.INFO: Datos  =PostmanRuntime/7.16.3 [] {"uid":"746661f"}
[2019-11-16 20:13:16] UTN FRA LOGGER.INFO: ip =::1 [] {"uid":"746661f"}
[2019-11-16 20:14:35] UTN FRA LOGGER.INFO: Datos  =PostmanRuntime/7.16.3 [] {"uid":"21b2f02"}
[2019-11-16 20:14:35] UTN FRA LOGGER.INFO: ip =::1 [] {"uid":"21b2f02"}
[2019-11-16 20:20:38] UTN FRA LOGGER.INFO: Datos  =PostmanRuntime/7.16.3 [] {"uid":"e1380f8"}
[2019-11-16 20:20:38] UTN FRA LOGGER.INFO: ip =::1 [] {"uid":"e1380f8"}
[2019-11-16 20:21:18] UTN FRA LOGGER.INFO: Datos  =PostmanRuntime/7.16.3 [] {"uid":"68fa690"}
[2019-11-16 20:21:18] UTN FRA LOGGER.INFO: ip =::1 [] {"uid":"68fa690"}
[2019-11-16 20:21:43] UTN FRA LOGGER.INFO: Datos  =PostmanRuntime/7.16.3 [] {"uid":"1fe7514"}
[2019-11-16 20:21:43] UTN FRA LOGGER.INFO: ip =::1 [] {"uid":"1fe7514"}
[2019-11-16 20:28:08] UTN FRA LOGGER.INFO: Datos  =PostmanRuntime/7.16.3 [] {"uid":"1b3c446"}
[2019-11-16 20:28:08] UTN FRA LOGGER.INFO: ip =::1 [] {"uid":"1b3c446"}
[2019-11-16 20:28:53] UTN FRA LOGGER.INFO: Datos  =PostmanRuntime/7.16.3 [] {"uid":"1923e61"}
[2019-11-16 20:28:53] UTN FRA LOGGER.INFO: ip =::1 [] {"uid":"1923e61"}
[2019-11-16 20:32:53] UTN FRA LOGGER.INFO: Datos  =PostmanRuntime/7.16.3 [] {"uid":"05a4f15"}
[2019-11-16 20:32:53] UTN FRA LOGGER.INFO: ip =::1 [] {"uid":"05a4f15"}
[2019-11-16 20:49:25] UTN FRA LOGGER.INFO: Datos  =PostmanRuntime/7.16.3 [] {"uid":"b18350d"}
[2019-11-16 20:49:25] UTN FRA LOGGER.INFO: ip =::1 [] {"uid":"b18350d"}
[2019-11-16 20:51:06] UTN FRA LOGGER.INFO: Datos  =PostmanRuntime/7.16.3 [] {"uid":"ca214b5"}
[2019-11-16 20:51:06] UTN FRA LOGGER.INFO: ip =::1 [] {"uid":"ca214b5"}
[2019-11-16 20:52:17] UTN FRA LOGGER.INFO: Datos  =PostmanRuntime/7.16.3 [] {"uid":"6f80832"}
[2019-11-16 20:52:17] UTN FRA LOGGER.INFO: ip =::1 [] {"uid":"6f80832"}
[2019-11-16 20:55:38] UTN FRA LOGGER.INFO: Datos  =PostmanRuntime/7.16.3 [] {"uid":"58a31f0"}
[2019-11-16 20:55:38] UTN FRA LOGGER.INFO: ip =::1 [] {"uid":"58a31f0"}
[2019-11-16 20:56:56] UTN FRA LOGGER.INFO: Datos  =PostmanRuntime/7.16.3 [] {"uid":"632e985"}
[2019-11-16 20:56:56] UTN FRA LOGGER.INFO: ip =::1 [] {"uid":"632e985"}
[2019-11-16 21:27:37] UTN FRA LOGGER.INFO: Datos  =PostmanRuntime/7.16.3 [] {"uid":"f83e73c"}
[2019-11-16 21:27:37] UTN FRA LOGGER.INFO: ip =::1 [] {"uid":"f83e73c"}
[2019-11-16 21:28:05] UTN FRA LOGGER.INFO: Datos  =PostmanRuntime/7.16.3 [] {"uid":"114a472"}
[2019-11-16 21:28:05] UTN FRA LOGGER.INFO: ip =::1 [] {"uid":"114a472"}
[2019-11-16 21:28:51] UTN FRA LOGGER.INFO: Datos  =PostmanRuntime/7.16.3 [] {"uid":"450b996"}
[2019-11-16 21:28:51] UTN FRA LOGGER.INFO: ip =::1 [] {"uid":"450b996"}
[2019-11-16 21:29:56] UTN FRA LOGGER.INFO: Datos  =PostmanRuntime/7.16.3 [] {"uid":"c2b64ad"}
[2019-11-16 21:29:56] UTN FRA LOGGER.INFO: ip =::1 [] {"uid":"c2b64ad"}
[2019-11-16 21:30:14] UTN FRA LOGGER.INFO: Datos  =PostmanRuntime/7.16.3 [] {"uid":"5bbc5c1"}
[2019-11-16 21:30:14] UTN FRA LOGGER.INFO: ip =::1 [] {"uid":"5bbc5c1"}
[2019-11-16 21:31:10] UTN FRA LOGGER.INFO: Datos  =PostmanRuntime/7.16.3 [] {"uid":"e46bc61"}
[2019-11-16 21:31:10] UTN FRA LOGGER.INFO: ip =::1 [] {"uid":"e46bc61"}
[2019-11-16 21:31:57] UTN FRA LOGGER.INFO: Datos  =PostmanRuntime/7.16.3 [] {"uid":"6f37056"}
[2019-11-16 21:31:57] UTN FRA LOGGER.INFO: ip =::1 [] {"uid":"6f37056"}
[2019-11-16 21:32:28] UTN FRA LOGGER.INFO: Datos  =PostmanRuntime/7.16.3 [] {"uid":"01ddc11"}
[2019-11-16 21:32:28] UTN FRA LOGGER.INFO: ip =::1 [] {"uid":"01ddc11"}
[2019-11-16 21:33:17] UTN FRA LOGGER.INFO: Datos  =PostmanRuntime/7.16.3 [] {"uid":"9931af4"}
[2019-11-16 21:33:17] UTN FRA LOGGER.INFO: ip =::1 [] {"uid":"9931af4"}
[2019-11-16 21:34:02] UTN FRA LOGGER.INFO: Datos  =PostmanRuntime/7.16.3 [] {"uid":"584815d"}
[2019-11-16 21:34:02] UTN FRA LOGGER.INFO: ip =::1 [] {"uid":"584815d"}
[2019-11-16 21:34:35] UTN FRA LOGGER.INFO: Datos  =PostmanRuntime/7.16.3 [] {"uid":"8aa626f"}
[2019-11-16 21:34:35] UTN FRA LOGGER.INFO: ip =::1 [] {"uid":"8aa626f"}
[2019-11-16 21:38:11] UTN FRA LOGGER.INFO: Datos  =PostmanRuntime/7.16.3 [] {"uid":"49ece9d"}
[2019-11-16 21:38:11] UTN FRA LOGGER.INFO: ip =::1 [] {"uid":"49ece9d"}
[2019-11-16 21:39:12] UTN FRA LOGGER.INFO: Datos  =PostmanRuntime/7.16.3 [] {"uid":"38179b4"}
[2019-11-16 21:39:12] UTN FRA LOGGER.INFO: ip =::1 [] {"uid":"38179b4"}
[2019-11-16 21:39:52] UTN FRA LOGGER.INFO: Datos  =PostmanRuntime/7.16.3 [] {"uid":"25c625c"}
[2019-11-16 21:39:52] UTN FRA LOGGER.INFO: ip =::1 [] {"uid":"25c625c"}
[2019-11-16 21:40:20] UTN FRA LOGGER.INFO: Datos  =PostmanRuntime/7.16.3 [] {"uid":"807b9dd"}
[2019-11-16 21:40:20] UTN FRA LOGGER.INFO: ip =::1 [] {"uid":"807b9dd"}
[2019-11-16 21:40:42] UTN FRA LOGGER.INFO: Datos  =PostmanRuntime/7.16.3 [] {"uid":"4c0ed5a"}
[2019-11-16 21:40:42] UTN FRA LOGGER.INFO: ip =::1 [] {"uid":"4c0ed5a"}
[2019-11-16 21:40:53] UTN FRA LOGGER.INFO: Datos  =PostmanRuntime/7.16.3 [] {"uid":"2ca9af5"}
[2019-11-16 21:40:53] UTN FRA LOGGER.INFO: ip =::1 [] {"uid":"2ca9af5"}
[2019-11-16 21:41:28] UTN FRA LOGGER.INFO: Datos  =PostmanRuntime/7.16.3 [] {"uid":"ea92796"}
[2019-11-16 21:41:28] UTN FRA LOGGER.INFO: ip =::1 [] {"uid":"ea92796"}
[2019-11-16 21:41:43] UTN FRA LOGGER.INFO: Datos  =PostmanRuntime/7.16.3 [] {"uid":"190e20c"}
[2019-11-16 21:41:43] UTN FRA LOGGER.INFO: ip =::1 [] {"uid":"190e20c"}
[2019-11-16 21:41:59] UTN FRA LOGGER.INFO: Datos  =PostmanRuntime/7.16.3 [] {"uid":"9f3898b"}
[2019-11-16 21:41:59] UTN FRA LOGGER.INFO: ip =::1 [] {"uid":"9f3898b"}
[2019-11-16 21:42:40] UTN FRA LOGGER.INFO: Datos  =PostmanRuntime/7.16.3 [] {"uid":"d798edd"}
[2019-11-16 21:42:40] UTN FRA LOGGER.INFO: ip =::1 [] {"uid":"d798edd"}
[2019-11-16 21:42:46] UTN FRA LOGGER.INFO: Datos  =PostmanRuntime/7.16.3 [] {"uid":"25fada3"}
[2019-11-16 21:42:46] UTN FRA LOGGER.INFO: ip =::1 [] {"uid":"25fada3"}
[2019-11-16 21:43:28] UTN FRA LOGGER.INFO: Datos  =PostmanRuntime/7.16.3 [] {"uid":"de54790"}
[2019-11-16 21:43:28] UTN FRA LOGGER.INFO: ip =::1 [] {"uid":"de54790"}
[2019-11-16 21:44:07] UTN FRA LOGGER.INFO: Datos  =PostmanRuntime/7.16.3 [] {"uid":"c7c7cf2"}
[2019-11-16 21:44:07] UTN FRA LOGGER.INFO: ip =::1 [] {"uid":"c7c7cf2"}
[2019-11-16 21:45:23] UTN FRA LOGGER.INFO: Datos  =PostmanRuntime/7.16.3 [] {"uid":"1cd064d"}
[2019-11-16 21:45:23] UTN FRA LOGGER.INFO: ip =::1 [] {"uid":"1cd064d"}
[2019-11-16 21:45:55] UTN FRA LOGGER.INFO: Datos  =PostmanRuntime/7.16.3 [] {"uid":"b254958"}
[2019-11-16 21:45:55] UTN FRA LOGGER.INFO: ip =::1 [] {"uid":"b254958"}
[2019-11-16 21:47:54] UTN FRA LOGGER.INFO: Datos  =PostmanRuntime/7.16.3 [] {"uid":"1c1f29b"}
[2019-11-16 21:47:54] UTN FRA LOGGER.INFO: ip =::1 [] {"uid":"1c1f29b"}
[2019-11-16 21:48:07] UTN FRA LOGGER.INFO: Datos  =PostmanRuntime/7.16.3 [] {"uid":"39fc47b"}
[2019-11-16 21:48:07] UTN FRA LOGGER.INFO: ip =::1 [] {"uid":"39fc47b"}
[2019-11-16 21:52:00] UTN FRA LOGGER.INFO: Datos  =PostmanRuntime/7.16.3 [] {"uid":"40c6d6c"}
[2019-11-16 21:52:00] UTN FRA LOGGER.INFO: ip =::1 [] {"uid":"40c6d6c"}
[2019-11-16 21:52:28] UTN FRA LOGGER.INFO: Datos  =PostmanRuntime/7.16.3 [] {"uid":"70d36d2"}
[2019-11-16 21:52:28] UTN FRA LOGGER.INFO: ip =::1 [] {"uid":"70d36d2"}
[2019-11-16 21:53:26] UTN FRA LOGGER.INFO: Datos  =PostmanRuntime/7.16.3 [] {"uid":"2926c58"}
[2019-11-16 21:53:26] UTN FRA LOGGER.INFO: ip =::1 [] {"uid":"2926c58"}
[2019-11-16 21:53:37] UTN FRA LOGGER.INFO: Datos  =PostmanRuntime/7.16.3 [] {"uid":"8ff40e8"}
[2019-11-16 21:53:37] UTN FRA LOGGER.INFO: ip =::1 [] {"uid":"8ff40e8"}
[2019-11-16 21:54:04] UTN FRA LOGGER.INFO: Datos  =PostmanRuntime/7.16.3 [] {"uid":"e517c5e"}
[2019-11-16 21:54:04] UTN FRA LOGGER.INFO: ip =::1 [] {"uid":"e517c5e"}
[2019-11-16 21:54:37] UTN FRA LOGGER.INFO: Datos  =PostmanRuntime/7.16.3 [] {"uid":"c3a42fd"}
[2019-11-16 21:54:37] UTN FRA LOGGER.INFO: ip =::1 [] {"uid":"c3a42fd"}
[2019-11-16 21:55:02] UTN FRA LOGGER.INFO: Datos  =PostmanRuntime/7.16.3 [] {"uid":"74b6881"}
[2019-11-16 21:55:02] UTN FRA LOGGER.INFO: ip =::1 [] {"uid":"74b6881"}
[2019-11-16 21:55:09] UTN FRA LOGGER.INFO: Datos  =PostmanRuntime/7.16.3 [] {"uid":"00c5a66"}
[2019-11-16 21:55:09] UTN FRA LOGGER.INFO: ip =::1 [] {"uid":"00c5a66"}
[2019-11-16 21:55:47] UTN FRA LOGGER.INFO: Datos  =PostmanRuntime/7.16.3 [] {"uid":"852b443"}
[2019-11-16 21:55:47] UTN FRA LOGGER.INFO: ip =::1 [] {"uid":"852b443"}
[2019-11-16 21:56:06] UTN FRA LOGGER.INFO: Datos  =PostmanRuntime/7.16.3 [] {"uid":"8151f59"}
[2019-11-16 21:56:06] UTN FRA LOGGER.INFO: ip =::1 [] {"uid":"8151f59"}
[2019-11-16 22:03:01] UTN FRA LOGGER.INFO: Datos  =PostmanRuntime/7.16.3 [] {"uid":"673dcd9"}
[2019-11-16 22:03:01] UTN FRA LOGGER.INFO: ip =::1 [] {"uid":"673dcd9"}
[2019-11-16 22:03:43] UTN FRA LOGGER.INFO: Datos  =PostmanRuntime/7.16.3 [] {"uid":"28f9729"}
[2019-11-16 22:03:43] UTN FRA LOGGER.INFO: ip =::1 [] {"uid":"28f9729"}
[2019-11-16 22:04:29] UTN FRA LOGGER.INFO: Datos  =PostmanRuntime/7.16.3 [] {"uid":"5c9467d"}
[2019-11-16 22:04:29] UTN FRA LOGGER.INFO: ip =::1 [] {"uid":"5c9467d"}
[2019-11-16 22:04:43] UTN FRA LOGGER.INFO: Datos  =PostmanRuntime/7.16.3 [] {"uid":"d49af9b"}
[2019-11-16 22:04:43] UTN FRA LOGGER.INFO: ip =::1 [] {"uid":"d49af9b"}
[2019-11-16 22:04:48] UTN FRA LOGGER.INFO: Datos  =PostmanRuntime/7.16.3 [] {"uid":"ab2e686"}
[2019-11-16 22:04:48] UTN FRA LOGGER.INFO: ip =::1 [] {"uid":"ab2e686"}
[2019-11-16 22:06:52] UTN FRA LOGGER.INFO: Datos  =PostmanRuntime/7.16.3 [] {"uid":"ab235c6"}
[2019-11-16 22:06:52] UTN FRA LOGGER.INFO: ip =::1 [] {"uid":"ab235c6"}
[2019-11-16 22:07:23] UTN FRA LOGGER.INFO: Datos  =PostmanRuntime/7.16.3 [] {"uid":"1ae1bd1"}
[2019-11-16 22:07:23] UTN FRA LOGGER.INFO: ip =::1 [] {"uid":"1ae1bd1"}
[2019-11-16 22:31:56] UTN FRA LOGGER.INFO: Datos  =PostmanRuntime/7.16.3 [] {"uid":"072af2c"}
[2019-11-16 22:31:56] UTN FRA LOGGER.INFO: ip =::1 [] {"uid":"072af2c"}
[2019-11-16 22:32:41] UTN FRA LOGGER.INFO: Datos  =PostmanRuntime/7.16.3 [] {"uid":"5e2ff55"}
[2019-11-16 22:32:41] UTN FRA LOGGER.INFO: ip =::1 [] {"uid":"5e2ff55"}
[2019-11-16 22:33:46] UTN FRA LOGGER.INFO: Datos  =PostmanRuntime/7.16.3 [] {"uid":"dc1611d"}
[2019-11-16 22:33:46] UTN FRA LOGGER.INFO: ip =::1 [] {"uid":"dc1611d"}
[2019-11-16 22:34:06] UTN FRA LOGGER.INFO: Datos  =PostmanRuntime/7.16.3 [] {"uid":"01366cd"}
[2019-11-16 22:34:06] UTN FRA LOGGER.INFO: ip =::1 [] {"uid":"01366cd"}
[2019-11-16 22:34:14] UTN FRA LOGGER.INFO: Datos  =PostmanRuntime/7.16.3 [] {"uid":"4f5b54d"}
[2019-11-16 22:34:14] UTN FRA LOGGER.INFO: ip =::1 [] {"uid":"4f5b54d"}
[2019-11-16 22:39:21] UTN FRA LOGGER.INFO: Datos  =PostmanRuntime/7.16.3 [] {"uid":"fd1b4f1"}
[2019-11-16 22:39:21] UTN FRA LOGGER.INFO: ip =::1 [] {"uid":"fd1b4f1"}
[2019-11-16 22:40:27] UTN FRA LOGGER.INFO: Datos  =PostmanRuntime/7.16.3 [] {"uid":"8bbc31f"}
[2019-11-16 22:40:27] UTN FRA LOGGER.INFO: ip =::1 [] {"uid":"8bbc31f"}
[2019-11-16 22:41:38] UTN FRA LOGGER.INFO: Datos  =PostmanRuntime/7.16.3 [] {"uid":"5abb8d6"}
[2019-11-16 22:41:38] UTN FRA LOGGER.INFO: ip =::1 [] {"uid":"5abb8d6"}
[2019-11-16 22:42:23] UTN FRA LOGGER.INFO: Datos  =PostmanRuntime/7.16.3 [] {"uid":"536e2e7"}
[2019-11-16 22:42:23] UTN FRA LOGGER.INFO: ip =::1 [] {"uid":"536e2e7"}
[2019-11-16 22:42:36] UTN FRA LOGGER.INFO: Datos  =PostmanRuntime/7.16.3 [] {"uid":"c83bc3f"}
[2019-11-16 22:42:36] UTN FRA LOGGER.INFO: ip =::1 [] {"uid":"c83bc3f"}
[2019-11-16 22:42:44] UTN FRA LOGGER.INFO: Datos  =PostmanRuntime/7.16.3 [] {"uid":"b353de2"}
[2019-11-16 22:42:44] UTN FRA LOGGER.INFO: ip =::1 [] {"uid":"b353de2"}
[2019-11-16 22:43:37] UTN FRA LOGGER.INFO: Datos  =PostmanRuntime/7.16.3 [] {"uid":"5b87b79"}
[2019-11-16 22:43:37] UTN FRA LOGGER.INFO: ip =::1 [] {"uid":"5b87b79"}
[2019-11-16 22:44:34] UTN FRA LOGGER.INFO: Datos  =PostmanRuntime/7.16.3 [] {"uid":"0cf7c11"}
[2019-11-16 22:44:34] UTN FRA LOGGER.INFO: ip =::1 [] {"uid":"0cf7c11"}
[2019-11-16 22:45:42] UTN FRA LOGGER.INFO: Datos  =PostmanRuntime/7.16.3 [] {"uid":"7d2141b"}
[2019-11-16 22:45:42] UTN FRA LOGGER.INFO: ip =::1 [] {"uid":"7d2141b"}
[2019-11-16 22:46:09] UTN FRA LOGGER.INFO: Datos  =PostmanRuntime/7.16.3 [] {"uid":"f1b3a51"}
[2019-11-16 22:46:09] UTN FRA LOGGER.INFO: ip =::1 [] {"uid":"f1b3a51"}
[2019-11-16 22:47:18] UTN FRA LOGGER.INFO: Datos  =PostmanRuntime/7.16.3 [] {"uid":"a426231"}
[2019-11-16 22:47:18] UTN FRA LOGGER.INFO: ip =::1 [] {"uid":"a426231"}
[2019-11-16 22:47:36] UTN FRA LOGGER.INFO: Datos  =PostmanRuntime/7.16.3 [] {"uid":"2fb1cc4"}
[2019-11-16 22:47:36] UTN FRA LOGGER.INFO: ip =::1 [] {"uid":"2fb1cc4"}
[2019-11-16 22:48:56] UTN FRA LOGGER.INFO: Datos  =PostmanRuntime/7.19.0 [] {"uid":"9d96e98"}
[2019-11-16 22:48:56] UTN FRA LOGGER.INFO: ip =::1 [] {"uid":"9d96e98"}
[2019-11-16 22:50:44] UTN FRA LOGGER.INFO: Datos  =PostmanRuntime/7.19.0 [] {"uid":"91deb9f"}
[2019-11-16 22:50:44] UTN FRA LOGGER.INFO: ip =::1 [] {"uid":"91deb9f"}
[2019-11-16 22:56:08] UTN FRA LOGGER.INFO: Datos  =PostmanRuntime/7.19.0 [] {"uid":"d0954cf"}
[2019-11-16 22:56:08] UTN FRA LOGGER.INFO: ip =::1 [] {"uid":"d0954cf"}
[2019-11-16 22:56:31] UTN FRA LOGGER.INFO: Datos  =PostmanRuntime/7.19.0 [] {"uid":"42ca2cd"}
[2019-11-16 22:56:31] UTN FRA LOGGER.INFO: ip =::1 [] {"uid":"42ca2cd"}
[2019-11-16 22:57:39] UTN FRA LOGGER.INFO: Datos  =PostmanRuntime/7.19.0 [] {"uid":"e383ac1"}
[2019-11-16 22:57:39] UTN FRA LOGGER.INFO: ip =::1 [] {"uid":"e383ac1"}
[2019-11-16 22:58:09] UTN FRA LOGGER.INFO: Datos  =PostmanRuntime/7.19.0 [] {"uid":"31bb669"}
[2019-11-16 22:58:09] UTN FRA LOGGER.INFO: ip =::1 [] {"uid":"31bb669"}
[2019-11-16 22:58:28] UTN FRA LOGGER.INFO: Datos  =PostmanRuntime/7.19.0 [] {"uid":"08bc23c"}
[2019-11-16 22:58:28] UTN FRA LOGGER.INFO: ip =::1 [] {"uid":"08bc23c"}
[2019-11-16 22:58:36] UTN FRA LOGGER.INFO: Datos  =PostmanRuntime/7.19.0 [] {"uid":"ee22d67"}
[2019-11-16 22:58:36] UTN FRA LOGGER.INFO: ip =::1 [] {"uid":"ee22d67"}
[2019-11-16 22:59:05] UTN FRA LOGGER.INFO: Datos  =PostmanRuntime/7.19.0 [] {"uid":"323b9c4"}
[2019-11-16 22:59:05] UTN FRA LOGGER.INFO: ip =::1 [] {"uid":"323b9c4"}
[2019-11-16 22:59:54] UTN FRA LOGGER.INFO: Datos  =PostmanRuntime/7.19.0 [] {"uid":"66c6d6d"}
[2019-11-16 22:59:54] UTN FRA LOGGER.INFO: ip =::1 [] {"uid":"66c6d6d"}
[2019-11-16 23:07:30] UTN FRA LOGGER.INFO: Datos  =PostmanRuntime/7.19.0 [] {"uid":"b6928e0"}
[2019-11-16 23:07:30] UTN FRA LOGGER.INFO: ip =::1 [] {"uid":"b6928e0"}
[2019-11-16 23:09:34] UTN FRA LOGGER.INFO: Datos  =PostmanRuntime/7.19.0 [] {"uid":"a09fc61"}
[2019-11-16 23:09:34] UTN FRA LOGGER.INFO: ip =::1 [] {"uid":"a09fc61"}
[2019-11-16 23:10:41] UTN FRA LOGGER.INFO: Datos  =PostmanRuntime/7.19.0 [] {"uid":"9c193a1"}
[2019-11-16 23:10:41] UTN FRA LOGGER.INFO: ip =::1 [] {"uid":"9c193a1"}
[2019-11-16 23:10:51] UTN FRA LOGGER.INFO: Datos  =PostmanRuntime/7.19.0 [] {"uid":"04ab261"}
[2019-11-16 23:10:51] UTN FRA LOGGER.INFO: ip =::1 [] {"uid":"04ab261"}
[2019-11-16 23:11:19] UTN FRA LOGGER.INFO: Datos  =PostmanRuntime/7.19.0 [] {"uid":"d72bc94"}
[2019-11-16 23:11:19] UTN FRA LOGGER.INFO: ip =::1 [] {"uid":"d72bc94"}
[2019-11-16 23:40:52] UTN FRA LOGGER.INFO: Datos  =PostmanRuntime/7.19.0 [] {"uid":"c46c469"}
[2019-11-16 23:40:52] UTN FRA LOGGER.INFO: ip =::1 [] {"uid":"c46c469"}
[2019-11-16 23:41:04] UTN FRA LOGGER.INFO: Datos  =PostmanRuntime/7.19.0 [] {"uid":"849c10d"}
[2019-11-16 23:41:04] UTN FRA LOGGER.INFO: ip =::1 [] {"uid":"849c10d"}
[2019-11-16 23:41:14] UTN FRA LOGGER.INFO: Datos  =PostmanRuntime/7.19.0 [] {"uid":"aa64250"}
[2019-11-16 23:41:14] UTN FRA LOGGER.INFO: ip =::1 [] {"uid":"aa64250"}
[2019-11-16 23:41:40] UTN FRA LOGGER.INFO: Datos  =PostmanRuntime/7.19.0 [] {"uid":"df765f6"}
[2019-11-16 23:41:40] UTN FRA LOGGER.INFO: ip =::1 [] {"uid":"df765f6"}
[2019-11-16 23:42:02] UTN FRA LOGGER.INFO: Datos  =PostmanRuntime/7.19.0 [] {"uid":"82242f1"}
[2019-11-16 23:42:02] UTN FRA LOGGER.INFO: ip =::1 [] {"uid":"82242f1"}
[2019-11-16 23:56:26] UTN FRA LOGGER.INFO: Datos  =PostmanRuntime/7.19.0 [] {"uid":"5e566bc"}
[2019-11-16 23:56:26] UTN FRA LOGGER.INFO: ip =::1 [] {"uid":"5e566bc"}
[2019-11-16 23:56:51] UTN FRA LOGGER.INFO: Datos  =PostmanRuntime/7.19.0 [] {"uid":"313b993"}
[2019-11-16 23:56:51] UTN FRA LOGGER.INFO: ip =::1 [] {"uid":"313b993"}
[2019-11-16 23:57:21] UTN FRA LOGGER.INFO: Datos  =PostmanRuntime/7.19.0 [] {"uid":"324a1af"}
[2019-11-16 23:57:21] UTN FRA LOGGER.INFO: ip =::1 [] {"uid":"324a1af"}
[2019-11-16 23:57:30] UTN FRA LOGGER.INFO: Datos  =PostmanRuntime/7.19.0 [] {"uid":"4859c2e"}
[2019-11-16 23:57:30] UTN FRA LOGGER.INFO: ip =::1 [] {"uid":"4859c2e"}
[2019-11-16 23:57:42] UTN FRA LOGGER.INFO: Datos  =PostmanRuntime/7.19.0 [] {"uid":"fb31380"}
[2019-11-16 23:57:42] UTN FRA LOGGER.INFO: ip =::1 [] {"uid":"fb31380"}
[2019-11-17 00:00:44] UTN FRA LOGGER.INFO: Datos  =PostmanRuntime/7.19.0 [] {"uid":"b9a49c1"}
[2019-11-17 00:00:44] UTN FRA LOGGER.INFO: ip =::1 [] {"uid":"b9a49c1"}
[2019-11-17 00:00:49] UTN FRA LOGGER.INFO: Datos  =PostmanRuntime/7.19.0 [] {"uid":"3a2e0d9"}
[2019-11-17 00:00:49] UTN FRA LOGGER.INFO: ip =::1 [] {"uid":"3a2e0d9"}
[2019-11-17 00:02:44] UTN FRA LOGGER.INFO: Datos  =PostmanRuntime/7.19.0 [] {"uid":"8824cb9"}
[2019-11-17 00:02:44] UTN FRA LOGGER.INFO: ip =::1 [] {"uid":"8824cb9"}
[2019-11-17 00:07:00] UTN FRA LOGGER.INFO: Datos  =PostmanRuntime/7.19.0 [] {"uid":"3484253"}
[2019-11-17 00:07:00] UTN FRA LOGGER.INFO: ip =::1 [] {"uid":"3484253"}
[2019-11-17 00:07:07] UTN FRA LOGGER.INFO: Datos  =PostmanRuntime/7.19.0 [] {"uid":"f592193"}
[2019-11-17 00:07:07] UTN FRA LOGGER.INFO: ip =::1 [] {"uid":"f592193"}
[2019-11-17 00:08:04] UTN FRA LOGGER.INFO: Datos  =PostmanRuntime/7.19.0 [] {"uid":"3ea6e0d"}
[2019-11-17 00:08:04] UTN FRA LOGGER.INFO: ip =::1 [] {"uid":"3ea6e0d"}
[2019-11-17 00:09:56] UTN FRA LOGGER.INFO: Datos  =PostmanRuntime/7.19.0 [] {"uid":"b004903"}
[2019-11-17 00:09:56] UTN FRA LOGGER.INFO: ip =::1 [] {"uid":"b004903"}
[2019-11-17 00:10:34] UTN FRA LOGGER.INFO: Datos  =PostmanRuntime/7.19.0 [] {"uid":"6f74853"}
[2019-11-17 00:10:34] UTN FRA LOGGER.INFO: ip =::1 [] {"uid":"6f74853"}
[2019-11-17 01:04:18] UTN FRA LOGGER.INFO: Datos  =PostmanRuntime/7.19.0 [] {"uid":"d184586"}
[2019-11-17 01:04:18] UTN FRA LOGGER.INFO: ip =::1 [] {"uid":"d184586"}
[2019-11-17 01:32:48] UTN FRA LOGGER.INFO: Datos  =PostmanRuntime/7.19.0 [] {"uid":"a36ce7d"}
[2019-11-17 01:32:48] UTN FRA LOGGER.INFO: ip =::1 [] {"uid":"a36ce7d"}
[2019-11-17 01:32:58] UTN FRA LOGGER.INFO: Datos  =PostmanRuntime/7.19.0 [] {"uid":"0e16df9"}
[2019-11-17 01:32:58] UTN FRA LOGGER.INFO: ip =::1 [] {"uid":"0e16df9"}
[2019-11-17 01:34:59] UTN FRA LOGGER.INFO: Datos  =PostmanRuntime/7.19.0 [] {"uid":"2f900e3"}
[2019-11-17 01:34:59] UTN FRA LOGGER.INFO: ip =::1 [] {"uid":"2f900e3"}
[2019-11-17 01:35:34] UTN FRA LOGGER.INFO: Datos  =PostmanRuntime/7.19.0 [] {"uid":"20ef90a"}
[2019-11-17 01:35:34] UTN FRA LOGGER.INFO: ip =::1 [] {"uid":"20ef90a"}
[2019-11-17 01:35:53] UTN FRA LOGGER.INFO: Datos  =PostmanRuntime/7.19.0 [] {"uid":"237db56"}
[2019-11-17 01:35:53] UTN FRA LOGGER.INFO: ip =::1 [] {"uid":"237db56"}
[2019-11-17 01:36:16] UTN FRA LOGGER.INFO: Datos  =PostmanRuntime/7.19.0 [] {"uid":"7c6b8b4"}
[2019-11-17 01:36:16] UTN FRA LOGGER.INFO: ip =::1 [] {"uid":"7c6b8b4"}
[2019-11-17 01:47:14] UTN FRA LOGGER.INFO: Datos  =PostmanRuntime/7.19.0 [] {"uid":"8612067"}
[2019-11-17 01:47:14] UTN FRA LOGGER.INFO: ip =::1 [] {"uid":"8612067"}
[2019-11-17 01:53:59] UTN FRA LOGGER.INFO: Datos  =PostmanRuntime/7.19.0 [] {"uid":"44af62a"}
[2019-11-17 01:53:59] UTN FRA LOGGER.INFO: ip =::1 [] {"uid":"44af62a"}
[2019-11-17 01:54:06] UTN FRA LOGGER.INFO: Datos  =PostmanRuntime/7.19.0 [] {"uid":"99b8127"}
[2019-11-17 01:54:06] UTN FRA LOGGER.INFO: ip =::1 [] {"uid":"99b8127"}
[2019-11-17 01:54:10] UTN FRA LOGGER.INFO: Datos  =PostmanRuntime/7.19.0 [] {"uid":"ec81363"}
[2019-11-17 01:54:10] UTN FRA LOGGER.INFO: ip =::1 [] {"uid":"ec81363"}
[2019-11-17 01:54:28] UTN FRA LOGGER.INFO: Datos  =PostmanRuntime/7.19.0 [] {"uid":"5153f20"}
[2019-11-17 01:54:28] UTN FRA LOGGER.INFO: ip =::1 [] {"uid":"5153f20"}
[2019-11-17 01:55:00] UTN FRA LOGGER.INFO: Datos  =PostmanRuntime/7.19.0 [] {"uid":"950d92f"}
[2019-11-17 01:55:00] UTN FRA LOGGER.INFO: ip =::1 [] {"uid":"950d92f"}
[2019-11-17 01:55:25] UTN FRA LOGGER.INFO: Datos  =PostmanRuntime/7.19.0 [] {"uid":"567d150"}
[2019-11-17 01:55:25] UTN FRA LOGGER.INFO: ip =::1 [] {"uid":"567d150"}
[2019-11-17 01:56:13] UTN FRA LOGGER.INFO: Datos  =PostmanRuntime/7.19.0 [] {"uid":"abf34ad"}
[2019-11-17 01:56:13] UTN FRA LOGGER.INFO: ip =::1 [] {"uid":"abf34ad"}
[2019-11-17 01:56:30] UTN FRA LOGGER.INFO: Datos  =PostmanRuntime/7.19.0 [] {"uid":"147eddf"}
[2019-11-17 01:56:30] UTN FRA LOGGER.INFO: ip =::1 [] {"uid":"147eddf"}
[2019-11-17 01:57:01] UTN FRA LOGGER.INFO: Datos  =PostmanRuntime/7.19.0 [] {"uid":"3bcd3c0"}
[2019-11-17 01:57:01] UTN FRA LOGGER.INFO: ip =::1 [] {"uid":"3bcd3c0"}
[2019-11-17 01:57:24] UTN FRA LOGGER.INFO: Datos  =PostmanRuntime/7.19.0 [] {"uid":"c7aba4c"}
[2019-11-17 01:57:24] UTN FRA LOGGER.INFO: ip =::1 [] {"uid":"c7aba4c"}
[2019-11-17 01:58:13] UTN FRA LOGGER.INFO: Datos  =PostmanRuntime/7.19.0 [] {"uid":"51731a2"}
[2019-11-17 01:58:13] UTN FRA LOGGER.INFO: ip =::1 [] {"uid":"51731a2"}
[2019-11-17 01:58:28] UTN FRA LOGGER.INFO: Datos  =PostmanRuntime/7.19.0 [] {"uid":"83e9176"}
[2019-11-17 01:58:28] UTN FRA LOGGER.INFO: ip =::1 [] {"uid":"83e9176"}
[2019-11-17 01:58:36] UTN FRA LOGGER.INFO: Datos  =PostmanRuntime/7.19.0 [] {"uid":"46b3a86"}
[2019-11-17 01:58:36] UTN FRA LOGGER.INFO: ip =::1 [] {"uid":"46b3a86"}
[2019-11-17 01:59:50] UTN FRA LOGGER.INFO: Datos  =PostmanRuntime/7.19.0 [] {"uid":"681bc3b"}
[2019-11-17 01:59:50] UTN FRA LOGGER.INFO: ip =::1 [] {"uid":"681bc3b"}
[2019-11-17 02:00:06] UTN FRA LOGGER.INFO: Datos  =PostmanRuntime/7.19.0 [] {"uid":"d7053ec"}
[2019-11-17 02:00:06] UTN FRA LOGGER.INFO: ip =::1 [] {"uid":"d7053ec"}
[2019-11-17 02:07:37] UTN FRA LOGGER.INFO: Datos  =PostmanRuntime/7.19.0 [] {"uid":"78dafd4"}
[2019-11-17 02:07:37] UTN FRA LOGGER.INFO: ip =::1 [] {"uid":"78dafd4"}
[2019-11-17 02:08:06] UTN FRA LOGGER.INFO: Datos  =PostmanRuntime/7.19.0 [] {"uid":"35edf53"}
[2019-11-17 02:08:06] UTN FRA LOGGER.INFO: ip =::1 [] {"uid":"35edf53"}
[2019-11-17 02:08:14] UTN FRA LOGGER.INFO: Datos  =PostmanRuntime/7.19.0 [] {"uid":"59cbd5e"}
[2019-11-17 02:08:14] UTN FRA LOGGER.INFO: ip =::1 [] {"uid":"59cbd5e"}
[2019-11-17 02:09:02] UTN FRA LOGGER.INFO: Datos  =PostmanRuntime/7.19.0 [] {"uid":"c3b51b1"}
[2019-11-17 02:09:02] UTN FRA LOGGER.INFO: ip =::1 [] {"uid":"c3b51b1"}
[2019-11-17 02:09:35] UTN FRA LOGGER.INFO: Datos  =PostmanRuntime/7.19.0 [] {"uid":"6cf5beb"}
[2019-11-17 02:09:35] UTN FRA LOGGER.INFO: ip =::1 [] {"uid":"6cf5beb"}
[2019-11-17 02:09:51] UTN FRA LOGGER.INFO: Datos  =PostmanRuntime/7.19.0 [] {"uid":"5a81b7c"}
[2019-11-17 02:09:51] UTN FRA LOGGER.INFO: ip =::1 [] {"uid":"5a81b7c"}
[2019-11-17 02:10:00] UTN FRA LOGGER.INFO: Datos  =PostmanRuntime/7.19.0 [] {"uid":"2f7fab3"}
[2019-11-17 02:10:00] UTN FRA LOGGER.INFO: ip =::1 [] {"uid":"2f7fab3"}
[2019-11-17 02:10:13] UTN FRA LOGGER.INFO: Datos  =PostmanRuntime/7.19.0 [] {"uid":"4d5bad8"}
[2019-11-17 02:10:13] UTN FRA LOGGER.INFO: ip =::1 [] {"uid":"4d5bad8"}
[2019-11-17 02:11:35] UTN FRA LOGGER.INFO: Datos  =PostmanRuntime/7.19.0 [] {"uid":"3c43490"}
[2019-11-17 02:11:35] UTN FRA LOGGER.INFO: ip =::1 [] {"uid":"3c43490"}
[2019-11-17 02:11:42] UTN FRA LOGGER.INFO: Datos  =PostmanRuntime/7.19.0 [] {"uid":"87d338b"}
[2019-11-17 02:11:42] UTN FRA LOGGER.INFO: ip =::1 [] {"uid":"87d338b"}
[2019-11-17 02:11:49] UTN FRA LOGGER.INFO: Datos  =PostmanRuntime/7.19.0 [] {"uid":"7fcf44a"}
[2019-11-17 02:11:49] UTN FRA LOGGER.INFO: ip =::1 [] {"uid":"7fcf44a"}
[2019-11-17 02:12:40] UTN FRA LOGGER.INFO: Datos  =PostmanRuntime/7.19.0 [] {"uid":"22dfe70"}
[2019-11-17 02:12:40] UTN FRA LOGGER.INFO: ip =::1 [] {"uid":"22dfe70"}
[2019-11-17 02:14:34] UTN FRA LOGGER.INFO: Datos  =PostmanRuntime/7.19.0 [] {"uid":"5aa2735"}
[2019-11-17 02:14:34] UTN FRA LOGGER.INFO: ip =::1 [] {"uid":"5aa2735"}
[2019-11-17 02:14:41] UTN FRA LOGGER.INFO: Datos  =PostmanRuntime/7.19.0 [] {"uid":"e802d2e"}
[2019-11-17 02:14:41] UTN FRA LOGGER.INFO: ip =::1 [] {"uid":"e802d2e"}
[2019-11-17 02:15:15] UTN FRA LOGGER.INFO: Datos  =PostmanRuntime/7.19.0 [] {"uid":"55ac74d"}
[2019-11-17 02:15:15] UTN FRA LOGGER.INFO: ip =::1 [] {"uid":"55ac74d"}
[2019-11-17 02:15:30] UTN FRA LOGGER.INFO: Datos  =PostmanRuntime/7.19.0 [] {"uid":"ed40d96"}
[2019-11-17 02:15:30] UTN FRA LOGGER.INFO: ip =::1 [] {"uid":"ed40d96"}
[2019-11-17 02:15:40] UTN FRA LOGGER.INFO: Datos  =PostmanRuntime/7.19.0 [] {"uid":"2871223"}
[2019-11-17 02:15:40] UTN FRA LOGGER.INFO: ip =::1 [] {"uid":"2871223"}
[2019-11-17 02:16:15] UTN FRA LOGGER.INFO: Datos  =PostmanRuntime/7.19.0 [] {"uid":"5e98850"}
[2019-11-17 02:16:15] UTN FRA LOGGER.INFO: ip =::1 [] {"uid":"5e98850"}
[2019-11-17 02:16:54] UTN FRA LOGGER.INFO: Datos  =PostmanRuntime/7.19.0 [] {"uid":"3af2c55"}
[2019-11-17 02:16:54] UTN FRA LOGGER.INFO: ip =::1 [] {"uid":"3af2c55"}
[2019-11-17 02:17:01] UTN FRA LOGGER.INFO: Datos  =PostmanRuntime/7.19.0 [] {"uid":"e52cabc"}
[2019-11-17 02:17:01] UTN FRA LOGGER.INFO: ip =::1 [] {"uid":"e52cabc"}
[2019-11-17 02:17:15] UTN FRA LOGGER.INFO: Datos  =PostmanRuntime/7.19.0 [] {"uid":"0ebcbfa"}
[2019-11-17 02:17:15] UTN FRA LOGGER.INFO: ip =::1 [] {"uid":"0ebcbfa"}
[2019-11-17 02:17:24] UTN FRA LOGGER.INFO: Datos  =PostmanRuntime/7.19.0 [] {"uid":"c99789e"}
[2019-11-17 02:17:24] UTN FRA LOGGER.INFO: ip =::1 [] {"uid":"c99789e"}
[2019-11-17 02:17:44] UTN FRA LOGGER.INFO: Datos  =PostmanRuntime/7.19.0 [] {"uid":"418c16e"}
[2019-11-17 02:17:44] UTN FRA LOGGER.INFO: ip =::1 [] {"uid":"418c16e"}
[2019-11-17 02:17:47] UTN FRA LOGGER.INFO: Datos  =PostmanRuntime/7.19.0 [] {"uid":"32942fc"}
[2019-11-17 02:17:47] UTN FRA LOGGER.INFO: ip =::1 [] {"uid":"32942fc"}
[2019-11-17 02:17:49] UTN FRA LOGGER.INFO: Datos  =PostmanRuntime/7.19.0 [] {"uid":"ea5b4d4"}
[2019-11-17 02:17:49] UTN FRA LOGGER.INFO: ip =::1 [] {"uid":"ea5b4d4"}
[2019-11-17 02:18:05] UTN FRA LOGGER.INFO: Datos  =PostmanRuntime/7.19.0 [] {"uid":"1925889"}
[2019-11-17 02:18:05] UTN FRA LOGGER.INFO: ip =::1 [] {"uid":"1925889"}
[2019-11-17 02:18:21] UTN FRA LOGGER.INFO: Datos  =PostmanRuntime/7.19.0 [] {"uid":"45790de"}
[2019-11-17 02:18:21] UTN FRA LOGGER.INFO: ip =::1 [] {"uid":"45790de"}
[2019-11-17 02:18:26] UTN FRA LOGGER.INFO: Datos  =PostmanRuntime/7.19.0 [] {"uid":"b5fa80b"}
[2019-11-17 02:18:26] UTN FRA LOGGER.INFO: ip =::1 [] {"uid":"b5fa80b"}
[2019-11-17 02:18:36] UTN FRA LOGGER.INFO: Datos  =PostmanRuntime/7.19.0 [] {"uid":"e77e7e0"}
[2019-11-17 02:18:36] UTN FRA LOGGER.INFO: ip =::1 [] {"uid":"e77e7e0"}
[2019-11-17 02:18:53] UTN FRA LOGGER.INFO: Datos  =PostmanRuntime/7.19.0 [] {"uid":"a416aa3"}
[2019-11-17 02:18:53] UTN FRA LOGGER.INFO: ip =::1 [] {"uid":"a416aa3"}
[2019-11-17 02:18:58] UTN FRA LOGGER.INFO: Datos  =PostmanRuntime/7.19.0 [] {"uid":"f6b8cbc"}
[2019-11-17 02:18:58] UTN FRA LOGGER.INFO: ip =::1 [] {"uid":"f6b8cbc"}
[2019-11-17 02:19:02] UTN FRA LOGGER.INFO: Datos  =PostmanRuntime/7.19.0 [] {"uid":"6f8fd16"}
[2019-11-17 02:19:02] UTN FRA LOGGER.INFO: ip =::1 [] {"uid":"6f8fd16"}
[2019-11-17 02:20:52] UTN FRA LOGGER.INFO: Datos  =PostmanRuntime/7.19.0 [] {"uid":"58ebb83"}
[2019-11-17 02:20:52] UTN FRA LOGGER.INFO: ip =::1 [] {"uid":"58ebb83"}
[2019-11-17 02:21:04] UTN FRA LOGGER.INFO: Datos  =PostmanRuntime/7.19.0 [] {"uid":"ee73ee0"}
[2019-11-17 02:21:04] UTN FRA LOGGER.INFO: ip =::1 [] {"uid":"ee73ee0"}
[2019-11-17 02:21:24] UTN FRA LOGGER.INFO: Datos  =PostmanRuntime/7.19.0 [] {"uid":"37bae66"}
[2019-11-17 02:21:24] UTN FRA LOGGER.INFO: ip =::1 [] {"uid":"37bae66"}
[2019-11-17 02:21:37] UTN FRA LOGGER.INFO: Datos  =PostmanRuntime/7.19.0 [] {"uid":"e7d2564"}
[2019-11-17 02:21:37] UTN FRA LOGGER.INFO: ip =::1 [] {"uid":"e7d2564"}
[2019-11-17 02:21:53] UTN FRA LOGGER.INFO: Datos  =PostmanRuntime/7.19.0 [] {"uid":"35177d3"}
[2019-11-17 02:21:53] UTN FRA LOGGER.INFO: ip =::1 [] {"uid":"35177d3"}
[2019-11-17 02:21:57] UTN FRA LOGGER.INFO: Datos  =PostmanRuntime/7.19.0 [] {"uid":"0c315bc"}
[2019-11-17 02:21:57] UTN FRA LOGGER.INFO: ip =::1 [] {"uid":"0c315bc"}
[2019-11-17 02:22:21] UTN FRA LOGGER.INFO: Datos  =PostmanRuntime/7.19.0 [] {"uid":"1670695"}
[2019-11-17 02:22:21] UTN FRA LOGGER.INFO: ip =::1 [] {"uid":"1670695"}
[2019-11-17 02:22:25] UTN FRA LOGGER.INFO: Datos  =PostmanRuntime/7.19.0 [] {"uid":"2d104e6"}
[2019-11-17 02:22:25] UTN FRA LOGGER.INFO: ip =::1 [] {"uid":"2d104e6"}
[2019-11-17 02:22:39] UTN FRA LOGGER.INFO: Datos  =PostmanRuntime/7.19.0 [] {"uid":"0cc74fa"}
[2019-11-17 02:22:39] UTN FRA LOGGER.INFO: ip =::1 [] {"uid":"0cc74fa"}
[2019-11-17 02:23:10] UTN FRA LOGGER.INFO: Datos  =PostmanRuntime/7.19.0 [] {"uid":"a8ab3ef"}
[2019-11-17 02:23:10] UTN FRA LOGGER.INFO: ip =::1 [] {"uid":"a8ab3ef"}
[2019-11-17 02:23:16] UTN FRA LOGGER.INFO: Datos  =PostmanRuntime/7.19.0 [] {"uid":"b967c78"}
[2019-11-17 02:23:16] UTN FRA LOGGER.INFO: ip =::1 [] {"uid":"b967c78"}
[2019-11-17 02:23:48] UTN FRA LOGGER.INFO: Datos  =PostmanRuntime/7.19.0 [] {"uid":"8646c56"}
[2019-11-17 02:23:48] UTN FRA LOGGER.INFO: ip =::1 [] {"uid":"8646c56"}
[2019-11-17 02:24:19] UTN FRA LOGGER.INFO: Datos  =PostmanRuntime/7.19.0 [] {"uid":"9e7858b"}
[2019-11-17 02:24:19] UTN FRA LOGGER.INFO: ip =::1 [] {"uid":"9e7858b"}
[2019-11-17 02:25:02] UTN FRA LOGGER.INFO: Datos  =PostmanRuntime/7.19.0 [] {"uid":"2a7f99a"}
[2019-11-17 02:25:02] UTN FRA LOGGER.INFO: ip =::1 [] {"uid":"2a7f99a"}
[2019-11-17 02:25:41] UTN FRA LOGGER.INFO: Datos  =PostmanRuntime/7.19.0 [] {"uid":"5d398bc"}
[2019-11-17 02:25:41] UTN FRA LOGGER.INFO: ip =::1 [] {"uid":"5d398bc"}
[2019-11-17 02:26:02] UTN FRA LOGGER.INFO: Datos  =PostmanRuntime/7.19.0 [] {"uid":"12e292b"}
[2019-11-17 02:26:02] UTN FRA LOGGER.INFO: ip =::1 [] {"uid":"12e292b"}
[2019-11-17 02:26:12] UTN FRA LOGGER.INFO: Datos  =PostmanRuntime/7.19.0 [] {"uid":"990461b"}
[2019-11-17 02:26:12] UTN FRA LOGGER.INFO: ip =::1 [] {"uid":"990461b"}
[2019-11-17 02:26:24] UTN FRA LOGGER.INFO: Datos  =PostmanRuntime/7.19.0 [] {"uid":"37d615c"}
[2019-11-17 02:26:24] UTN FRA LOGGER.INFO: ip =::1 [] {"uid":"37d615c"}
[2019-11-17 02:26:39] UTN FRA LOGGER.INFO: Datos  =PostmanRuntime/7.19.0 [] {"uid":"7d7fa7a"}
[2019-11-17 02:26:39] UTN FRA LOGGER.INFO: ip =::1 [] {"uid":"7d7fa7a"}
[2019-11-17 02:27:20] UTN FRA LOGGER.INFO: Datos  =PostmanRuntime/7.19.0 [] {"uid":"7359ce9"}
[2019-11-17 02:27:20] UTN FRA LOGGER.INFO: ip =::1 [] {"uid":"7359ce9"}
[2019-11-17 02:27:35] UTN FRA LOGGER.INFO: Datos  =PostmanRuntime/7.19.0 [] {"uid":"56986c6"}
[2019-11-17 02:27:35] UTN FRA LOGGER.INFO: ip =::1 [] {"uid":"56986c6"}
[2019-11-17 02:54:45] UTN FRA LOGGER.INFO: Datos  =PostmanRuntime/7.19.0 [] {"uid":"09ce280"}
[2019-11-17 02:54:45] UTN FRA LOGGER.INFO: ip =::1 [] {"uid":"09ce280"}
[2019-11-17 02:54:56] UTN FRA LOGGER.INFO: Datos  =PostmanRuntime/7.19.0 [] {"uid":"e744e46"}
[2019-11-17 02:54:56] UTN FRA LOGGER.INFO: ip =::1 [] {"uid":"e744e46"}
[2019-11-17 02:55:10] UTN FRA LOGGER.INFO: Datos  =PostmanRuntime/7.19.0 [] {"uid":"cc797db"}
[2019-11-17 02:55:10] UTN FRA LOGGER.INFO: ip =::1 [] {"uid":"cc797db"}
[2019-11-17 02:56:34] UTN FRA LOGGER.INFO: Datos  =PostmanRuntime/7.19.0 [] {"uid":"1dfda45"}
[2019-11-17 02:56:34] UTN FRA LOGGER.INFO: ip =::1 [] {"uid":"1dfda45"}
[2019-11-17 02:57:37] UTN FRA LOGGER.INFO: Datos  =PostmanRuntime/7.19.0 [] {"uid":"875fcbe"}
[2019-11-17 02:57:37] UTN FRA LOGGER.INFO: ip =::1 [] {"uid":"875fcbe"}
[2019-11-17 02:58:28] UTN FRA LOGGER.INFO: Datos  =PostmanRuntime/7.19.0 [] {"uid":"59c67b5"}
[2019-11-17 02:58:28] UTN FRA LOGGER.INFO: ip =::1 [] {"uid":"59c67b5"}
[2019-11-17 02:58:40] UTN FRA LOGGER.INFO: Datos  =PostmanRuntime/7.19.0 [] {"uid":"27d6f59"}
[2019-11-17 02:58:40] UTN FRA LOGGER.INFO: ip =::1 [] {"uid":"27d6f59"}
[2019-11-17 02:59:00] UTN FRA LOGGER.INFO: Datos  =PostmanRuntime/7.19.0 [] {"uid":"dd42b79"}
[2019-11-17 02:59:00] UTN FRA LOGGER.INFO: ip =::1 [] {"uid":"dd42b79"}
[2019-11-17 02:59:53] UTN FRA LOGGER.INFO: Datos  =PostmanRuntime/7.19.0 [] {"uid":"cf20b2f"}
[2019-11-17 02:59:53] UTN FRA LOGGER.INFO: ip =::1 [] {"uid":"cf20b2f"}
[2019-11-17 03:00:01] UTN FRA LOGGER.INFO: Datos  =PostmanRuntime/7.19.0 [] {"uid":"61d1c60"}
[2019-11-17 03:00:01] UTN FRA LOGGER.INFO: ip =::1 [] {"uid":"61d1c60"}
[2019-11-17 03:00:06] UTN FRA LOGGER.INFO: Datos  =PostmanRuntime/7.19.0 [] {"uid":"48aaab8"}
[2019-11-17 03:00:06] UTN FRA LOGGER.INFO: ip =::1 [] {"uid":"48aaab8"}
[2019-11-17 03:00:11] UTN FRA LOGGER.INFO: Datos  =PostmanRuntime/7.19.0 [] {"uid":"db35d04"}
[2019-11-17 03:00:11] UTN FRA LOGGER.INFO: ip =::1 [] {"uid":"db35d04"}
[2019-11-17 03:00:16] UTN FRA LOGGER.INFO: Datos  =PostmanRuntime/7.19.0 [] {"uid":"ae6f349"}
[2019-11-17 03:00:16] UTN FRA LOGGER.INFO: ip =::1 [] {"uid":"ae6f349"}
[2019-11-17 03:00:21] UTN FRA LOGGER.INFO: Datos  =PostmanRuntime/7.19.0 [] {"uid":"97e748d"}
[2019-11-17 03:00:21] UTN FRA LOGGER.INFO: ip =::1 [] {"uid":"97e748d"}
[2019-11-17 03:00:27] UTN FRA LOGGER.INFO: Datos  =PostmanRuntime/7.19.0 [] {"uid":"8c15105"}
[2019-11-17 03:00:27] UTN FRA LOGGER.INFO: ip =::1 [] {"uid":"8c15105"}
[2019-11-17 03:00:49] UTN FRA LOGGER.INFO: Datos  =PostmanRuntime/7.19.0 [] {"uid":"ccee872"}
[2019-11-17 03:00:49] UTN FRA LOGGER.INFO: ip =::1 [] {"uid":"ccee872"}
[2019-11-17 03:00:53] UTN FRA LOGGER.INFO: Datos  =PostmanRuntime/7.19.0 [] {"uid":"4bf13f7"}
[2019-11-17 03:00:53] UTN FRA LOGGER.INFO: ip =::1 [] {"uid":"4bf13f7"}
[2019-11-17 03:00:58] UTN FRA LOGGER.INFO: Datos  =PostmanRuntime/7.19.0 [] {"uid":"880a85d"}
[2019-11-17 03:00:58] UTN FRA LOGGER.INFO: ip =::1 [] {"uid":"880a85d"}
[2019-11-17 03:01:08] UTN FRA LOGGER.INFO: Datos  =PostmanRuntime/7.19.0 [] {"uid":"36665f6"}
[2019-11-17 03:01:08] UTN FRA LOGGER.INFO: ip =::1 [] {"uid":"36665f6"}
[2019-11-17 03:01:12] UTN FRA LOGGER.INFO: Datos  =PostmanRuntime/7.19.0 [] {"uid":"11a32c7"}
[2019-11-17 03:01:12] UTN FRA LOGGER.INFO: ip =::1 [] {"uid":"11a32c7"}
[2019-11-17 03:01:17] UTN FRA LOGGER.INFO: Datos  =PostmanRuntime/7.19.0 [] {"uid":"95b752f"}
[2019-11-17 03:01:17] UTN FRA LOGGER.INFO: ip =::1 [] {"uid":"95b752f"}
[2019-11-17 03:01:22] UTN FRA LOGGER.INFO: Datos  =PostmanRuntime/7.19.0 [] {"uid":"086d1a6"}
[2019-11-17 03:01:22] UTN FRA LOGGER.INFO: ip =::1 [] {"uid":"086d1a6"}
[2019-11-17 03:01:26] UTN FRA LOGGER.INFO: Datos  =PostmanRuntime/7.19.0 [] {"uid":"56e1c5b"}
[2019-11-17 03:01:26] UTN FRA LOGGER.INFO: ip =::1 [] {"uid":"56e1c5b"}
[2019-11-17 03:01:42] UTN FRA LOGGER.INFO: Datos  =PostmanRuntime/7.19.0 [] {"uid":"223dff3"}
[2019-11-17 03:01:42] UTN FRA LOGGER.INFO: ip =::1 [] {"uid":"223dff3"}
[2019-11-17 03:02:43] UTN FRA LOGGER.INFO: Datos  =PostmanRuntime/7.19.0 [] {"uid":"28904da"}
[2019-11-17 03:02:43] UTN FRA LOGGER.INFO: ip =::1 [] {"uid":"28904da"}
[2019-11-17 03:02:47] UTN FRA LOGGER.INFO: Datos  =PostmanRuntime/7.19.0 [] {"uid":"9c73997"}
[2019-11-17 03:02:47] UTN FRA LOGGER.INFO: ip =::1 [] {"uid":"9c73997"}
[2019-11-17 03:02:51] UTN FRA LOGGER.INFO: Datos  =PostmanRuntime/7.19.0 [] {"uid":"263e9af"}
[2019-11-17 03:02:51] UTN FRA LOGGER.INFO: ip =::1 [] {"uid":"263e9af"}
[2019-11-17 03:02:55] UTN FRA LOGGER.INFO: Datos  =PostmanRuntime/7.19.0 [] {"uid":"e12fcf3"}
[2019-11-17 03:02:55] UTN FRA LOGGER.INFO: ip =::1 [] {"uid":"e12fcf3"}
[2019-11-17 03:04:26] UTN FRA LOGGER.INFO: Datos  =PostmanRuntime/7.19.0 [] {"uid":"ed0ee28"}
[2019-11-17 03:04:26] UTN FRA LOGGER.INFO: ip =::1 [] {"uid":"ed0ee28"}
[2019-11-17 03:05:18] UTN FRA LOGGER.INFO: Datos  =PostmanRuntime/7.19.0 [] {"uid":"04bfca6"}
[2019-11-17 03:05:18] UTN FRA LOGGER.INFO: ip =::1 [] {"uid":"04bfca6"}
[2019-11-17 03:05:37] UTN FRA LOGGER.INFO: Datos  =PostmanRuntime/7.19.0 [] {"uid":"4d73564"}
[2019-11-17 03:05:37] UTN FRA LOGGER.INFO: ip =::1 [] {"uid":"4d73564"}
[2019-11-17 03:05:42] UTN FRA LOGGER.INFO: Datos  =PostmanRuntime/7.19.0 [] {"uid":"3247fa6"}
[2019-11-17 03:05:42] UTN FRA LOGGER.INFO: ip =::1 [] {"uid":"3247fa6"}
[2019-11-17 03:05:45] UTN FRA LOGGER.INFO: Datos  =PostmanRuntime/7.19.0 [] {"uid":"adec234"}
[2019-11-17 03:05:45] UTN FRA LOGGER.INFO: ip =::1 [] {"uid":"adec234"}
[2019-11-17 03:05:49] UTN FRA LOGGER.INFO: Datos  =PostmanRuntime/7.19.0 [] {"uid":"9f790b1"}
[2019-11-17 03:05:49] UTN FRA LOGGER.INFO: ip =::1 [] {"uid":"9f790b1"}
[2019-11-17 03:05:52] UTN FRA LOGGER.INFO: Datos  =PostmanRuntime/7.19.0 [] {"uid":"68867e2"}
[2019-11-17 03:05:52] UTN FRA LOGGER.INFO: ip =::1 [] {"uid":"68867e2"}
[2019-11-17 03:13:23] UTN FRA LOGGER.INFO: Datos  =PostmanRuntime/7.19.0 [] {"uid":"bdaf4e3"}
[2019-11-17 03:13:23] UTN FRA LOGGER.INFO: ip =::1 [] {"uid":"bdaf4e3"}
[2019-11-17 03:13:42] UTN FRA LOGGER.INFO: Datos  =PostmanRuntime/7.19.0 [] {"uid":"704e0d8"}
[2019-11-17 03:13:42] UTN FRA LOGGER.INFO: ip =::1 [] {"uid":"704e0d8"}
[2019-11-17 03:13:52] UTN FRA LOGGER.INFO: Datos  =PostmanRuntime/7.19.0 [] {"uid":"f0fc327"}
[2019-11-17 03:13:52] UTN FRA LOGGER.INFO: ip =::1 [] {"uid":"f0fc327"}
[2019-11-17 03:13:56] UTN FRA LOGGER.INFO: Datos  =PostmanRuntime/7.19.0 [] {"uid":"994641c"}
[2019-11-17 03:13:56] UTN FRA LOGGER.INFO: ip =::1 [] {"uid":"994641c"}
[2019-11-17 03:14:08] UTN FRA LOGGER.INFO: Datos  =PostmanRuntime/7.19.0 [] {"uid":"923fb7f"}
[2019-11-17 03:14:08] UTN FRA LOGGER.INFO: ip =::1 [] {"uid":"923fb7f"}
[2019-11-17 03:14:14] UTN FRA LOGGER.INFO: Datos  =PostmanRuntime/7.19.0 [] {"uid":"23a3437"}
[2019-11-17 03:14:14] UTN FRA LOGGER.INFO: ip =::1 [] {"uid":"23a3437"}
[2019-11-17 03:14:42] UTN FRA LOGGER.INFO: Datos  =PostmanRuntime/7.19.0 [] {"uid":"70a625f"}
[2019-11-17 03:14:42] UTN FRA LOGGER.INFO: ip =::1 [] {"uid":"70a625f"}
[2019-11-17 03:14:46] UTN FRA LOGGER.INFO: Datos  =PostmanRuntime/7.19.0 [] {"uid":"7e35a00"}
[2019-11-17 03:14:46] UTN FRA LOGGER.INFO: ip =::1 [] {"uid":"7e35a00"}
[2019-11-17 03:19:42] UTN FRA LOGGER.INFO: Datos  =PostmanRuntime/7.19.0 [] {"uid":"cf1c4bf"}
[2019-11-17 03:19:42] UTN FRA LOGGER.INFO: ip =::1 [] {"uid":"cf1c4bf"}
[2019-11-17 03:31:22] UTN FRA LOGGER.INFO: Datos  =PostmanRuntime/7.19.0 [] {"uid":"f9eee0c"}
[2019-11-17 03:31:22] UTN FRA LOGGER.INFO: ip =::1 [] {"uid":"f9eee0c"}
[2019-11-17 03:31:38] UTN FRA LOGGER.INFO: Datos  =PostmanRuntime/7.19.0 [] {"uid":"18dc46a"}
[2019-11-17 03:31:38] UTN FRA LOGGER.INFO: ip =::1 [] {"uid":"18dc46a"}
[2019-11-17 03:31:54] UTN FRA LOGGER.INFO: Datos  =PostmanRuntime/7.19.0 [] {"uid":"7603d27"}
[2019-11-17 03:31:54] UTN FRA LOGGER.INFO: ip =::1 [] {"uid":"7603d27"}
[2019-11-17 03:33:25] UTN FRA LOGGER.INFO: Datos  =PostmanRuntime/7.19.0 [] {"uid":"8a93127"}
[2019-11-17 03:33:25] UTN FRA LOGGER.INFO: ip =::1 [] {"uid":"8a93127"}
[2019-11-17 03:34:11] UTN FRA LOGGER.INFO: Datos  =PostmanRuntime/7.19.0 [] {"uid":"a14b8da"}
[2019-11-17 03:34:11] UTN FRA LOGGER.INFO: ip =::1 [] {"uid":"a14b8da"}
[2019-11-17 03:34:22] UTN FRA LOGGER.INFO: Datos  =PostmanRuntime/7.19.0 [] {"uid":"968f8bb"}
[2019-11-17 03:34:22] UTN FRA LOGGER.INFO: ip =::1 [] {"uid":"968f8bb"}
[2019-11-17 03:34:27] UTN FRA LOGGER.INFO: Datos  =PostmanRuntime/7.19.0 [] {"uid":"d9ea2ef"}
[2019-11-17 03:34:27] UTN FRA LOGGER.INFO: ip =::1 [] {"uid":"d9ea2ef"}
[2019-11-17 03:34:32] UTN FRA LOGGER.INFO: Datos  =PostmanRuntime/7.19.0 [] {"uid":"758d590"}
[2019-11-17 03:34:32] UTN FRA LOGGER.INFO: ip =::1 [] {"uid":"758d590"}
[2019-11-17 03:35:48] UTN FRA LOGGER.INFO: Datos  =PostmanRuntime/7.19.0 [] {"uid":"1e15397"}
[2019-11-17 03:35:48] UTN FRA LOGGER.INFO: ip =::1 [] {"uid":"1e15397"}
[2019-11-17 03:35:53] UTN FRA LOGGER.INFO: Datos  =PostmanRuntime/7.19.0 [] {"uid":"dd4da5f"}
[2019-11-17 03:35:53] UTN FRA LOGGER.INFO: ip =::1 [] {"uid":"dd4da5f"}
[2019-11-17 03:35:57] UTN FRA LOGGER.INFO: Datos  =PostmanRuntime/7.19.0 [] {"uid":"88feb68"}
[2019-11-17 03:35:57] UTN FRA LOGGER.INFO: ip =::1 [] {"uid":"88feb68"}
[2019-11-17 03:36:02] UTN FRA LOGGER.INFO: Datos  =PostmanRuntime/7.19.0 [] {"uid":"6db5cda"}
[2019-11-17 03:36:02] UTN FRA LOGGER.INFO: ip =::1 [] {"uid":"6db5cda"}
[2019-11-17 03:36:08] UTN FRA LOGGER.INFO: Datos  =PostmanRuntime/7.19.0 [] {"uid":"8bd7280"}
[2019-11-17 03:36:08] UTN FRA LOGGER.INFO: ip =::1 [] {"uid":"8bd7280"}
