
[2019-06-13 14:22:41] UTN FRA LOGGER.INFO: metodo=GET, URI=http%3A%2F%2Flocalhost%2FFull-API-REST-Skeleton%2Fpublic, RUTA=cd, autoridad=localhost [] {"uid":"cbdaafa"}
[2019-06-13 14:22:41] UTN FRA LOGGER.INFO: Slim-Skeleton '/' route [] {"uid":"cbdaafa"}
[2019-06-13 14:23:14] UTN FRA LOGGER.INFO: metodo=GET, URI=http%3A%2F%2Flocalhost%2FFull-API-REST-Skeleton%2Fpublic, RUTA=cd, autoridad=localhost [] {"uid":"51c39c8"}
[2019-06-13 14:23:14] UTN FRA LOGGER.INFO: Slim-Skeleton '/' route [] {"uid":"51c39c8"}
[2019-06-13 14:31:21] UTN FRA LOGGER.INFO: metodo=GET, URI=http%3A%2F%2Flocalhost%2FFull-API-REST-Skeleton%2Fpublic, RUTA=cd, autoridad=localhost [] {"uid":"8c0519b"}
[2019-06-13 14:31:21] UTN FRA LOGGER.INFO: Slim-Skeleton '/' route [] {"uid":"8c0519b"}
[2019-06-13 14:33:01] UTN FRA LOGGER.INFO: metodo=POST, URI=http%3A%2F%2Flocalhost%2FFull-API-REST-Skeleton%2Fpublic, RUTA=cd, autoridad=localhost [] {"uid":"0b2cd96"}
[2019-06-13 14:33:04] UTN FRA LOGGER.INFO: metodo=POST, URI=http%3A%2F%2Flocalhost%2FFull-API-REST-Skeleton%2Fpublic, RUTA=cd%2F, autoridad=localhost [] {"uid":"c6b9506"}
[2019-06-13 14:33:08] UTN FRA LOGGER.INFO: metodo=POST, URI=http%3A%2F%2Flocalhost%2FFull-API-REST-Skeleton%2Fpublic, RUTA=cd, autoridad=localhost [] {"uid":"be6a201"}
[2019-06-13 14:33:14] UTN FRA LOGGER.INFO: metodo=GET, URI=http%3A%2F%2Flocalhost%2FFull-API-REST-Skeleton%2Fpublic, RUTA=cd, autoridad=localhost [] {"uid":"c72b911"}
[2019-06-13 14:33:14] UTN FRA LOGGER.INFO: Slim-Skeleton '/' route [] {"uid":"c72b911"}
[2019-06-13 14:41:27] UTN FRA LOGGER.INFO: metodo=GET, URI=http%3A%2F%2Flocalhost%2FFull-API-REST-Skeleton%2Fpublic, RUTA=cd, autoridad=localhost [] {"uid":"a176d8c"}
[2019-06-13 14:41:27] UTN FRA LOGGER.INFO: Slim-Skeleton '/' route [] {"uid":"a176d8c"}
[2019-06-13 14:46:20] UTN FRA LOGGER.INFO: metodo=GET, URI=http%3A%2F%2Flocalhost%2FFull-API-REST-Skeleton%2Fpublic, RUTA=cd, autoridad=localhost [] {"uid":"ee35737"}
[2019-06-13 14:46:20] UTN FRA LOGGER.INFO: Slim-Skeleton '/' route [] {"uid":"ee35737"}
[2019-06-13 14:48:37] UTN FRA LOGGER.INFO: metodo=GET, URI=http%3A%2F%2Flocalhost%2FFull-API-REST-Skeleton%2Fpublic, RUTA=cd, autoridad=localhost [] {"uid":"abec998"}
[2019-06-13 14:48:37] UTN FRA LOGGER.INFO: Slim-Skeleton '/' route [] {"uid":"abec998"}
[2019-06-13 14:48:52] UTN FRA LOGGER.INFO: metodo=GET, URI=http%3A%2F%2Flocalhost%2FFull-API-REST-Skeleton%2Fpublic, RUTA=cd, autoridad=localhost [] {"uid":"8673393"}
[2019-06-13 14:48:52] UTN FRA LOGGER.INFO: Slim-Skeleton '/' route [] {"uid":"8673393"}
[2019-06-13 14:48:59] UTN FRA LOGGER.INFO: metodo=GET, URI=http%3A%2F%2Flocalhost%2FFull-API-REST-Skeleton%2Fpublic, RUTA=%2F, autoridad=localhost [] {"uid":"4ea4dca"}
[2019-06-13 14:48:59] UTN FRA LOGGER.INFO: Slim-Skeleton '/' route [] {"uid":"4ea4dca"}
[2019-06-13 14:50:13] UTN FRA LOGGER.INFO: metodo=GET, URI=http%3A%2F%2Flocalhost%2FFull-API-REST-Skeleton%2Fpublic, RUTA=cd, autoridad=localhost [] {"uid":"7226ecc"}
[2019-06-13 14:50:13] UTN FRA LOGGER.INFO: Slim-Skeleton '/' route [] {"uid":"7226ecc"}
[2019-06-13 14:51:49] UTN FRA LOGGER.INFO: metodo=GET, URI=http%3A%2F%2Flocalhost%2FFull-API-REST-Skeleton%2Fpublic, RUTA=cd, autoridad=localhost [] {"uid":"436b3d9"}
[2019-06-13 14:51:49] UTN FRA LOGGER.INFO: Slim-Skeleton '/' route [] {"uid":"436b3d9"}
[2019-06-13 14:52:04] UTN FRA LOGGER.INFO: metodo=GET, URI=http%3A%2F%2Flocalhost%2FFull-API-REST-Skeleton%2Fpublic, RUTA=cdsadsad, autoridad=localhost [] {"uid":"1d5953a"}
[2019-06-13 14:52:04] UTN FRA LOGGER.INFO: Slim-Skeleton '/' route [] {"uid":"1d5953a"}
[2019-06-13 14:52:24] UTN FRA LOGGER.INFO: metodo=GET, URI=http%3A%2F%2Flocalhost%2FFull-API-REST-Skeleton%2Fpublic, RUTA=cdsadsad, autoridad=localhost [] {"uid":"e59d193"}
[2019-06-13 14:52:24] UTN FRA LOGGER.INFO: Slim-Skeleton '/' route [] {"uid":"e59d193"}
[2019-06-13 14:52:34] UTN FRA LOGGER.INFO: metodo=GET, URI=http%3A%2F%2Flocalhost%2FFull-API-REST-Skeleton%2Fpublic, RUTA=cddasasd, autoridad=localhost [] {"uid":"04a9747"}
[2019-06-13 14:52:34] UTN FRA LOGGER.INFO: Slim-Skeleton '/' route [] {"uid":"04a9747"}
[2019-06-13 14:54:41] UTN FRA LOGGER.INFO: metodo=GET, URI=http%3A%2F%2Flocalhost%2FFull-API-REST-Skeleton%2Fpublic, RUTA=cd, autoridad=localhost [] {"uid":"f107aba"}
[2019-06-13 14:54:41] UTN FRA LOGGER.INFO: Slim-Skeleton '/' route [] {"uid":"f107aba"}
[2019-06-13 15:40:36] UTN FRA LOGGER.INFO: metodo=GET, URI=http%3A%2F%2Flocalhost%2FFull-API-REST-Skeleton%2Fpublic, RUTA=cd, autoridad=localhost [] {"uid":"ef8c25a"}
[2019-06-13 15:40:36] UTN FRA LOGGER.INFO: Slim-Skeleton '/' route [] {"uid":"ef8c25a"}
[2019-06-13 15:40:42] UTN FRA LOGGER.INFO: metodo=GET, URI=http%3A%2F%2Flocalhost%2FFull-API-REST-Skeleton%2Fpublic, RUTA=JWT%2F, autoridad=localhost [] {"uid":"357fab5"}
[2019-06-13 15:41:29] UTN FRA LOGGER.INFO: metodo=GET, URI=http%3A%2F%2Flocalhost%2FFull-API-REST-Skeleton%2Fpublic, RUTA=JWT%2F, autoridad=localhost [] {"uid":"3f334b7"}
[2019-06-13 15:42:30] UTN FRA LOGGER.INFO: metodo=GET, URI=http%3A%2F%2Flocalhost%2FFull-API-REST-Skeleton%2Fpublic, RUTA=JWT%2F, autoridad=localhost [] {"uid":"f77f1dc"}
[2019-06-13 15:45:52] UTN FRA LOGGER.INFO: metodo=GET, URI=http%3A%2F%2Flocalhost%2FFull-API-REST-Skeleton%2Fpublic, RUTA=JWT%2F, autoridad=localhost [] {"uid":"ebede7d"}
[2019-06-13 15:46:48] UTN FRA LOGGER.INFO: metodo=GET, URI=http%3A%2F%2Flocalhost%2FFull-API-REST-Skeleton%2Fpublic, RUTA=JWT%2F, autoridad=localhost [] {"uid":"0ecbf97"}
[2019-06-13 15:46:49] UTN FRA LOGGER.INFO: metodo=GET, URI=http%3A%2F%2Flocalhost%2FFull-API-REST-Skeleton%2Fpublic, RUTA=JWT%2F, autoridad=localhost [] {"uid":"282c134"}
[2019-06-13 15:46:50] UTN FRA LOGGER.INFO: metodo=GET, URI=http%3A%2F%2Flocalhost%2FFull-API-REST-Skeleton%2Fpublic, RUTA=JWT%2F, autoridad=localhost [] {"uid":"3c95600"}
[2019-06-13 15:47:05] UTN FRA LOGGER.INFO: metodo=GET, URI=http%3A%2F%2Flocalhost%2FFull-API-REST-Skeleton%2Fpublic, RUTA=JWT%2F, autoridad=localhost [] {"uid":"c621b16"}
[2019-06-13 15:47:10] UTN FRA LOGGER.INFO: metodo=GET, URI=http%3A%2F%2Flocalhost%2FFull-API-REST-Skeleton%2Fpublic, RUTA=cd, autoridad=localhost [] {"uid":"bf6f035"}
[2019-06-13 15:47:10] UTN FRA LOGGER.INFO: Slim-Skeleton '/' route [] {"uid":"bf6f035"}
[2019-06-13 15:47:16] UTN FRA LOGGER.INFO: metodo=GET, URI=http%3A%2F%2Flocalhost%2FFull-API-REST-Skeleton%2Fpublic, RUTA=JWT%2F, autoridad=localhost [] {"uid":"cfac656"}
[2019-06-13 15:47:52] UTN FRA LOGGER.INFO: metodo=GET, URI=http%3A%2F%2Flocalhost%2FFull-API-REST-Skeleton%2Fpublic, RUTA=JWT%2F, autoridad=localhost [] {"uid":"e14969e"}
[2019-06-13 15:47:55] UTN FRA LOGGER.INFO: metodo=GET, URI=http%3A%2F%2Flocalhost%2FFull-API-REST-Skeleton%2Fpublic, RUTA=JWT, autoridad=localhost [] {"uid":"6b74752"}
[2019-06-13 15:47:55] UTN FRA LOGGER.INFO: Slim-Skeleton '/' route [] {"uid":"6b74752"}
[2019-06-13 15:48:12] UTN FRA LOGGER.INFO: metodo=GET, URI=http%3A%2F%2Flocalhost%2FFull-API-REST-Skeleton%2Fpublic, RUTA=JWT%2FcrearToken, autoridad=localhost [] {"uid":"4d4a878"}
[2019-06-13 15:48:15] UTN FRA LOGGER.INFO: metodo=GET, URI=http%3A%2F%2Flocalhost%2FFull-API-REST-Skeleton%2Fpublic, RUTA=JWT%2FcrearToken%2F, autoridad=localhost [] {"uid":"85c7bd2"}
[2019-06-13 15:50:55] UTN FRA LOGGER.INFO: metodo=GET, URI=http%3A%2F%2Flocalhost%2FFull-API-REST-Skeleton%2Fpublic, RUTA=JWT%2F, autoridad=localhost [] {"uid":"809f0d9"}
[2019-06-13 15:51:28] UTN FRA LOGGER.INFO: metodo=GET, URI=http%3A%2F%2Flocalhost%2FFull-API-REST-Skeleton%2Fpublic, RUTA=JWT%2FdevolverPayLoad, autoridad=localhost [] {"uid":"c4c1acb"}
[2019-06-13 15:51:33] UTN FRA LOGGER.INFO: metodo=GET, URI=http%3A%2F%2Flocalhost%2FFull-API-REST-Skeleton%2Fpublic, RUTA=JWT%2FdevolverPayLoad%2F, autoridad=localhost [] {"uid":"b2bb375"}
[2019-06-13 15:53:23] UTN FRA LOGGER.INFO: metodo=GET, URI=http%3A%2F%2Flocalhost%2FFull-API-REST-Skeleton%2Fpublic, RUTA=JWT%2FdevolverPayLoad%2F, autoridad=localhost [] {"uid":"4be0464"}
[2019-06-13 15:53:26] UTN FRA LOGGER.INFO: metodo=GET, URI=http%3A%2F%2Flocalhost%2FFull-API-REST-Skeleton%2Fpublic, RUTA=JWT%2FdevolverPayLoad%2F, autoridad=localhost [] {"uid":"d345f1e"}
[2019-06-13 15:54:00] UTN FRA LOGGER.INFO: metodo=GET, URI=http%3A%2F%2Flocalhost%2FFull-API-REST-Skeleton%2Fpublic, RUTA=JWT%2FdevolverPayLoad%2F, autoridad=localhost [] {"uid":"914db4e"}
[2019-06-13 15:54:01] UTN FRA LOGGER.INFO: metodo=GET, URI=http%3A%2F%2Flocalhost%2FFull-API-REST-Skeleton%2Fpublic, RUTA=JWT%2FdevolverPayLoad%2F, autoridad=localhost [] {"uid":"d8926fc"}
[2019-06-13 15:54:01] UTN FRA LOGGER.INFO: metodo=GET, URI=http%3A%2F%2Flocalhost%2FFull-API-REST-Skeleton%2Fpublic, RUTA=JWT%2FdevolverPayLoad%2F, autoridad=localhost [] {"uid":"e6913b2"}
[2019-06-13 15:54:01] UTN FRA LOGGER.INFO: metodo=GET, URI=http%3A%2F%2Flocalhost%2FFull-API-REST-Skeleton%2Fpublic, RUTA=JWT%2FdevolverPayLoad%2F, autoridad=localhost [] {"uid":"eb07b32"}
[2019-06-13 15:54:01] UTN FRA LOGGER.INFO: metodo=GET, URI=http%3A%2F%2Flocalhost%2FFull-API-REST-Skeleton%2Fpublic, RUTA=JWT%2FdevolverPayLoad%2F, autoridad=localhost [] {"uid":"5283686"}
[2019-06-13 15:54:02] UTN FRA LOGGER.INFO: metodo=GET, URI=http%3A%2F%2Flocalhost%2FFull-API-REST-Skeleton%2Fpublic, RUTA=JWT%2FdevolverPayLoad%2F, autoridad=localhost [] {"uid":"14a954e"}
[2019-06-13 15:54:02] UTN FRA LOGGER.INFO: metodo=GET, URI=http%3A%2F%2Flocalhost%2FFull-API-REST-Skeleton%2Fpublic, RUTA=JWT%2FdevolverPayLoad%2F, autoridad=localhost [] {"uid":"904e4eb"}
[2019-06-13 15:54:29] UTN FRA LOGGER.INFO: metodo=GET, URI=http%3A%2F%2Flocalhost%2FFull-API-REST-Skeleton%2Fpublic, RUTA=JWT%2FdevolverPayLoad%2F, autoridad=localhost [] {"uid":"6aa5ecf"}
[2019-06-13 15:54:53] UTN FRA LOGGER.INFO: metodo=GET, URI=http%3A%2F%2Flocalhost%2FFull-API-REST-Skeleton%2Fpublic, RUTA=JWT%2FdevolverPayLoad%2F, autoridad=localhost [] {"uid":"8a18527"}
[2019-06-13 16:14:20] UTN FRA LOGGER.INFO: metodo=GET, URI=http%3A%2F%2Flocalhost%2FFull-API-REST-Skeleton%2Fpublic, RUTA=JWT%2F, autoridad=localhost [] {"uid":"55a4605"}
[2019-06-13 16:14:25] UTN FRA LOGGER.INFO: metodo=POST, URI=http%3A%2F%2Flocalhost%2FFull-API-REST-Skeleton%2Fpublic, RUTA=JWT%2F, autoridad=localhost [] {"uid":"f981075"}
[2019-06-13 16:16:52] UTN FRA LOGGER.INFO: metodo=POST, URI=http%3A%2F%2Flocalhost%2FFull-API-REST-Skeleton%2Fpublic, RUTA=JWT%2F, autoridad=localhost [] {"uid":"46748bf"}
[2019-06-13 16:16:56] UTN FRA LOGGER.INFO: metodo=POST, URI=http%3A%2F%2Flocalhost%2FFull-API-REST-Skeleton%2Fpublic, RUTA=JWT%2F, autoridad=localhost [] {"uid":"0caf1e0"}
[2019-06-13 16:17:07] UTN FRA LOGGER.INFO: metodo=GET, URI=http%3A%2F%2Flocalhost%2FFull-API-REST-Skeleton%2Fpublic, RUTA=JWT%2F, autoridad=localhost [] {"uid":"6dd0ab4"}
[2019-06-13 16:19:09] UTN FRA LOGGER.INFO: metodo=GET, URI=http%3A%2F%2Flocalhost%2FFull-API-REST-Skeleton%2Fpublic, RUTA=JWT%2F, autoridad=localhost [] {"uid":"37dd024"}
[2019-06-13 16:19:58] UTN FRA LOGGER.INFO: metodo=GET, URI=http%3A%2F%2Flocalhost%2FFull-API-REST-Skeleton%2Fpublic, RUTA=JWT%2F, autoridad=localhost [] {"uid":"b69d6ce"}
[2019-06-13 16:20:00] UTN FRA LOGGER.INFO: metodo=GET, URI=http%3A%2F%2Flocalhost%2FFull-API-REST-Skeleton%2Fpublic, RUTA=JWT%2F, autoridad=localhost [] {"uid":"681fbe6"}
[2019-06-13 16:20:32] UTN FRA LOGGER.INFO: metodo=GET, URI=http%3A%2F%2Flocalhost%2FFull-API-REST-Skeleton%2Fpublic, RUTA=JWT%2F, autoridad=localhost [] {"uid":"1ef71a1"}
[2019-06-13 16:20:40] UTN FRA LOGGER.INFO: metodo=GET, URI=http%3A%2F%2Flocalhost%2FFull-API-REST-Skeleton%2Fpublic, RUTA=JWT%2F, autoridad=localhost [] {"uid":"9dfad57"}
[2019-11-10 18:38:18] UTN FRA LOGGER.INFO: metodo=GET, URI=http%3A%2F%2Flocalhost%2FTP_Final%2Fpublic, RUTA=cdORM, autoridad=localhost [] {"uid":"3de5aa3"}
[2019-11-10 18:38:18] UTN FRA LOGGER.INFO: Slim-Skeleton '/' route [] {"uid":"3de5aa3"}
[2019-11-10 18:38:26] UTN FRA LOGGER.INFO: metodo=GET, URI=http%3A%2F%2Flocalhost%2FTP_Final%2Fpublic, RUTA=cdORM, autoridad=localhost [] {"uid":"90a6f72"}
[2019-11-10 18:38:26] UTN FRA LOGGER.INFO: Slim-Skeleton '/' route [] {"uid":"90a6f72"}
[2019-11-10 18:40:43] UTN FRA LOGGER.INFO: metodo=GET, URI=http%3A%2F%2Flocalhost%2FTP_Final%2Fpublic, RUTA=cdORM%2F, autoridad=localhost [] {"uid":"37198df"}
[2019-11-10 18:41:16] UTN FRA LOGGER.INFO: metodo=GET, URI=http%3A%2F%2Flocalhost%2FTP_Final%2Fpublic, RUTA=cdORM%2F, autoridad=localhost [] {"uid":"e253009"}
[2019-11-10 19:21:41] UTN FRA LOGGER.INFO: metodo=GET, URI=http%3A%2F%2Flocalhost%3A8080%2FTP_COMANDA%2Fpublic, RUTA=cdORM%2F, autoridad=localhost%3A8080 [] {"uid":"542b827"}
[2019-11-10 19:23:35] UTN FRA LOGGER.INFO: metodo=GET, URI=http%3A%2F%2Flocalhost%3A8080%2FTP_COMANDA%2Fpublic, RUTA=cdORM%2F, autoridad=localhost%3A8080 [] {"uid":"cd30488"}
[2019-11-10 19:24:02] UTN FRA LOGGER.INFO: metodo=GET, URI=http%3A%2F%2Flocalhost%3A8080%2FTP_COMANDA%2Fpublic, RUTA=cdORM%2F, autoridad=localhost%3A8080 [] {"uid":"3fc8fa7"}
[2019-11-10 19:24:52] UTN FRA LOGGER.INFO: metodo=GET, URI=http%3A%2F%2Flocalhost%3A8080%2FTP_COMANDA%2Fpublic, RUTA=cdORM%2F, autoridad=localhost%3A8080 [] {"uid":"917b6f5"}
[2019-11-10 20:12:51] UTN FRA LOGGER.INFO: metodo=POST, URI=http%3A%2F%2Flocalhost%3A8080%2FTP_COMANDA%2Fpublic, RUTA=cdORM%2F, autoridad=localhost%3A8080 [] {"uid":"6e656ef"}
[2019-11-12 03:34:54] UTN FRA LOGGER.INFO: metodo=GET, URI=http%3A%2F%2Flocalhost%3A8080%2FTP_COMANDA%2Fpublic, RUTA=cdORM%2F, autoridad=localhost%3A8080 [] {"uid":"3165ea1"}
[2019-11-12 03:47:05] UTN FRA LOGGER.INFO: metodo=GET, URI=http%3A%2F%2Flocalhost%3A8080%2FTP_COMANDA%2Fpublic, RUTA=cdORM%2F, autoridad=localhost%3A8080 [] {"uid":"7f34207"}
[2019-11-12 04:46:32] UTN FRA LOGGER.INFO: metodo=GET, URI=http%3A%2F%2Flocalhost%3A8080%2FTP_COMANDA%2Fpublic, RUTA=encargados%2FtraerEncargados, autoridad=localhost%3A8080 [] {"uid":"5c0e86c"}
[2019-11-12 04:49:16] UTN FRA LOGGER.INFO: metodo=POST, URI=http%3A%2F%2Flocalhost%3A8080%2FTP_COMANDA%2Fpublic, RUTA=encargados%2FaltaEncargado, autoridad=localhost%3A8080 [] {"uid":"5fd23c2"}
[2019-11-12 04:50:40] UTN FRA LOGGER.INFO: metodo=POST, URI=http%3A%2F%2Flocalhost%3A8080%2FTP_COMANDA%2Fpublic, RUTA=encargados%2FaltaEncargado, autoridad=localhost%3A8080 [] {"uid":"2a9611e"}
[2019-11-12 04:51:21] UTN FRA LOGGER.INFO: metodo=POST, URI=http%3A%2F%2Flocalhost%3A8080%2FTP_COMANDA%2Fpublic, RUTA=encargados%2FaltaEncargado, autoridad=localhost%3A8080 [] {"uid":"335dba5"}
[2019-11-12 04:51:57] UTN FRA LOGGER.INFO: metodo=POST, URI=http%3A%2F%2Flocalhost%3A8080%2FTP_COMANDA%2Fpublic, RUTA=encargados%2FaltaEncargado, autoridad=localhost%3A8080 [] {"uid":"df607f5"}
[2019-11-12 04:52:29] UTN FRA LOGGER.INFO: metodo=POST, URI=http%3A%2F%2Flocalhost%3A8080%2FTP_COMANDA%2Fpublic, RUTA=encargados%2FaltaEncargado, autoridad=localhost%3A8080 [] {"uid":"af1055d"}
[2019-11-12 04:53:47] UTN FRA LOGGER.INFO: metodo=POST, URI=http%3A%2F%2Flocalhost%3A8080%2FTP_COMANDA%2Fpublic, RUTA=encargados%2FaltaEncargado, autoridad=localhost%3A8080 [] {"uid":"03f94a8"}
[2019-11-12 04:54:49] UTN FRA LOGGER.INFO: metodo=GET, URI=http%3A%2F%2Flocalhost%3A8080%2FTP_COMANDA%2Fpublic, RUTA=encargados%2FtraerEncargados, autoridad=localhost%3A8080 [] {"uid":"341556d"}
[2019-11-12 04:55:10] UTN FRA LOGGER.INFO: metodo=GET, URI=http%3A%2F%2Flocalhost%3A8080%2FTP_COMANDA%2Fpublic, RUTA=encargados%2FtraerEncargados, autoridad=localhost%3A8080 [] {"uid":"85a201f"}
[2019-11-12 04:55:54] UTN FRA LOGGER.INFO: metodo=POST, URI=http%3A%2F%2Flocalhost%3A8080%2FTP_COMANDA%2Fpublic, RUTA=encargados%2FtraerEncargados, autoridad=localhost%3A8080 [] {"uid":"a45bd6b"}
[2019-11-12 04:56:04] UTN FRA LOGGER.INFO: metodo=POST, URI=http%3A%2F%2Flocalhost%3A8080%2FTP_COMANDA%2Fpublic, RUTA=encargados%2FaltaEncargados, autoridad=localhost%3A8080 [] {"uid":"8efbb93"}
[2019-11-12 04:56:09] UTN FRA LOGGER.INFO: metodo=POST, URI=http%3A%2F%2Flocalhost%3A8080%2FTP_COMANDA%2Fpublic, RUTA=encargados%2FaltaEncargado, autoridad=localhost%3A8080 [] {"uid":"f16acb1"}
[2019-11-12 04:57:20] UTN FRA LOGGER.INFO: metodo=POST, URI=http%3A%2F%2Flocalhost%3A8080%2FTP_COMANDA%2Fpublic, RUTA=encargados%2FaltaEncargado, autoridad=localhost%3A8080 [] {"uid":"ce89743"}
[2019-11-12 04:58:35] UTN FRA LOGGER.INFO: metodo=POST, URI=http%3A%2F%2Flocalhost%3A8080%2FTP_COMANDA%2Fpublic, RUTA=encargados%2FaltaEncargado, autoridad=localhost%3A8080 [] {"uid":"cc738ea"}
[2019-11-12 04:58:44] UTN FRA LOGGER.INFO: metodo=GET, URI=http%3A%2F%2Flocalhost%3A8080%2FTP_COMANDA%2Fpublic, RUTA=encargados%2FaltaEncargado, autoridad=localhost%3A8080 [] {"uid":"e2f8c41"}
[2019-11-12 04:59:17] UTN FRA LOGGER.INFO: metodo=GET, URI=http%3A%2F%2Flocalhost%3A8080%2FTP_COMANDA%2Fpublic, RUTA=encargados%2FaltaEncargado, autoridad=localhost%3A8080 [] {"uid":"6c5abfb"}
[2019-11-12 04:59:52] UTN FRA LOGGER.INFO: metodo=POST, URI=http%3A%2F%2Flocalhost%3A8080%2FTP_COMANDA%2Fpublic, RUTA=encargados%2FaltaEncargado, autoridad=localhost%3A8080 [] {"uid":"ae01054"}
[2019-11-12 05:00:41] UTN FRA LOGGER.INFO: metodo=POST, URI=http%3A%2F%2Flocalhost%3A8080%2FTP_COMANDA%2Fpublic, RUTA=encargados%2FaltaEncargado, autoridad=localhost%3A8080 [] {"uid":"b4ba476"}
[2019-11-12 05:01:02] UTN FRA LOGGER.INFO: metodo=GET, URI=http%3A%2F%2Flocalhost%3A8080%2FTP_COMANDA%2Fpublic, RUTA=encargados%2FtraerEncargados, autoridad=localhost%3A8080 [] {"uid":"695419c"}
[2019-11-12 05:01:16] UTN FRA LOGGER.INFO: metodo=POST, URI=http%3A%2F%2Flocalhost%3A8080%2FTP_COMANDA%2Fpublic, RUTA=encargados%2FaltaEncargados, autoridad=localhost%3A8080 [] {"uid":"c4ce576"}
[2019-11-12 05:01:22] UTN FRA LOGGER.INFO: metodo=POST, URI=http%3A%2F%2Flocalhost%3A8080%2FTP_COMANDA%2Fpublic, RUTA=encargados%2FaltaEncargado, autoridad=localhost%3A8080 [] {"uid":"a53a733"}
[2019-11-12 05:13:24] UTN FRA LOGGER.INFO: metodo=POST, URI=http%3A%2F%2Flocalhost%3A8080%2FTP_COMANDA%2Fpublic, RUTA=encargados%2FaltaEncargado, autoridad=localhost%3A8080 [] {"uid":"6dba7e5"}
[2019-11-12 05:14:17] UTN FRA LOGGER.INFO: metodo=POST, URI=http%3A%2F%2Flocalhost%3A8080%2FTP_COMANDA%2Fpublic, RUTA=encargados%2FaltaEncargado, autoridad=localhost%3A8080 [] {"uid":"c021dc5"}
[2019-11-15 05:07:07] UTN FRA LOGGER.INFO: metodo=GET, URI=http%3A%2F%2Flocalhost%3A8080%2FTP_COMANDA%2Fpublic, RUTA=encargados%2FtraerEncargados, autoridad=localhost%3A8080 [] {"uid":"35a6538"}
[2019-11-15 05:45:07] UTN FRA LOGGER.INFO: metodo=GET, URI=http%3A%2F%2Flocalhost%3A8080%2FTP_COMANDA%2Fpublic, RUTA=encargados%2FtraerUnEncargado, autoridad=localhost%3A8080 [] {"uid":"dd5cc90"}
[2019-11-15 05:45:18] UTN FRA LOGGER.INFO: metodo=GET, URI=http%3A%2F%2Flocalhost%3A8080%2FTP_COMANDA%2Fpublic, RUTA=encargados%2FtraerUnEncargado1, autoridad=localhost%3A8080 [] {"uid":"3583435"}
[2019-11-15 05:45:24] UTN FRA LOGGER.INFO: metodo=GET, URI=http%3A%2F%2Flocalhost%3A8080%2FTP_COMANDA%2Fpublic, RUTA=encargados%2FtraerUnEncargado%2F1, autoridad=localhost%3A8080 [] {"uid":"f223b24"}
[2019-11-15 05:45:54] UTN FRA LOGGER.INFO: metodo=GET, URI=http%3A%2F%2Flocalhost%3A8080%2FTP_COMANDA%2Fpublic, RUTA=encargados%2FtraerUnEncargado, autoridad=localhost%3A8080 [] {"uid":"ced8bfd"}
[2019-11-15 05:50:01] UTN FRA LOGGER.INFO: metodo=GET, URI=http%3A%2F%2Flocalhost%3A8080%2FTP_COMANDA%2Fpublic, RUTA=encargados%2FtraerUnEncargado1, autoridad=localhost%3A8080 [] {"uid":"4de217f"}
[2019-11-15 05:50:05] UTN FRA LOGGER.INFO: metodo=GET, URI=http%3A%2F%2Flocalhost%3A8080%2FTP_COMANDA%2Fpublic, RUTA=encargados%2FtraerUnEncargado, autoridad=localhost%3A8080 [] {"uid":"32cb4b0"}
[2019-11-15 05:50:34] UTN FRA LOGGER.INFO: metodo=GET, URI=http%3A%2F%2Flocalhost%3A8080%2FTP_COMANDA%2Fpublic, RUTA=encargados%2FtraerUnEncargado%2F1, autoridad=localhost%3A8080 [] {"uid":"3b64a11"}
[2019-11-15 05:50:39] UTN FRA LOGGER.INFO: metodo=GET, URI=http%3A%2F%2Flocalhost%3A8080%2FTP_COMANDA%2Fpublic, RUTA=encargados%2FtraerUnEncargado%2F2, autoridad=localhost%3A8080 [] {"uid":"1a0e2ff"}
[2019-11-15 05:50:51] UTN FRA LOGGER.INFO: metodo=GET, URI=http%3A%2F%2Flocalhost%3A8080%2FTP_COMANDA%2Fpublic, RUTA=encargados%2FtraerUnEncargados, autoridad=localhost%3A8080 [] {"uid":"bde046d"}
[2019-11-15 05:50:57] UTN FRA LOGGER.INFO: metodo=GET, URI=http%3A%2F%2Flocalhost%3A8080%2FTP_COMANDA%2Fpublic, RUTA=encargados%2FtraerEncargados, autoridad=localhost%3A8080 [] {"uid":"7cfd942"}
[2019-11-15 05:52:11] UTN FRA LOGGER.INFO: metodo=POST, URI=http%3A%2F%2Flocalhost%3A8080%2FTP_COMANDA%2Fpublic, RUTA=encargados%2FiniciarSesion, autoridad=localhost%3A8080 [] {"uid":"9051134"}
[2019-11-15 05:54:59] UTN FRA LOGGER.INFO: metodo=POST, URI=http%3A%2F%2Flocalhost%3A8080%2FTP_COMANDA%2Fpublic, RUTA=encargados%2FaltaEncargado, autoridad=localhost%3A8080 [] {"uid":"d91f6c2"}
[2019-11-15 05:56:49] UTN FRA LOGGER.INFO: metodo=POST, URI=http%3A%2F%2Flocalhost%3A8080%2FTP_COMANDA%2Fpublic, RUTA=encargados%2FbajaEncargado%2Fafda, autoridad=localhost%3A8080 [] {"uid":"50889ba"}
[2019-11-15 05:58:38] UTN FRA LOGGER.INFO: metodo=POST, URI=http%3A%2F%2Flocalhost%3A8080%2FTP_COMANDA%2Fpublic, RUTA=encargados%2FaltaEncargado, autoridad=localhost%3A8080 [] {"uid":"3ee9579"}
[2019-11-15 05:58:51] UTN FRA LOGGER.INFO: metodo=POST, URI=http%3A%2F%2Flocalhost%3A8080%2FTP_COMANDA%2Fpublic, RUTA=encargados%2FbajaEncargado, autoridad=localhost%3A8080 [] {"uid":"57bfa8d"}
[2019-11-15 05:59:10] UTN FRA LOGGER.INFO: metodo=POST, URI=http%3A%2F%2Flocalhost%3A8080%2FTP_COMANDA%2Fpublic, RUTA=encargados%2FaltaEncargado, autoridad=localhost%3A8080 [] {"uid":"9843abc"}
[2019-11-15 05:59:27] UTN FRA LOGGER.INFO: metodo=POST, URI=http%3A%2F%2Flocalhost%3A8080%2FTP_COMANDA%2Fpublic, RUTA=encargados%2FbajaEncargado, autoridad=localhost%3A8080 [] {"uid":"e441ccb"}
[2019-11-15 06:10:43] UTN FRA LOGGER.INFO: metodo=POST, URI=http%3A%2F%2Flocalhost%3A8080%2FTP_COMANDA%2Fpublic, RUTA=encargados%2FmodificarEncargado, autoridad=localhost%3A8080 [] {"uid":"60769ca"}
[2019-11-15 06:11:15] UTN FRA LOGGER.INFO: metodo=POST, URI=http%3A%2F%2Flocalhost%3A8080%2FTP_COMANDA%2Fpublic, RUTA=encargados%2FmodificarEncargado, autoridad=localhost%3A8080 [] {"uid":"dfd74b5"}
[2019-11-15 06:11:53] UTN FRA LOGGER.INFO: metodo=POST, URI=http%3A%2F%2Flocalhost%3A8080%2FTP_COMANDA%2Fpublic, RUTA=encargados%2FmodificarEncargado, autoridad=localhost%3A8080 [] {"uid":"6aef4f4"}
[2019-11-15 06:12:20] UTN FRA LOGGER.INFO: metodo=POST, URI=http%3A%2F%2Flocalhost%3A8080%2FTP_COMANDA%2Fpublic, RUTA=encargados%2FmodificarEncargado, autoridad=localhost%3A8080 [] {"uid":"e0a8b2f"}
[2019-12-01 04:08:25] UTN FRA LOGGER.INFO: metodo=GET, URI=http%3A%2F%2Flocalhost%3A8080%2FTP_COMANDA%2Fpublic, RUTA=encargados%2F, autoridad=localhost%3A8080 [] {"uid":"db45183"}
[2019-12-01 04:09:37] UTN FRA LOGGER.INFO: metodo=GET, URI=http%3A%2F%2Flocalhost%3A8080%2FTP_COMANDA%2Fpublic, RUTA=traerEncargados, autoridad=localhost%3A8080 [] {"uid":"41ffa6d"}
[2019-12-01 04:09:37] UTN FRA LOGGER.INFO: Slim-Skeleton '/' route [] {"uid":"41ffa6d"}
[2019-12-01 04:11:29] UTN FRA LOGGER.INFO: metodo=GET, URI=http%3A%2F%2Flocalhost%3A8080%2FTP_COMANDA%2Fpublic, RUTA=traerEncargados, autoridad=localhost%3A8080 [] {"uid":"3f82aa9"}
[2019-12-01 04:11:29] UTN FRA LOGGER.INFO: Slim-Skeleton '/' route [] {"uid":"3f82aa9"}
[2019-12-01 04:12:02] UTN FRA LOGGER.INFO: metodo=GET, URI=http%3A%2F%2Flocalhost%3A8080%2FTP_COMANDA%2Fpublic, RUTA=traerEncargados, autoridad=localhost%3A8080 [] {"uid":"1035a8f"}
[2019-12-01 04:12:02] UTN FRA LOGGER.INFO: Slim-Skeleton '/' route [] {"uid":"1035a8f"}
[2019-12-01 04:13:08] UTN FRA LOGGER.INFO: metodo=GET, URI=http%3A%2F%2Flocalhost%3A8080%2FTP_COMANDA%2Fpublic, RUTA=traerEncargados, autoridad=localhost%3A8080 [] {"uid":"69473e9"}
[2019-12-01 04:13:08] UTN FRA LOGGER.INFO: Slim-Skeleton '/' route [] {"uid":"69473e9"}
[2019-12-01 04:14:00] UTN FRA LOGGER.INFO: metodo=GET, URI=http%3A%2F%2Flocalhost%3A8080%2FTP_COMANDA%2Fpublic, RUTA=traerEncargados, autoridad=localhost%3A8080 [] {"uid":"64f41c0"}
[2019-12-01 04:14:00] UTN FRA LOGGER.INFO: Slim-Skeleton '/' route [] {"uid":"64f41c0"}
[2019-12-01 04:14:03] UTN FRA LOGGER.INFO: metodo=GET, URI=http%3A%2F%2Flocalhost%3A8080%2FTP_COMANDA%2Fpublic, RUTA=traerEncargados%2F, autoridad=localhost%3A8080 [] {"uid":"a99cfc2"}
[2019-12-01 04:14:13] UTN FRA LOGGER.INFO: metodo=GET, URI=http%3A%2F%2Flocalhost%3A8080%2FTP_COMANDA%2Fpublic, RUTA=traerEncargados, autoridad=localhost%3A8080 [] {"uid":"2777fbe"}
[2019-12-01 04:14:13] UTN FRA LOGGER.INFO: Slim-Skeleton '/' route [] {"uid":"2777fbe"}
[2019-12-01 04:14:51] UTN FRA LOGGER.INFO: metodo=GET, URI=http%3A%2F%2Flocalhost%3A8080%2FTP_COMANDA%2Fpublic, RUTA=traerUnEncargado%2F1, autoridad=localhost%3A8080 [] {"uid":"72c2518"}
[2019-12-01 04:15:47] UTN FRA LOGGER.INFO: metodo=GET, URI=http%3A%2F%2Flocalhost%3A8080%2FTP_COMANDA%2Fpublic, RUTA=traerUnEncargado%2F1, autoridad=localhost%3A8080 [] {"uid":"713ca4f"}
[2019-12-01 04:15:55] UTN FRA LOGGER.INFO: metodo=GET, URI=http%3A%2F%2Flocalhost%3A8080%2FTP_COMANDA%2Fpublic, RUTA=traerUnEncargado1, autoridad=localhost%3A8080 [] {"uid":"0a0aaf7"}
[2019-12-01 04:15:55] UTN FRA LOGGER.INFO: Slim-Skeleton '/' route [] {"uid":"0a0aaf7"}
[2019-12-01 04:16:15] UTN FRA LOGGER.INFO: metodo=GET, URI=http%3A%2F%2Flocalhost%3A8080%2FTP_COMANDA%2Fpublic, RUTA=traerUnEncargado%257B1%257D, autoridad=localhost%3A8080 [] {"uid":"d067325"}
[2019-12-01 04:16:15] UTN FRA LOGGER.INFO: Slim-Skeleton '/' route [] {"uid":"d067325"}
[2019-12-01 04:16:24] UTN FRA LOGGER.INFO: metodo=GET, URI=http%3A%2F%2Flocalhost%3A8080%2FTP_COMANDA%2Fpublic, RUTA=traerUnEncargado%2F1, autoridad=localhost%3A8080 [] {"uid":"214bd28"}
[2019-12-01 04:17:37] UTN FRA LOGGER.INFO: metodo=GET, URI=http%3A%2F%2Flocalhost%3A8080%2FTP_COMANDA%2Fpublic, RUTA=traerEncargados%2F, autoridad=localhost%3A8080 [] {"uid":"d55fdab"}
[2019-12-01 04:17:42] UTN FRA LOGGER.INFO: metodo=GET, URI=http%3A%2F%2Flocalhost%3A8080%2FTP_COMANDA%2Fpublic, RUTA=traerEncargados, autoridad=localhost%3A8080 [] {"uid":"517ac47"}
[2019-12-01 04:17:42] UTN FRA LOGGER.INFO: Slim-Skeleton '/' route [] {"uid":"517ac47"}
[2019-12-01 04:18:43] UTN FRA LOGGER.INFO: metodo=GET, URI=http%3A%2F%2Flocalhost%3A8080%2FTP_COMANDA%2Fpublic, RUTA=traerEncargados, autoridad=localhost%3A8080 [] {"uid":"6842b54"}
[2019-12-01 04:18:43] UTN FRA LOGGER.INFO: Slim-Skeleton '/' route [] {"uid":"6842b54"}
[2019-12-01 04:19:52] UTN FRA LOGGER.INFO: metodo=GET, URI=http%3A%2F%2Flocalhost%3A8080%2FTP_COMANDA%2Fpublic, RUTA=encargados%2FtraerEncargados, autoridad=localhost%3A8080 [] {"uid":"62d6df5"}
[2019-12-01 04:20:17] UTN FRA LOGGER.INFO: metodo=GET, URI=http%3A%2F%2Flocalhost%3A8080%2FTP_COMANDA%2Fpublic, RUTA=encargados%2FtraerEncargados%2F1, autoridad=localhost%3A8080 [] {"uid":"9ff42ba"}
[2019-12-01 04:20:31] UTN FRA LOGGER.INFO: metodo=GET, URI=http%3A%2F%2Flocalhost%3A8080%2FTP_COMANDA%2Fpublic, RUTA=encargados%2FtraerUnEncargado%2F1, autoridad=localhost%3A8080 [] {"uid":"8f30005"}
[2019-12-01 04:27:58] UTN FRA LOGGER.INFO: metodo=POST, URI=http%3A%2F%2Flocalhost%3A8080%2FTP_COMANDA%2Fpublic, RUTA=encargados%2FaltaEncargado, autoridad=localhost%3A8080 [] {"uid":"843105f"}
[2019-12-01 04:30:11] UTN FRA LOGGER.INFO: metodo=POST, URI=http%3A%2F%2Flocalhost%3A8080%2FTP_COMANDA%2Fpublic, RUTA=encargados%2FmodificarEncargado, autoridad=localhost%3A8080 [] {"uid":"eaa386b"}
[2019-12-01 04:30:44] UTN FRA LOGGER.INFO: metodo=POST, URI=http%3A%2F%2Flocalhost%3A8080%2FTP_COMANDA%2Fpublic, RUTA=encargados%2FmodificarEncargado, autoridad=localhost%3A8080 [] {"uid":"7e1ce38"}
[2019-12-01 04:31:11] UTN FRA LOGGER.INFO: metodo=POST, URI=http%3A%2F%2Flocalhost%3A8080%2FTP_COMANDA%2Fpublic, RUTA=encargados%2FmodificarEncargado, autoridad=localhost%3A8080 [] {"uid":"5ae3cd5"}
[2019-12-01 04:32:39] UTN FRA LOGGER.INFO: metodo=POST, URI=http%3A%2F%2Flocalhost%3A8080%2FTP_COMANDA%2Fpublic, RUTA=encargados%2FiniciarSesion, autoridad=localhost%3A8080 [] {"uid":"548dcc4"}
[2019-12-01 04:33:00] UTN FRA LOGGER.INFO: metodo=POST, URI=http%3A%2F%2Flocalhost%3A8080%2FTP_COMANDA%2Fpublic, RUTA=encargados%2FiniciarSesion, autoridad=localhost%3A8080 [] {"uid":"dbf9037"}
[2019-12-01 04:38:47] UTN FRA LOGGER.INFO: metodo=POST, URI=http%3A%2F%2Flocalhost%3A8080%2FTP_COMANDA%2Fpublic, RUTA=encargados%2FaltaEncargado, autoridad=localhost%3A8080 [] {"uid":"d3c099c"}
[2019-12-01 04:42:18] UTN FRA LOGGER.INFO: metodo=POST, URI=http%3A%2F%2Flocalhost%3A8080%2FTP_COMANDA%2Fpublic, RUTA=encargados%2FaltaEncargado, autoridad=localhost%3A8080 [] {"uid":"eba0720"}
[2019-12-01 04:43:42] UTN FRA LOGGER.INFO: metodo=POST, URI=http%3A%2F%2Flocalhost%3A8080%2FTP_COMANDA%2Fpublic, RUTA=encargados%2FaltaEncargado, autoridad=localhost%3A8080 [] {"uid":"71a94d4"}
[2019-12-01 04:44:35] UTN FRA LOGGER.INFO: metodo=POST, URI=http%3A%2F%2Flocalhost%3A8080%2FTP_COMANDA%2Fpublic, RUTA=encargados%2FaltaEncargado, autoridad=localhost%3A8080 [] {"uid":"65d068c"}
[2019-12-01 04:45:24] UTN FRA LOGGER.INFO: metodo=POST, URI=http%3A%2F%2Flocalhost%3A8080%2FTP_COMANDA%2Fpublic, RUTA=encargados%2FaltaEncargado, autoridad=localhost%3A8080 [] {"uid":"d2a678b"}
[2019-12-01 04:46:24] UTN FRA LOGGER.INFO: metodo=POST, URI=http%3A%2F%2Flocalhost%3A8080%2FTP_COMANDA%2Fpublic, RUTA=encargados%2FaltaEncargado, autoridad=localhost%3A8080 [] {"uid":"1f40865"}
[2019-12-01 04:48:25] UTN FRA LOGGER.INFO: metodo=POST, URI=http%3A%2F%2Flocalhost%3A8080%2FTP_COMANDA%2Fpublic, RUTA=encargados%2FaltaEncargado, autoridad=localhost%3A8080 [] {"uid":"a6e1eb4"}
[2019-12-01 04:49:02] UTN FRA LOGGER.INFO: metodo=POST, URI=http%3A%2F%2Flocalhost%3A8080%2FTP_COMANDA%2Fpublic, RUTA=encargados%2FaltaEncargado, autoridad=localhost%3A8080 [] {"uid":"c3f1c5f"}
[2019-12-01 04:50:18] UTN FRA LOGGER.INFO: metodo=POST, URI=http%3A%2F%2Flocalhost%3A8080%2FTP_COMANDA%2Fpublic, RUTA=encargados%2FiniciarSesion, autoridad=localhost%3A8080 [] {"uid":"8305586"}
[2019-12-01 04:51:07] UTN FRA LOGGER.INFO: metodo=POST, URI=http%3A%2F%2Flocalhost%3A8080%2FTP_COMANDA%2Fpublic, RUTA=encargados%2FaltaEncargado, autoridad=localhost%3A8080 [] {"uid":"ef63e9d"}
[2019-12-01 04:51:36] UTN FRA LOGGER.INFO: metodo=POST, URI=http%3A%2F%2Flocalhost%3A8080%2FTP_COMANDA%2Fpublic, RUTA=encargados%2FaltaEncargado, autoridad=localhost%3A8080 [] {"uid":"89be4e1"}
[2019-12-01 04:53:28] UTN FRA LOGGER.INFO: metodo=POST, URI=http%3A%2F%2Flocalhost%3A8080%2FTP_COMANDA%2Fpublic, RUTA=encargados%2FiniciarSesion, autoridad=localhost%3A8080 [] {"uid":"f4d6670"}
[2019-12-01 04:53:42] UTN FRA LOGGER.INFO: metodo=POST, URI=http%3A%2F%2Flocalhost%3A8080%2FTP_COMANDA%2Fpublic, RUTA=encargados%2FaltaEncargado, autoridad=localhost%3A8080 [] {"uid":"2786d5d"}
[2019-12-01 04:54:04] UTN FRA LOGGER.INFO: metodo=POST, URI=http%3A%2F%2Flocalhost%3A8080%2FTP_COMANDA%2Fpublic, RUTA=encargados%2FaltaEncargado, autoridad=localhost%3A8080 [] {"uid":"0643a8e"}
[2019-12-01 04:54:09] UTN FRA LOGGER.INFO: metodo=POST, URI=http%3A%2F%2Flocalhost%3A8080%2FTP_COMANDA%2Fpublic, RUTA=encargados%2FaltaEncargado, autoridad=localhost%3A8080 [] {"uid":"22883ab"}
[2019-12-01 04:54:26] UTN FRA LOGGER.INFO: metodo=POST, URI=http%3A%2F%2Flocalhost%3A8080%2FTP_COMANDA%2Fpublic, RUTA=encargados%2FaltaEncargado, autoridad=localhost%3A8080 [] {"uid":"9804367"}
[2019-12-01 04:54:45] UTN FRA LOGGER.INFO: metodo=POST, URI=http%3A%2F%2Flocalhost%3A8080%2FTP_COMANDA%2Fpublic, RUTA=encargados%2FaltaEncargado, autoridad=localhost%3A8080 [] {"uid":"e5d559c"}
[2019-12-01 04:54:57] UTN FRA LOGGER.INFO: metodo=POST, URI=http%3A%2F%2Flocalhost%3A8080%2FTP_COMANDA%2Fpublic, RUTA=encargados%2FaltaEncargado, autoridad=localhost%3A8080 [] {"uid":"3afe322"}
[2019-12-01 04:55:10] UTN FRA LOGGER.INFO: metodo=POST, URI=http%3A%2F%2Flocalhost%3A8080%2FTP_COMANDA%2Fpublic, RUTA=encargados%2FiniciarSesion, autoridad=localhost%3A8080 [] {"uid":"1b74e98"}
[2019-12-01 04:55:31] UTN FRA LOGGER.INFO: metodo=POST, URI=http%3A%2F%2Flocalhost%3A8080%2FTP_COMANDA%2Fpublic, RUTA=encargados%2FaltaEncargado, autoridad=localhost%3A8080 [] {"uid":"2885c7c"}
[2019-12-01 04:58:40] UTN FRA LOGGER.INFO: metodo=POST, URI=http%3A%2F%2Flocalhost%3A8080%2FTP_COMANDA%2Fpublic, RUTA=encargados%2FiniciarSesion, autoridad=localhost%3A8080 [] {"uid":"900eb72"}
[2019-12-01 04:58:57] UTN FRA LOGGER.INFO: metodo=POST, URI=http%3A%2F%2Flocalhost%3A8080%2FTP_COMANDA%2Fpublic, RUTA=encargados%2FaltaEncargado, autoridad=localhost%3A8080 [] {"uid":"a09a7b2"}
[2019-12-01 04:59:09] UTN FRA LOGGER.INFO: metodo=POST, URI=http%3A%2F%2Flocalhost%3A8080%2FTP_COMANDA%2Fpublic, RUTA=encargados%2FaltaEncargado, autoridad=localhost%3A8080 [] {"uid":"c653b84"}
[2019-12-01 05:07:55] UTN FRA LOGGER.INFO: metodo=POST, URI=http%3A%2F%2Flocalhost%3A8080%2FTP_COMANDA%2Fpublic, RUTA=encargados%2FiniciarSesion, autoridad=localhost%3A8080 [] {"uid":"3400e92"}
[2019-12-01 05:08:07] UTN FRA LOGGER.INFO: metodo=POST, URI=http%3A%2F%2Flocalhost%3A8080%2FTP_COMANDA%2Fpublic, RUTA=encargados%2FaltaEncargado, autoridad=localhost%3A8080 [] {"uid":"e50baf9"}
[2019-12-01 05:08:19] UTN FRA LOGGER.INFO: metodo=POST, URI=http%3A%2F%2Flocalhost%3A8080%2FTP_COMANDA%2Fpublic, RUTA=encargados%2FaltaEncargado, autoridad=localhost%3A8080 [] {"uid":"46dd790"}
[2019-12-01 05:10:26] UTN FRA LOGGER.INFO: metodo=POST, URI=http%3A%2F%2Flocalhost%3A8080%2FTP_COMANDA%2Fpublic, RUTA=encargados%2FaltaEncargado, autoridad=localhost%3A8080 [] {"uid":"4a0febf"}
[2019-12-01 05:10:32] UTN FRA LOGGER.INFO: metodo=POST, URI=http%3A%2F%2Flocalhost%3A8080%2FTP_COMANDA%2Fpublic, RUTA=encargados%2FaltaEncargado, autoridad=localhost%3A8080 [] {"uid":"5414b54"}
[2019-12-01 05:12:50] UTN FRA LOGGER.INFO: metodo=POST, URI=http%3A%2F%2Flocalhost%3A8080%2FTP_COMANDA%2Fpublic, RUTA=encargados%2FiniciarSesion, autoridad=localhost%3A8080 [] {"uid":"84729c6"}
[2019-12-01 05:13:07] UTN FRA LOGGER.INFO: metodo=POST, URI=http%3A%2F%2Flocalhost%3A8080%2FTP_COMANDA%2Fpublic, RUTA=encargados%2FaltaEncargado, autoridad=localhost%3A8080 [] {"uid":"53b6aa1"}
[2019-12-01 05:14:41] UTN FRA LOGGER.INFO: metodo=POST, URI=http%3A%2F%2Flocalhost%3A8080%2FTP_COMANDA%2Fpublic, RUTA=encargados%2FiniciarSesion, autoridad=localhost%3A8080 [] {"uid":"3af8ebb"}
[2019-12-01 05:14:58] UTN FRA LOGGER.INFO: metodo=POST, URI=http%3A%2F%2Flocalhost%3A8080%2FTP_COMANDA%2Fpublic, RUTA=encargados%2FaltaEncargado, autoridad=localhost%3A8080 [] {"uid":"8086fb9"}
[2019-12-01 05:15:05] UTN FRA LOGGER.INFO: metodo=POST, URI=http%3A%2F%2Flocalhost%3A8080%2FTP_COMANDA%2Fpublic, RUTA=encargados%2FaltaEncargado, autoridad=localhost%3A8080 [] {"uid":"7d3d2da"}
[2019-12-01 05:21:50] UTN FRA LOGGER.INFO: metodo=POST, URI=http%3A%2F%2Flocalhost%3A8080%2FTP_COMANDA%2Fpublic, RUTA=encargados%2FiniciarSesion, autoridad=localhost%3A8080 [] {"uid":"f2453f6"}
[2019-12-01 05:22:27] UTN FRA LOGGER.INFO: metodo=POST, URI=http%3A%2F%2Flocalhost%3A8080%2FTP_COMANDA%2Fpublic, RUTA=encargados%2FiniciarSesion, autoridad=localhost%3A8080 [] {"uid":"8443e66"}
[2019-12-01 05:22:56] UTN FRA LOGGER.INFO: metodo=POST, URI=http%3A%2F%2Flocalhost%3A8080%2FTP_COMANDA%2Fpublic, RUTA=encargados%2FaltaEncargado, autoridad=localhost%3A8080 [] {"uid":"5ae6843"}
[2019-12-01 05:23:02] UTN FRA LOGGER.INFO: metodo=POST, URI=http%3A%2F%2Flocalhost%3A8080%2FTP_COMANDA%2Fpublic, RUTA=encargados%2FaltaEncargado, autoridad=localhost%3A8080 [] {"uid":"42991b7"}
[2019-12-01 05:23:53] UTN FRA LOGGER.INFO: metodo=POST, URI=http%3A%2F%2Flocalhost%3A8080%2FTP_COMANDA%2Fpublic, RUTA=encargados%2FaltaEncargado, autoridad=localhost%3A8080 [] {"uid":"e5bd28c"}
[2019-12-01 05:24:32] UTN FRA LOGGER.INFO: metodo=POST, URI=http%3A%2F%2Flocalhost%3A8080%2FTP_COMANDA%2Fpublic, RUTA=encargados%2FiniciarSesion, autoridad=localhost%3A8080 [] {"uid":"99634aa"}
[2019-12-01 05:24:59] UTN FRA LOGGER.INFO: metodo=POST, URI=http%3A%2F%2Flocalhost%3A8080%2FTP_COMANDA%2Fpublic, RUTA=encargados%2FaltaEncargado, autoridad=localhost%3A8080 [] {"uid":"941c7db"}
[2019-12-01 05:25:24] UTN FRA LOGGER.INFO: metodo=POST, URI=http%3A%2F%2Flocalhost%3A8080%2FTP_COMANDA%2Fpublic, RUTA=encargados%2FaltaEncargado, autoridad=localhost%3A8080 [] {"uid":"83722a6"}
[2019-12-01 05:26:44] UTN FRA LOGGER.INFO: metodo=POST, URI=http%3A%2F%2Flocalhost%3A8080%2FTP_COMANDA%2Fpublic, RUTA=encargados%2FbajaEncargado, autoridad=localhost%3A8080 [] {"uid":"692b75c"}
