[2019-06-13 14:22:41] UTN FRA LOGGER.INFO: ::1 [] {"uid":"ecfba35"}
[2019-06-13 14:23:14] UTN FRA LOGGER.INFO: ip :::1 [] {"uid":"f1af206"}
[2019-06-13 14:31:21] UTN FRA LOGGER.INFO: info  =Mozilla/5.0 (X11; Linux x86_64) AppleWebKit/537.36 (KHTML, like Gecko) Chrome/73.0.3683.86 Safari/537.36 [] {"uid":"2676799"}
[2019-06-13 14:31:21] UTN FRA LOGGER.INFO: ip =::1 [] {"uid":"2676799"}
[2019-06-13 14:33:01] UTN FRA LOGGER.INFO: info  =PostmanRuntime/7.1.1 [] {"uid":"1c0e970"}
[2019-06-13 14:33:01] UTN FRA LOGGER.INFO: ip =::1 [] {"uid":"1c0e970"}
[2019-06-13 14:33:04] UTN FRA LOGGER.INFO: info  =PostmanRuntime/7.1.1 [] {"uid":"e0a490b"}
[2019-06-13 14:33:04] UTN FRA LOGGER.INFO: ip =::1 [] {"uid":"e0a490b"}
[2019-06-13 14:33:08] UTN FRA LOGGER.INFO: info  =PostmanRuntime/7.1.1 [] {"uid":"5792b8b"}
[2019-06-13 14:33:08] UTN FRA LOGGER.INFO: ip =::1 [] {"uid":"5792b8b"}
[2019-06-13 14:33:14] UTN FRA LOGGER.INFO: info  =PostmanRuntime/7.1.1 [] {"uid":"c3f3041"}
[2019-06-13 14:33:14] UTN FRA LOGGER.INFO: ip =::1 [] {"uid":"c3f3041"}
[2019-06-13 14:41:27] UTN FRA LOGGER.INFO: info  =Mozilla/5.0 (X11; Linux x86_64; rv:60.0) Gecko/20100101 Firefox/60.0 [] {"uid":"d971c69"}
[2019-06-13 14:41:27] UTN FRA LOGGER.INFO: ip =127.0.0.1 [] {"uid":"d971c69"}
[2019-06-13 14:46:20] UTN FRA LOGGER.INFO: info  =Mozilla/5.0 (X11; Linux x86_64; rv:60.0) Gecko/20100101 Firefox/60.0 [] {"uid":"01737b9"}
[2019-06-13 14:46:20] UTN FRA LOGGER.INFO: ip =127.0.0.1 [] {"uid":"01737b9"}
[2019-06-13 14:48:37] UTN FRA LOGGER.INFO: info  =Mozilla/5.0 (X11; Linux x86_64) AppleWebKit/537.36 (KHTML, like Gecko) Chrome/50.0.2661.76 YaBrowser/16.6.0.6383 (beta) Safari/537.36 [] {"uid":"5d9f7e5"}
[2019-06-13 14:48:37] UTN FRA LOGGER.INFO: ip =::1 [] {"uid":"5d9f7e5"}
[2019-06-13 14:48:52] UTN FRA LOGGER.INFO: info  =Mozilla/5.0 (X11; Linux x86_64) AppleWebKit/537.36 (KHTML, like Gecko) Chrome/50.0.2661.76 YaBrowser/16.6.0.6383 (beta) Safari/537.36 [] {"uid":"f6cdba9"}
[2019-06-13 14:48:52] UTN FRA LOGGER.INFO: ip =::1 [] {"uid":"f6cdba9"}
[2019-06-13 14:48:59] UTN FRA LOGGER.INFO: info  =Mozilla/5.0 (X11; Linux x86_64) AppleWebKit/537.36 (KHTML, like Gecko) Chrome/50.0.2661.76 YaBrowser/16.6.0.6383 (beta) Safari/537.36 [] {"uid":"7fb9fe5"}
[2019-06-13 14:48:59] UTN FRA LOGGER.INFO: ip =::1 [] {"uid":"7fb9fe5"}
[2019-06-13 14:50:12] UTN FRA LOGGER.INFO: info  =Mozilla/5.0 (X11; Linux x86_64) AppleWebKit/537.36 (KHTML, like Gecko) Chrome/71.0.3578.98 Safari/537.36 OPR/58.0.3135.107 [] {"uid":"05adba9"}
[2019-06-13 14:50:13] UTN FRA LOGGER.INFO: ip =::1 [] {"uid":"05adba9"}
[2019-06-13 14:51:49] UTN FRA LOGGER.INFO: info  =Mozilla/5.0 (X11; Linux x86_64) AppleWebKit/537.36 (KHTML, like Gecko) Chrome/73.0.3683.86 Safari/537.36 [] {"uid":"4869fa1"}
[2019-06-13 14:51:49] UTN FRA LOGGER.INFO: ip =::1 [] {"uid":"4869fa1"}
[2019-06-13 14:52:04] UTN FRA LOGGER.INFO: info  =PostmanRuntime/7.1.1 [] {"uid":"955f892"}
[2019-06-13 14:52:04] UTN FRA LOGGER.INFO: ip =::1 [] {"uid":"955f892"}
[2019-06-13 14:52:24] UTN FRA LOGGER.INFO: Datos  =PostmanRuntime/7.1.1 [] {"uid":"3d3557f"}
[2019-06-13 14:52:24] UTN FRA LOGGER.INFO: ip =::1 [] {"uid":"3d3557f"}
[2019-06-13 14:52:34] UTN FRA LOGGER.INFO: Datos  =Mozilla/5.0 (X11; Linux x86_64) AppleWebKit/537.36 (KHTML, like Gecko) Chrome/71.0.3578.98 Safari/537.36 OPR/58.0.3135.107 [] {"uid":"521a87e"}
[2019-06-13 14:52:34] UTN FRA LOGGER.INFO: ip =::1 [] {"uid":"521a87e"}
[2019-06-13 14:54:41] UTN FRA LOGGER.INFO: Datos  =Mozilla/5.0 (X11; Linux x86_64) AppleWebKit/537.36 (KHTML, like Gecko) Chrome/73.0.3683.86 Safari/537.36 [] {"uid":"15b9fd3"}
[2019-06-13 14:54:41] UTN FRA LOGGER.INFO: ip =::1 [] {"uid":"15b9fd3"}
[2019-06-13 15:40:36] UTN FRA LOGGER.INFO: Datos  =Mozilla/5.0 (X11; Linux x86_64) AppleWebKit/537.36 (KHTML, like Gecko) Chrome/73.0.3683.86 Safari/537.36 [] {"uid":"bbb9226"}
[2019-06-13 15:40:36] UTN FRA LOGGER.INFO: ip =::1 [] {"uid":"bbb9226"}
[2019-06-13 15:40:42] UTN FRA LOGGER.INFO: Datos  =Mozilla/5.0 (X11; Linux x86_64) AppleWebKit/537.36 (KHTML, like Gecko) Chrome/73.0.3683.86 Safari/537.36 [] {"uid":"d5105f7"}
[2019-06-13 15:40:42] UTN FRA LOGGER.INFO: ip =::1 [] {"uid":"d5105f7"}
[2019-06-13 15:41:29] UTN FRA LOGGER.INFO: Datos  =Mozilla/5.0 (X11; Linux x86_64) AppleWebKit/537.36 (KHTML, like Gecko) Chrome/73.0.3683.86 Safari/537.36 [] {"uid":"e12c6d8"}
[2019-06-13 15:41:29] UTN FRA LOGGER.INFO: ip =::1 [] {"uid":"e12c6d8"}
[2019-06-13 15:42:30] UTN FRA LOGGER.INFO: Datos  =Mozilla/5.0 (X11; Linux x86_64) AppleWebKit/537.36 (KHTML, like Gecko) Chrome/73.0.3683.86 Safari/537.36 [] {"uid":"36ef6fa"}
[2019-06-13 15:42:30] UTN FRA LOGGER.INFO: ip =::1 [] {"uid":"36ef6fa"}
[2019-06-13 15:45:52] UTN FRA LOGGER.INFO: Datos  =Mozilla/5.0 (X11; Linux x86_64) AppleWebKit/537.36 (KHTML, like Gecko) Chrome/73.0.3683.86 Safari/537.36 [] {"uid":"452e00c"}
[2019-06-13 15:45:52] UTN FRA LOGGER.INFO: ip =::1 [] {"uid":"452e00c"}
[2019-06-13 15:46:48] UTN FRA LOGGER.INFO: Datos  =Mozilla/5.0 (X11; Linux x86_64) AppleWebKit/537.36 (KHTML, like Gecko) Chrome/73.0.3683.86 Safari/537.36 [] {"uid":"accaf17"}
[2019-06-13 15:46:48] UTN FRA LOGGER.INFO: ip =::1 [] {"uid":"accaf17"}
[2019-06-13 15:46:49] UTN FRA LOGGER.INFO: Datos  =Mozilla/5.0 (X11; Linux x86_64) AppleWebKit/537.36 (KHTML, like Gecko) Chrome/73.0.3683.86 Safari/537.36 [] {"uid":"2977b9f"}
[2019-06-13 15:46:49] UTN FRA LOGGER.INFO: ip =::1 [] {"uid":"2977b9f"}
[2019-06-13 15:46:50] UTN FRA LOGGER.INFO: Datos  =Mozilla/5.0 (X11; Linux x86_64) AppleWebKit/537.36 (KHTML, like Gecko) Chrome/73.0.3683.86 Safari/537.36 [] {"uid":"5b1fbcd"}
[2019-06-13 15:46:50] UTN FRA LOGGER.INFO: ip =::1 [] {"uid":"5b1fbcd"}
[2019-06-13 15:47:05] UTN FRA LOGGER.INFO: Datos  =Mozilla/5.0 (X11; Linux x86_64) AppleWebKit/537.36 (KHTML, like Gecko) Chrome/73.0.3683.86 Safari/537.36 [] {"uid":"618e906"}
[2019-06-13 15:47:05] UTN FRA LOGGER.INFO: ip =::1 [] {"uid":"618e906"}
[2019-06-13 15:47:10] UTN FRA LOGGER.INFO: Datos  =Mozilla/5.0 (X11; Linux x86_64) AppleWebKit/537.36 (KHTML, like Gecko) Chrome/73.0.3683.86 Safari/537.36 [] {"uid":"e6f850c"}
[2019-06-13 15:47:10] UTN FRA LOGGER.INFO: ip =::1 [] {"uid":"e6f850c"}
[2019-06-13 15:47:16] UTN FRA LOGGER.INFO: Datos  =Mozilla/5.0 (X11; Linux x86_64) AppleWebKit/537.36 (KHTML, like Gecko) Chrome/73.0.3683.86 Safari/537.36 [] {"uid":"6080469"}
[2019-06-13 15:47:16] UTN FRA LOGGER.INFO: ip =::1 [] {"uid":"6080469"}
[2019-06-13 15:47:52] UTN FRA LOGGER.INFO: Datos  =Mozilla/5.0 (X11; Linux x86_64) AppleWebKit/537.36 (KHTML, like Gecko) Chrome/73.0.3683.86 Safari/537.36 [] {"uid":"be829a8"}
[2019-06-13 15:47:52] UTN FRA LOGGER.INFO: ip =::1 [] {"uid":"be829a8"}
[2019-06-13 15:47:55] UTN FRA LOGGER.INFO: Datos  =Mozilla/5.0 (X11; Linux x86_64) AppleWebKit/537.36 (KHTML, like Gecko) Chrome/73.0.3683.86 Safari/537.36 [] {"uid":"8f497ca"}
[2019-06-13 15:47:55] UTN FRA LOGGER.INFO: ip =::1 [] {"uid":"8f497ca"}
[2019-06-13 15:48:12] UTN FRA LOGGER.INFO: Datos  =Mozilla/5.0 (X11; Linux x86_64) AppleWebKit/537.36 (KHTML, like Gecko) Chrome/73.0.3683.86 Safari/537.36 [] {"uid":"9e48c5a"}
[2019-06-13 15:48:12] UTN FRA LOGGER.INFO: ip =::1 [] {"uid":"9e48c5a"}
[2019-06-13 15:48:15] UTN FRA LOGGER.INFO: Datos  =Mozilla/5.0 (X11; Linux x86_64) AppleWebKit/537.36 (KHTML, like Gecko) Chrome/73.0.3683.86 Safari/537.36 [] {"uid":"b916695"}
[2019-06-13 15:48:15] UTN FRA LOGGER.INFO: ip =::1 [] {"uid":"b916695"}
[2019-06-13 15:50:55] UTN FRA LOGGER.INFO: Datos  =Mozilla/5.0 (X11; Linux x86_64) AppleWebKit/537.36 (KHTML, like Gecko) Chrome/73.0.3683.86 Safari/537.36 [] {"uid":"1dd5fc6"}
[2019-06-13 15:50:55] UTN FRA LOGGER.INFO: ip =::1 [] {"uid":"1dd5fc6"}
[2019-06-13 15:51:28] UTN FRA LOGGER.INFO: Datos  =Mozilla/5.0 (X11; Linux x86_64) AppleWebKit/537.36 (KHTML, like Gecko) Chrome/73.0.3683.86 Safari/537.36 [] {"uid":"458c08c"}
[2019-06-13 15:51:28] UTN FRA LOGGER.INFO: ip =::1 [] {"uid":"458c08c"}
[2019-06-13 15:51:33] UTN FRA LOGGER.INFO: Datos  =Mozilla/5.0 (X11; Linux x86_64) AppleWebKit/537.36 (KHTML, like Gecko) Chrome/73.0.3683.86 Safari/537.36 [] {"uid":"c57b200"}
[2019-06-13 15:51:33] UTN FRA LOGGER.INFO: ip =::1 [] {"uid":"c57b200"}
[2019-06-13 15:53:23] UTN FRA LOGGER.INFO: Datos  =Mozilla/5.0 (X11; Linux x86_64) AppleWebKit/537.36 (KHTML, like Gecko) Chrome/73.0.3683.86 Safari/537.36 [] {"uid":"903207f"}
[2019-06-13 15:53:23] UTN FRA LOGGER.INFO: ip =::1 [] {"uid":"903207f"}
[2019-06-13 15:53:26] UTN FRA LOGGER.INFO: Datos  =Mozilla/5.0 (X11; Linux x86_64) AppleWebKit/537.36 (KHTML, like Gecko) Chrome/73.0.3683.86 Safari/537.36 [] {"uid":"3a71660"}
[2019-06-13 15:53:26] UTN FRA LOGGER.INFO: ip =::1 [] {"uid":"3a71660"}
[2019-06-13 15:54:00] UTN FRA LOGGER.INFO: Datos  =Mozilla/5.0 (X11; Linux x86_64) AppleWebKit/537.36 (KHTML, like Gecko) Chrome/73.0.3683.86 Safari/537.36 [] {"uid":"b363313"}
[2019-06-13 15:54:00] UTN FRA LOGGER.INFO: ip =::1 [] {"uid":"b363313"}
[2019-06-13 15:54:01] UTN FRA LOGGER.INFO: Datos  =Mozilla/5.0 (X11; Linux x86_64) AppleWebKit/537.36 (KHTML, like Gecko) Chrome/73.0.3683.86 Safari/537.36 [] {"uid":"a1ab03e"}
[2019-06-13 15:54:01] UTN FRA LOGGER.INFO: ip =::1 [] {"uid":"a1ab03e"}
[2019-06-13 15:54:01] UTN FRA LOGGER.INFO: Datos  =Mozilla/5.0 (X11; Linux x86_64) AppleWebKit/537.36 (KHTML, like Gecko) Chrome/73.0.3683.86 Safari/537.36 [] {"uid":"74bb1fc"}
[2019-06-13 15:54:01] UTN FRA LOGGER.INFO: ip =::1 [] {"uid":"74bb1fc"}
[2019-06-13 15:54:01] UTN FRA LOGGER.INFO: Datos  =Mozilla/5.0 (X11; Linux x86_64) AppleWebKit/537.36 (KHTML, like Gecko) Chrome/73.0.3683.86 Safari/537.36 [] {"uid":"e07b9d7"}
[2019-06-13 15:54:01] UTN FRA LOGGER.INFO: ip =::1 [] {"uid":"e07b9d7"}
[2019-06-13 15:54:01] UTN FRA LOGGER.INFO: Datos  =Mozilla/5.0 (X11; Linux x86_64) AppleWebKit/537.36 (KHTML, like Gecko) Chrome/73.0.3683.86 Safari/537.36 [] {"uid":"b3e7a0b"}
[2019-06-13 15:54:01] UTN FRA LOGGER.INFO: ip =::1 [] {"uid":"b3e7a0b"}
[2019-06-13 15:54:02] UTN FRA LOGGER.INFO: Datos  =Mozilla/5.0 (X11; Linux x86_64) AppleWebKit/537.36 (KHTML, like Gecko) Chrome/73.0.3683.86 Safari/537.36 [] {"uid":"e6fa77e"}
[2019-06-13 15:54:02] UTN FRA LOGGER.INFO: ip =::1 [] {"uid":"e6fa77e"}
[2019-06-13 15:54:02] UTN FRA LOGGER.INFO: Datos  =Mozilla/5.0 (X11; Linux x86_64) AppleWebKit/537.36 (KHTML, like Gecko) Chrome/73.0.3683.86 Safari/537.36 [] {"uid":"262fbd8"}
[2019-06-13 15:54:02] UTN FRA LOGGER.INFO: ip =::1 [] {"uid":"262fbd8"}
[2019-06-13 15:54:29] UTN FRA LOGGER.INFO: Datos  =Mozilla/5.0 (X11; Linux x86_64) AppleWebKit/537.36 (KHTML, like Gecko) Chrome/73.0.3683.86 Safari/537.36 [] {"uid":"69026c5"}
[2019-06-13 15:54:29] UTN FRA LOGGER.INFO: ip =::1 [] {"uid":"69026c5"}
[2019-06-13 15:54:53] UTN FRA LOGGER.INFO: Datos  =Mozilla/5.0 (X11; Linux x86_64) AppleWebKit/537.36 (KHTML, like Gecko) Chrome/73.0.3683.86 Safari/537.36 [] {"uid":"7f80bac"}
[2019-06-13 15:54:53] UTN FRA LOGGER.INFO: ip =::1 [] {"uid":"7f80bac"}
[2019-06-13 16:14:20] UTN FRA LOGGER.INFO: Datos  =PostmanRuntime/7.1.1 [] {"uid":"f37f107"}
[2019-06-13 16:14:20] UTN FRA LOGGER.INFO: ip =::1 [] {"uid":"f37f107"}
[2019-06-13 16:14:25] UTN FRA LOGGER.INFO: Datos  =PostmanRuntime/7.1.1 [] {"uid":"f86c548"}
[2019-06-13 16:14:25] UTN FRA LOGGER.INFO: ip =::1 [] {"uid":"f86c548"}
[2019-06-13 16:16:52] UTN FRA LOGGER.INFO: Datos  =PostmanRuntime/7.1.1 [] {"uid":"cfce916"}
[2019-06-13 16:16:52] UTN FRA LOGGER.INFO: ip =::1 [] {"uid":"cfce916"}
[2019-06-13 16:16:56] UTN FRA LOGGER.INFO: Datos  =PostmanRuntime/7.1.1 [] {"uid":"24b074c"}
[2019-06-13 16:16:56] UTN FRA LOGGER.INFO: ip =::1 [] {"uid":"24b074c"}
[2019-06-13 16:17:07] UTN FRA LOGGER.INFO: Datos  =PostmanRuntime/7.1.1 [] {"uid":"fecc8fc"}
[2019-06-13 16:17:07] UTN FRA LOGGER.INFO: ip =::1 [] {"uid":"fecc8fc"}
[2019-06-13 16:19:09] UTN FRA LOGGER.INFO: Datos  =Mozilla/5.0 (X11; Linux x86_64) AppleWebKit/537.36 (KHTML, like Gecko) Chrome/73.0.3683.86 Safari/537.36 [] {"uid":"e2193d4"}
[2019-06-13 16:19:09] UTN FRA LOGGER.INFO: ip =::1 [] {"uid":"e2193d4"}
[2019-06-13 16:19:58] UTN FRA LOGGER.INFO: Datos  =Mozilla/5.0 (X11; Linux x86_64) AppleWebKit/537.36 (KHTML, like Gecko) Chrome/73.0.3683.86 Safari/537.36 [] {"uid":"d83d781"}
[2019-06-13 16:19:58] UTN FRA LOGGER.INFO: ip =::1 [] {"uid":"d83d781"}
[2019-06-13 16:20:00] UTN FRA LOGGER.INFO: Datos  =Mozilla/5.0 (X11; Linux x86_64) AppleWebKit/537.36 (KHTML, like Gecko) Chrome/73.0.3683.86 Safari/537.36 [] {"uid":"89e32cc"}
[2019-06-13 16:20:00] UTN FRA LOGGER.INFO: ip =::1 [] {"uid":"89e32cc"}
[2019-06-13 16:20:32] UTN FRA LOGGER.INFO: Datos  =Mozilla/5.0 (X11; Linux x86_64) AppleWebKit/537.36 (KHTML, like Gecko) Chrome/73.0.3683.86 Safari/537.36 [] {"uid":"434586f"}
[2019-06-13 16:20:32] UTN FRA LOGGER.INFO: ip =::1 [] {"uid":"434586f"}
[2019-06-13 16:20:40] UTN FRA LOGGER.INFO: Datos  =PostmanRuntime/7.1.1 [] {"uid":"87cac8e"}
[2019-06-13 16:20:40] UTN FRA LOGGER.INFO: ip =::1 [] {"uid":"87cac8e"}
[2019-11-10 18:38:18] UTN FRA LOGGER.INFO: Datos  =PostmanRuntime/7.19.0 [] {"uid":"e673627"}
[2019-11-10 18:38:18] UTN FRA LOGGER.INFO: ip =::1 [] {"uid":"e673627"}
[2019-11-10 18:38:26] UTN FRA LOGGER.INFO: Datos  =PostmanRuntime/7.19.0 [] {"uid":"b747212"}
[2019-11-10 18:38:26] UTN FRA LOGGER.INFO: ip =::1 [] {"uid":"b747212"}
[2019-11-10 18:40:43] UTN FRA LOGGER.INFO: Datos  =PostmanRuntime/7.19.0 [] {"uid":"1fdd4c0"}
[2019-11-10 18:40:43] UTN FRA LOGGER.INFO: ip =::1 [] {"uid":"1fdd4c0"}
[2019-11-10 18:41:16] UTN FRA LOGGER.INFO: Datos  =PostmanRuntime/7.19.0 [] {"uid":"65ce179"}
[2019-11-10 18:41:16] UTN FRA LOGGER.INFO: ip =::1 [] {"uid":"65ce179"}
[2019-11-10 19:21:41] UTN FRA LOGGER.INFO: Datos  =PostmanRuntime/7.19.0 [] {"uid":"974f15a"}
[2019-11-10 19:21:41] UTN FRA LOGGER.INFO: ip =::1 [] {"uid":"974f15a"}
[2019-11-10 19:23:35] UTN FRA LOGGER.INFO: Datos  =PostmanRuntime/7.19.0 [] {"uid":"9bd4dfc"}
[2019-11-10 19:23:35] UTN FRA LOGGER.INFO: ip =::1 [] {"uid":"9bd4dfc"}
[2019-11-10 19:24:02] UTN FRA LOGGER.INFO: Datos  =PostmanRuntime/7.19.0 [] {"uid":"17a5186"}
[2019-11-10 19:24:02] UTN FRA LOGGER.INFO: ip =::1 [] {"uid":"17a5186"}
[2019-11-10 19:24:52] UTN FRA LOGGER.INFO: Datos  =PostmanRuntime/7.19.0 [] {"uid":"c57c1c7"}
[2019-11-10 19:24:52] UTN FRA LOGGER.INFO: ip =::1 [] {"uid":"c57c1c7"}
[2019-11-10 20:12:51] UTN FRA LOGGER.INFO: Datos  =PostmanRuntime/7.19.0 [] {"uid":"2c392a3"}
[2019-11-10 20:12:51] UTN FRA LOGGER.INFO: ip =::1 [] {"uid":"2c392a3"}
[2019-11-12 03:34:54] UTN FRA LOGGER.INFO: Datos  =PostmanRuntime/7.19.0 [] {"uid":"53b0b34"}
[2019-11-12 03:34:54] UTN FRA LOGGER.INFO: ip =::1 [] {"uid":"53b0b34"}
[2019-11-12 03:47:05] UTN FRA LOGGER.INFO: Datos  =PostmanRuntime/7.19.0 [] {"uid":"93e47e6"}
[2019-11-12 03:47:05] UTN FRA LOGGER.INFO: ip =::1 [] {"uid":"93e47e6"}
[2019-11-12 04:46:32] UTN FRA LOGGER.INFO: Datos  =PostmanRuntime/7.19.0 [] {"uid":"f690882"}
[2019-11-12 04:46:32] UTN FRA LOGGER.INFO: ip =::1 [] {"uid":"f690882"}
[2019-11-12 04:49:16] UTN FRA LOGGER.INFO: Datos  =PostmanRuntime/7.19.0 [] {"uid":"0403396"}
[2019-11-12 04:49:16] UTN FRA LOGGER.INFO: ip =::1 [] {"uid":"0403396"}
[2019-11-12 04:50:40] UTN FRA LOGGER.INFO: Datos  =PostmanRuntime/7.19.0 [] {"uid":"e26150d"}
[2019-11-12 04:50:40] UTN FRA LOGGER.INFO: ip =::1 [] {"uid":"e26150d"}
[2019-11-12 04:51:21] UTN FRA LOGGER.INFO: Datos  =PostmanRuntime/7.19.0 [] {"uid":"ab215b8"}
[2019-11-12 04:51:21] UTN FRA LOGGER.INFO: ip =::1 [] {"uid":"ab215b8"}
[2019-11-12 04:51:57] UTN FRA LOGGER.INFO: Datos  =PostmanRuntime/7.19.0 [] {"uid":"e9abb19"}
[2019-11-12 04:51:57] UTN FRA LOGGER.INFO: ip =::1 [] {"uid":"e9abb19"}
[2019-11-12 04:52:29] UTN FRA LOGGER.INFO: Datos  =PostmanRuntime/7.19.0 [] {"uid":"0c2a8d6"}
[2019-11-12 04:52:29] UTN FRA LOGGER.INFO: ip =::1 [] {"uid":"0c2a8d6"}
[2019-11-12 04:53:47] UTN FRA LOGGER.INFO: Datos  =PostmanRuntime/7.19.0 [] {"uid":"c9f91e5"}
[2019-11-12 04:53:47] UTN FRA LOGGER.INFO: ip =::1 [] {"uid":"c9f91e5"}
[2019-11-12 04:54:49] UTN FRA LOGGER.INFO: Datos  =PostmanRuntime/7.19.0 [] {"uid":"f547412"}
[2019-11-12 04:54:49] UTN FRA LOGGER.INFO: ip =::1 [] {"uid":"f547412"}
[2019-11-12 04:55:10] UTN FRA LOGGER.INFO: Datos  =PostmanRuntime/7.19.0 [] {"uid":"47c276e"}
[2019-11-12 04:55:10] UTN FRA LOGGER.INFO: ip =::1 [] {"uid":"47c276e"}
[2019-11-12 04:55:54] UTN FRA LOGGER.INFO: Datos  =PostmanRuntime/7.19.0 [] {"uid":"25e3dd6"}
[2019-11-12 04:55:54] UTN FRA LOGGER.INFO: ip =::1 [] {"uid":"25e3dd6"}
[2019-11-12 04:56:04] UTN FRA LOGGER.INFO: Datos  =PostmanRuntime/7.19.0 [] {"uid":"9e5a23c"}
[2019-11-12 04:56:04] UTN FRA LOGGER.INFO: ip =::1 [] {"uid":"9e5a23c"}
[2019-11-12 04:56:09] UTN FRA LOGGER.INFO: Datos  =PostmanRuntime/7.19.0 [] {"uid":"8e973a9"}
[2019-11-12 04:56:09] UTN FRA LOGGER.INFO: ip =::1 [] {"uid":"8e973a9"}
[2019-11-12 04:57:20] UTN FRA LOGGER.INFO: Datos  =PostmanRuntime/7.19.0 [] {"uid":"87bbe79"}
[2019-11-12 04:57:20] UTN FRA LOGGER.INFO: ip =::1 [] {"uid":"87bbe79"}
[2019-11-12 04:58:35] UTN FRA LOGGER.INFO: Datos  =PostmanRuntime/7.19.0 [] {"uid":"7dc4f95"}
[2019-11-12 04:58:35] UTN FRA LOGGER.INFO: ip =::1 [] {"uid":"7dc4f95"}
[2019-11-12 04:58:44] UTN FRA LOGGER.INFO: Datos  =PostmanRuntime/7.19.0 [] {"uid":"ac2959c"}
[2019-11-12 04:58:44] UTN FRA LOGGER.INFO: ip =::1 [] {"uid":"ac2959c"}
[2019-11-12 04:59:17] UTN FRA LOGGER.INFO: Datos  =PostmanRuntime/7.19.0 [] {"uid":"14e0582"}
[2019-11-12 04:59:17] UTN FRA LOGGER.INFO: ip =::1 [] {"uid":"14e0582"}
[2019-11-12 04:59:52] UTN FRA LOGGER.INFO: Datos  =PostmanRuntime/7.19.0 [] {"uid":"1b5994e"}
[2019-11-12 04:59:52] UTN FRA LOGGER.INFO: ip =::1 [] {"uid":"1b5994e"}
[2019-11-12 05:00:41] UTN FRA LOGGER.INFO: Datos  =PostmanRuntime/7.19.0 [] {"uid":"6877192"}
[2019-11-12 05:00:41] UTN FRA LOGGER.INFO: ip =::1 [] {"uid":"6877192"}
[2019-11-12 05:01:02] UTN FRA LOGGER.INFO: Datos  =PostmanRuntime/7.19.0 [] {"uid":"bff2218"}
[2019-11-12 05:01:02] UTN FRA LOGGER.INFO: ip =::1 [] {"uid":"bff2218"}
[2019-11-12 05:01:16] UTN FRA LOGGER.INFO: Datos  =PostmanRuntime/7.19.0 [] {"uid":"85c7e2d"}
[2019-11-12 05:01:16] UTN FRA LOGGER.INFO: ip =::1 [] {"uid":"85c7e2d"}
[2019-11-12 05:01:22] UTN FRA LOGGER.INFO: Datos  =PostmanRuntime/7.19.0 [] {"uid":"b0747a2"}
[2019-11-12 05:01:22] UTN FRA LOGGER.INFO: ip =::1 [] {"uid":"b0747a2"}
[2019-11-12 05:13:24] UTN FRA LOGGER.INFO: Datos  =PostmanRuntime/7.19.0 [] {"uid":"95ff209"}
[2019-11-12 05:13:24] UTN FRA LOGGER.INFO: ip =::1 [] {"uid":"95ff209"}
[2019-11-12 05:14:17] UTN FRA LOGGER.INFO: Datos  =PostmanRuntime/7.19.0 [] {"uid":"50c4b4b"}
[2019-11-12 05:14:17] UTN FRA LOGGER.INFO: ip =::1 [] {"uid":"50c4b4b"}
[2019-11-15 05:07:07] UTN FRA LOGGER.INFO: Datos  =PostmanRuntime/7.19.0 [] {"uid":"aac572f"}
[2019-11-15 05:07:07] UTN FRA LOGGER.INFO: ip =::1 [] {"uid":"aac572f"}
[2019-11-15 05:45:07] UTN FRA LOGGER.INFO: Datos  =PostmanRuntime/7.19.0 [] {"uid":"29cd4c9"}
[2019-11-15 05:45:07] UTN FRA LOGGER.INFO: ip =::1 [] {"uid":"29cd4c9"}
[2019-11-15 05:45:18] UTN FRA LOGGER.INFO: Datos  =PostmanRuntime/7.19.0 [] {"uid":"232c61f"}
[2019-11-15 05:45:18] UTN FRA LOGGER.INFO: ip =::1 [] {"uid":"232c61f"}
[2019-11-15 05:45:24] UTN FRA LOGGER.INFO: Datos  =PostmanRuntime/7.19.0 [] {"uid":"be87560"}
[2019-11-15 05:45:24] UTN FRA LOGGER.INFO: ip =::1 [] {"uid":"be87560"}
[2019-11-15 05:45:54] UTN FRA LOGGER.INFO: Datos  =PostmanRuntime/7.19.0 [] {"uid":"eef7873"}
[2019-11-15 05:45:54] UTN FRA LOGGER.INFO: ip =::1 [] {"uid":"eef7873"}
[2019-11-15 05:50:01] UTN FRA LOGGER.INFO: Datos  =PostmanRuntime/7.19.0 [] {"uid":"521013f"}
[2019-11-15 05:50:01] UTN FRA LOGGER.INFO: ip =::1 [] {"uid":"521013f"}
[2019-11-15 05:50:05] UTN FRA LOGGER.INFO: Datos  =PostmanRuntime/7.19.0 [] {"uid":"305ebb3"}
[2019-11-15 05:50:05] UTN FRA LOGGER.INFO: ip =::1 [] {"uid":"305ebb3"}
[2019-11-15 05:50:34] UTN FRA LOGGER.INFO: Datos  =PostmanRuntime/7.19.0 [] {"uid":"5eb841e"}
[2019-11-15 05:50:34] UTN FRA LOGGER.INFO: ip =::1 [] {"uid":"5eb841e"}
[2019-11-15 05:50:39] UTN FRA LOGGER.INFO: Datos  =PostmanRuntime/7.19.0 [] {"uid":"21b1eb9"}
[2019-11-15 05:50:39] UTN FRA LOGGER.INFO: ip =::1 [] {"uid":"21b1eb9"}
[2019-11-15 05:50:51] UTN FRA LOGGER.INFO: Datos  =PostmanRuntime/7.19.0 [] {"uid":"da2ecc8"}
[2019-11-15 05:50:51] UTN FRA LOGGER.INFO: ip =::1 [] {"uid":"da2ecc8"}
[2019-11-15 05:50:57] UTN FRA LOGGER.INFO: Datos  =PostmanRuntime/7.19.0 [] {"uid":"54c73ac"}
[2019-11-15 05:50:57] UTN FRA LOGGER.INFO: ip =::1 [] {"uid":"54c73ac"}
[2019-11-15 05:52:11] UTN FRA LOGGER.INFO: Datos  =PostmanRuntime/7.19.0 [] {"uid":"09423f9"}
[2019-11-15 05:52:11] UTN FRA LOGGER.INFO: ip =::1 [] {"uid":"09423f9"}
[2019-11-15 05:54:59] UTN FRA LOGGER.INFO: Datos  =PostmanRuntime/7.19.0 [] {"uid":"7d845e1"}
[2019-11-15 05:54:59] UTN FRA LOGGER.INFO: ip =::1 [] {"uid":"7d845e1"}
[2019-11-15 05:56:49] UTN FRA LOGGER.INFO: Datos  =PostmanRuntime/7.19.0 [] {"uid":"1c7c6e8"}
[2019-11-15 05:56:49] UTN FRA LOGGER.INFO: ip =::1 [] {"uid":"1c7c6e8"}
[2019-11-15 05:58:38] UTN FRA LOGGER.INFO: Datos  =PostmanRuntime/7.19.0 [] {"uid":"172f7ca"}
[2019-11-15 05:58:38] UTN FRA LOGGER.INFO: ip =::1 [] {"uid":"172f7ca"}
[2019-11-15 05:58:51] UTN FRA LOGGER.INFO: Datos  =PostmanRuntime/7.19.0 [] {"uid":"6195ec8"}
[2019-11-15 05:58:51] UTN FRA LOGGER.INFO: ip =::1 [] {"uid":"6195ec8"}
[2019-11-15 05:59:10] UTN FRA LOGGER.INFO: Datos  =PostmanRuntime/7.19.0 [] {"uid":"3bb8438"}
[2019-11-15 05:59:10] UTN FRA LOGGER.INFO: ip =::1 [] {"uid":"3bb8438"}
[2019-11-15 05:59:27] UTN FRA LOGGER.INFO: Datos  =PostmanRuntime/7.19.0 [] {"uid":"1723498"}
[2019-11-15 05:59:27] UTN FRA LOGGER.INFO: ip =::1 [] {"uid":"1723498"}
[2019-11-15 06:10:43] UTN FRA LOGGER.INFO: Datos  =PostmanRuntime/7.19.0 [] {"uid":"e670ea5"}
[2019-11-15 06:10:43] UTN FRA LOGGER.INFO: ip =::1 [] {"uid":"e670ea5"}
[2019-11-15 06:11:15] UTN FRA LOGGER.INFO: Datos  =PostmanRuntime/7.19.0 [] {"uid":"3b4c87b"}
[2019-11-15 06:11:15] UTN FRA LOGGER.INFO: ip =::1 [] {"uid":"3b4c87b"}
[2019-11-15 06:11:53] UTN FRA LOGGER.INFO: Datos  =PostmanRuntime/7.19.0 [] {"uid":"37c8ce3"}
[2019-11-15 06:11:53] UTN FRA LOGGER.INFO: ip =::1 [] {"uid":"37c8ce3"}
[2019-11-15 06:12:20] UTN FRA LOGGER.INFO: Datos  =PostmanRuntime/7.19.0 [] {"uid":"94be322"}
[2019-11-15 06:12:20] UTN FRA LOGGER.INFO: ip =::1 [] {"uid":"94be322"}
[2019-12-01 04:08:25] UTN FRA LOGGER.INFO: Datos  =PostmanRuntime/7.20.1 [] {"uid":"2e94467"}
[2019-12-01 04:08:25] UTN FRA LOGGER.INFO: ip =::1 [] {"uid":"2e94467"}
[2019-12-01 04:09:37] UTN FRA LOGGER.INFO: Datos  =PostmanRuntime/7.20.1 [] {"uid":"e5744e2"}
[2019-12-01 04:09:37] UTN FRA LOGGER.INFO: ip =::1 [] {"uid":"e5744e2"}
[2019-12-01 04:11:29] UTN FRA LOGGER.INFO: Datos  =PostmanRuntime/7.20.1 [] {"uid":"5c77f1b"}
[2019-12-01 04:11:29] UTN FRA LOGGER.INFO: ip =::1 [] {"uid":"5c77f1b"}
[2019-12-01 04:12:02] UTN FRA LOGGER.INFO: Datos  =PostmanRuntime/7.20.1 [] {"uid":"c6f93f0"}
[2019-12-01 04:12:02] UTN FRA LOGGER.INFO: ip =::1 [] {"uid":"c6f93f0"}
[2019-12-01 04:13:08] UTN FRA LOGGER.INFO: Datos  =PostmanRuntime/7.20.1 [] {"uid":"6563c2e"}
[2019-12-01 04:13:08] UTN FRA LOGGER.INFO: ip =::1 [] {"uid":"6563c2e"}
[2019-12-01 04:14:00] UTN FRA LOGGER.INFO: Datos  =PostmanRuntime/7.20.1 [] {"uid":"dc772cf"}
[2019-12-01 04:14:00] UTN FRA LOGGER.INFO: ip =::1 [] {"uid":"dc772cf"}
[2019-12-01 04:14:03] UTN FRA LOGGER.INFO: Datos  =PostmanRuntime/7.20.1 [] {"uid":"d4f7faa"}
[2019-12-01 04:14:03] UTN FRA LOGGER.INFO: ip =::1 [] {"uid":"d4f7faa"}
[2019-12-01 04:14:13] UTN FRA LOGGER.INFO: Datos  =PostmanRuntime/7.20.1 [] {"uid":"7f0941b"}
[2019-12-01 04:14:13] UTN FRA LOGGER.INFO: ip =::1 [] {"uid":"7f0941b"}
[2019-12-01 04:14:51] UTN FRA LOGGER.INFO: Datos  =PostmanRuntime/7.20.1 [] {"uid":"23f7cdf"}
[2019-12-01 04:14:51] UTN FRA LOGGER.INFO: ip =::1 [] {"uid":"23f7cdf"}
[2019-12-01 04:15:47] UTN FRA LOGGER.INFO: Datos  =PostmanRuntime/7.20.1 [] {"uid":"d31eec6"}
[2019-12-01 04:15:47] UTN FRA LOGGER.INFO: ip =::1 [] {"uid":"d31eec6"}
[2019-12-01 04:15:55] UTN FRA LOGGER.INFO: Datos  =PostmanRuntime/7.20.1 [] {"uid":"59864c7"}
[2019-12-01 04:15:55] UTN FRA LOGGER.INFO: ip =::1 [] {"uid":"59864c7"}
[2019-12-01 04:16:15] UTN FRA LOGGER.INFO: Datos  =PostmanRuntime/7.20.1 [] {"uid":"2383fc0"}
[2019-12-01 04:16:15] UTN FRA LOGGER.INFO: ip =::1 [] {"uid":"2383fc0"}
[2019-12-01 04:16:24] UTN FRA LOGGER.INFO: Datos  =PostmanRuntime/7.20.1 [] {"uid":"246bac4"}
[2019-12-01 04:16:24] UTN FRA LOGGER.INFO: ip =::1 [] {"uid":"246bac4"}
[2019-12-01 04:17:37] UTN FRA LOGGER.INFO: Datos  =PostmanRuntime/7.20.1 [] {"uid":"3ec50b9"}
[2019-12-01 04:17:37] UTN FRA LOGGER.INFO: ip =::1 [] {"uid":"3ec50b9"}
[2019-12-01 04:17:42] UTN FRA LOGGER.INFO: Datos  =PostmanRuntime/7.20.1 [] {"uid":"3df4024"}
[2019-12-01 04:17:42] UTN FRA LOGGER.INFO: ip =::1 [] {"uid":"3df4024"}
[2019-12-01 04:18:43] UTN FRA LOGGER.INFO: Datos  =PostmanRuntime/7.20.1 [] {"uid":"b18a9e6"}
[2019-12-01 04:18:43] UTN FRA LOGGER.INFO: ip =::1 [] {"uid":"b18a9e6"}
[2019-12-01 04:19:52] UTN FRA LOGGER.INFO: Datos  =PostmanRuntime/7.20.1 [] {"uid":"d411f20"}
[2019-12-01 04:19:52] UTN FRA LOGGER.INFO: ip =::1 [] {"uid":"d411f20"}
[2019-12-01 04:20:17] UTN FRA LOGGER.INFO: Datos  =PostmanRuntime/7.20.1 [] {"uid":"fd446ae"}
[2019-12-01 04:20:17] UTN FRA LOGGER.INFO: ip =::1 [] {"uid":"fd446ae"}
[2019-12-01 04:20:31] UTN FRA LOGGER.INFO: Datos  =PostmanRuntime/7.20.1 [] {"uid":"f36c26d"}
[2019-12-01 04:20:31] UTN FRA LOGGER.INFO: ip =::1 [] {"uid":"f36c26d"}
[2019-12-01 04:27:58] UTN FRA LOGGER.INFO: Datos  =PostmanRuntime/7.20.1 [] {"uid":"4b244be"}
[2019-12-01 04:27:58] UTN FRA LOGGER.INFO: ip =::1 [] {"uid":"4b244be"}
[2019-12-01 04:30:11] UTN FRA LOGGER.INFO: Datos  =PostmanRuntime/7.20.1 [] {"uid":"fbfbec9"}
[2019-12-01 04:30:11] UTN FRA LOGGER.INFO: ip =::1 [] {"uid":"fbfbec9"}
[2019-12-01 04:30:44] UTN FRA LOGGER.INFO: Datos  =PostmanRuntime/7.20.1 [] {"uid":"b531d7a"}
[2019-12-01 04:30:44] UTN FRA LOGGER.INFO: ip =::1 [] {"uid":"b531d7a"}
[2019-12-01 04:31:11] UTN FRA LOGGER.INFO: Datos  =PostmanRuntime/7.20.1 [] {"uid":"e9cc2f9"}
[2019-12-01 04:31:11] UTN FRA LOGGER.INFO: ip =::1 [] {"uid":"e9cc2f9"}
[2019-12-01 04:32:39] UTN FRA LOGGER.INFO: Datos  =PostmanRuntime/7.20.1 [] {"uid":"2826cb2"}
[2019-12-01 04:32:39] UTN FRA LOGGER.INFO: ip =::1 [] {"uid":"2826cb2"}
[2019-12-01 04:33:00] UTN FRA LOGGER.INFO: Datos  =PostmanRuntime/7.20.1 [] {"uid":"4fee1aa"}
[2019-12-01 04:33:00] UTN FRA LOGGER.INFO: ip =::1 [] {"uid":"4fee1aa"}
[2019-12-01 04:38:47] UTN FRA LOGGER.INFO: Datos  =PostmanRuntime/7.20.1 [] {"uid":"a6cfbc0"}
[2019-12-01 04:38:47] UTN FRA LOGGER.INFO: ip =::1 [] {"uid":"a6cfbc0"}
[2019-12-01 04:42:18] UTN FRA LOGGER.INFO: Datos  =PostmanRuntime/7.20.1 [] {"uid":"9a26a32"}
[2019-12-01 04:42:18] UTN FRA LOGGER.INFO: ip =::1 [] {"uid":"9a26a32"}
[2019-12-01 04:43:42] UTN FRA LOGGER.INFO: Datos  =PostmanRuntime/7.20.1 [] {"uid":"c46949c"}
[2019-12-01 04:43:42] UTN FRA LOGGER.INFO: ip =::1 [] {"uid":"c46949c"}
[2019-12-01 04:44:35] UTN FRA LOGGER.INFO: Datos  =PostmanRuntime/7.20.1 [] {"uid":"257d8ae"}
[2019-12-01 04:44:35] UTN FRA LOGGER.INFO: ip =::1 [] {"uid":"257d8ae"}
[2019-12-01 04:45:24] UTN FRA LOGGER.INFO: Datos  =PostmanRuntime/7.20.1 [] {"uid":"a1091bd"}
[2019-12-01 04:45:24] UTN FRA LOGGER.INFO: ip =::1 [] {"uid":"a1091bd"}
[2019-12-01 04:46:24] UTN FRA LOGGER.INFO: Datos  =PostmanRuntime/7.20.1 [] {"uid":"4f59967"}
[2019-12-01 04:46:24] UTN FRA LOGGER.INFO: ip =::1 [] {"uid":"4f59967"}
[2019-12-01 04:48:25] UTN FRA LOGGER.INFO: Datos  =PostmanRuntime/7.20.1 [] {"uid":"32044d1"}
[2019-12-01 04:48:25] UTN FRA LOGGER.INFO: ip =::1 [] {"uid":"32044d1"}
[2019-12-01 04:49:02] UTN FRA LOGGER.INFO: Datos  =PostmanRuntime/7.20.1 [] {"uid":"1b91557"}
[2019-12-01 04:49:02] UTN FRA LOGGER.INFO: ip =::1 [] {"uid":"1b91557"}
[2019-12-01 04:50:18] UTN FRA LOGGER.INFO: Datos  =PostmanRuntime/7.20.1 [] {"uid":"3f59ff8"}
[2019-12-01 04:50:18] UTN FRA LOGGER.INFO: ip =::1 [] {"uid":"3f59ff8"}
[2019-12-01 04:51:07] UTN FRA LOGGER.INFO: Datos  =PostmanRuntime/7.20.1 [] {"uid":"9e3fa40"}
[2019-12-01 04:51:07] UTN FRA LOGGER.INFO: ip =::1 [] {"uid":"9e3fa40"}
[2019-12-01 04:51:36] UTN FRA LOGGER.INFO: Datos  =PostmanRuntime/7.20.1 [] {"uid":"311e8fa"}
[2019-12-01 04:51:36] UTN FRA LOGGER.INFO: ip =::1 [] {"uid":"311e8fa"}
[2019-12-01 04:53:28] UTN FRA LOGGER.INFO: Datos  =PostmanRuntime/7.20.1 [] {"uid":"4df91cd"}
[2019-12-01 04:53:28] UTN FRA LOGGER.INFO: ip =::1 [] {"uid":"4df91cd"}
[2019-12-01 04:53:42] UTN FRA LOGGER.INFO: Datos  =PostmanRuntime/7.20.1 [] {"uid":"a434358"}
[2019-12-01 04:53:42] UTN FRA LOGGER.INFO: ip =::1 [] {"uid":"a434358"}
[2019-12-01 04:54:04] UTN FRA LOGGER.INFO: Datos  =PostmanRuntime/7.20.1 [] {"uid":"f75c02b"}
[2019-12-01 04:54:04] UTN FRA LOGGER.INFO: ip =::1 [] {"uid":"f75c02b"}
[2019-12-01 04:54:09] UTN FRA LOGGER.INFO: Datos  =PostmanRuntime/7.20.1 [] {"uid":"7380351"}
[2019-12-01 04:54:09] UTN FRA LOGGER.INFO: ip =::1 [] {"uid":"7380351"}
[2019-12-01 04:54:26] UTN FRA LOGGER.INFO: Datos  =PostmanRuntime/7.20.1 [] {"uid":"0f819e8"}
[2019-12-01 04:54:26] UTN FRA LOGGER.INFO: ip =::1 [] {"uid":"0f819e8"}
[2019-12-01 04:54:45] UTN FRA LOGGER.INFO: Datos  =PostmanRuntime/7.20.1 [] {"uid":"90778df"}
[2019-12-01 04:54:45] UTN FRA LOGGER.INFO: ip =::1 [] {"uid":"90778df"}
[2019-12-01 04:54:57] UTN FRA LOGGER.INFO: Datos  =PostmanRuntime/7.20.1 [] {"uid":"625a44d"}
[2019-12-01 04:54:57] UTN FRA LOGGER.INFO: ip =::1 [] {"uid":"625a44d"}
[2019-12-01 04:55:10] UTN FRA LOGGER.INFO: Datos  =PostmanRuntime/7.20.1 [] {"uid":"4691fe3"}
[2019-12-01 04:55:10] UTN FRA LOGGER.INFO: ip =::1 [] {"uid":"4691fe3"}
[2019-12-01 04:55:31] UTN FRA LOGGER.INFO: Datos  =PostmanRuntime/7.20.1 [] {"uid":"2ff80b6"}
[2019-12-01 04:55:31] UTN FRA LOGGER.INFO: ip =::1 [] {"uid":"2ff80b6"}
[2019-12-01 04:58:40] UTN FRA LOGGER.INFO: Datos  =PostmanRuntime/7.20.1 [] {"uid":"7c0793b"}
[2019-12-01 04:58:40] UTN FRA LOGGER.INFO: ip =::1 [] {"uid":"7c0793b"}
[2019-12-01 04:58:57] UTN FRA LOGGER.INFO: Datos  =PostmanRuntime/7.20.1 [] {"uid":"cfca7b8"}
[2019-12-01 04:58:57] UTN FRA LOGGER.INFO: ip =::1 [] {"uid":"cfca7b8"}
[2019-12-01 04:59:09] UTN FRA LOGGER.INFO: Datos  =PostmanRuntime/7.20.1 [] {"uid":"26cf19b"}
[2019-12-01 04:59:09] UTN FRA LOGGER.INFO: ip =::1 [] {"uid":"26cf19b"}
[2019-12-01 05:07:55] UTN FRA LOGGER.INFO: Datos  =PostmanRuntime/7.20.1 [] {"uid":"65c3403"}
[2019-12-01 05:07:55] UTN FRA LOGGER.INFO: ip =::1 [] {"uid":"65c3403"}
[2019-12-01 05:08:07] UTN FRA LOGGER.INFO: Datos  =PostmanRuntime/7.20.1 [] {"uid":"560214c"}
[2019-12-01 05:08:07] UTN FRA LOGGER.INFO: ip =::1 [] {"uid":"560214c"}
[2019-12-01 05:08:19] UTN FRA LOGGER.INFO: Datos  =PostmanRuntime/7.20.1 [] {"uid":"c6e3b0a"}
[2019-12-01 05:08:19] UTN FRA LOGGER.INFO: ip =::1 [] {"uid":"c6e3b0a"}
[2019-12-01 05:10:26] UTN FRA LOGGER.INFO: Datos  =PostmanRuntime/7.20.1 [] {"uid":"1ba5f99"}
[2019-12-01 05:10:26] UTN FRA LOGGER.INFO: ip =::1 [] {"uid":"1ba5f99"}
[2019-12-01 05:10:32] UTN FRA LOGGER.INFO: Datos  =PostmanRuntime/7.20.1 [] {"uid":"8b67d39"}
[2019-12-01 05:10:32] UTN FRA LOGGER.INFO: ip =::1 [] {"uid":"8b67d39"}
[2019-12-01 05:12:50] UTN FRA LOGGER.INFO: Datos  =PostmanRuntime/7.20.1 [] {"uid":"1030842"}
[2019-12-01 05:12:50] UTN FRA LOGGER.INFO: ip =::1 [] {"uid":"1030842"}
[2019-12-01 05:13:07] UTN FRA LOGGER.INFO: Datos  =PostmanRuntime/7.20.1 [] {"uid":"ba6b6f2"}
[2019-12-01 05:13:07] UTN FRA LOGGER.INFO: ip =::1 [] {"uid":"ba6b6f2"}
[2019-12-01 05:14:41] UTN FRA LOGGER.INFO: Datos  =PostmanRuntime/7.20.1 [] {"uid":"0d84f84"}
[2019-12-01 05:14:41] UTN FRA LOGGER.INFO: ip =::1 [] {"uid":"0d84f84"}
[2019-12-01 05:14:58] UTN FRA LOGGER.INFO: Datos  =PostmanRuntime/7.20.1 [] {"uid":"b717555"}
[2019-12-01 05:14:58] UTN FRA LOGGER.INFO: ip =::1 [] {"uid":"b717555"}
[2019-12-01 05:15:05] UTN FRA LOGGER.INFO: Datos  =PostmanRuntime/7.20.1 [] {"uid":"7a3b00a"}
[2019-12-01 05:15:05] UTN FRA LOGGER.INFO: ip =::1 [] {"uid":"7a3b00a"}
[2019-12-01 05:21:50] UTN FRA LOGGER.INFO: Datos  =PostmanRuntime/7.20.1 [] {"uid":"884cef3"}
[2019-12-01 05:21:50] UTN FRA LOGGER.INFO: ip =::1 [] {"uid":"884cef3"}
[2019-12-01 05:22:27] UTN FRA LOGGER.INFO: Datos  =PostmanRuntime/7.20.1 [] {"uid":"e24ab07"}
[2019-12-01 05:22:27] UTN FRA LOGGER.INFO: ip =::1 [] {"uid":"e24ab07"}
[2019-12-01 05:22:56] UTN FRA LOGGER.INFO: Datos  =PostmanRuntime/7.20.1 [] {"uid":"cdf3723"}
[2019-12-01 05:22:56] UTN FRA LOGGER.INFO: ip =::1 [] {"uid":"cdf3723"}
[2019-12-01 05:23:02] UTN FRA LOGGER.INFO: Datos  =PostmanRuntime/7.20.1 [] {"uid":"0f2ba48"}
[2019-12-01 05:23:02] UTN FRA LOGGER.INFO: ip =::1 [] {"uid":"0f2ba48"}
[2019-12-01 05:23:53] UTN FRA LOGGER.INFO: Datos  =PostmanRuntime/7.20.1 [] {"uid":"639f8fc"}
[2019-12-01 05:23:53] UTN FRA LOGGER.INFO: ip =::1 [] {"uid":"639f8fc"}
[2019-12-01 05:24:32] UTN FRA LOGGER.INFO: Datos  =PostmanRuntime/7.20.1 [] {"uid":"f69fa96"}
[2019-12-01 05:24:32] UTN FRA LOGGER.INFO: ip =::1 [] {"uid":"f69fa96"}
[2019-12-01 05:24:59] UTN FRA LOGGER.INFO: Datos  =PostmanRuntime/7.20.1 [] {"uid":"5bb67e1"}
[2019-12-01 05:24:59] UTN FRA LOGGER.INFO: ip =::1 [] {"uid":"5bb67e1"}
[2019-12-01 05:25:24] UTN FRA LOGGER.INFO: Datos  =PostmanRuntime/7.20.1 [] {"uid":"d53d63d"}
[2019-12-01 05:25:24] UTN FRA LOGGER.INFO: ip =::1 [] {"uid":"d53d63d"}
[2019-12-01 05:26:44] UTN FRA LOGGER.INFO: Datos  =PostmanRuntime/7.20.1 [] {"uid":"b46f463"}
[2019-12-01 05:26:44] UTN FRA LOGGER.INFO: ip =::1 [] {"uid":"b46f463"}
